<?xml version="1.0" encoding="UTF-8"?>
<coverage generated="1670517341680" clover="3.2.0">
  <project timestamp="1670517341680" name="All files">
    <metrics statements="359" coveredstatements="255" conditionals="94" coveredconditionals="36" methods="80" coveredmethods="45" elements="533" coveredelements="336" complexity="0" loc="359" ncloc="359" packages="4" files="7" classes="7"/>
    <package name="src">
      <metrics statements="47" coveredstatements="5" conditionals="14" coveredconditionals="0" methods="11" coveredmethods="0"/>
      <file name="App.svelte" path="/Users/chetheaker/Documents/Coding/projects/v1/src/App.svelte">
        <metrics statements="47" coveredstatements="5" conditionals="14" coveredconditionals="0" methods="11" coveredmethods="0"/>
        <line num="4" count="1" type="stmt"/>
        <line num="5" count="1" type="stmt"/>
        <line num="6" count="1" type="stmt"/>
        <line num="7" count="1" type="stmt"/>
        <line num="17" count="0" type="stmt"/>
        <line num="18" count="0" type="stmt"/>
        <line num="20" count="0" type="stmt"/>
        <line num="22" count="0" type="stmt"/>
        <line num="23" count="0" type="stmt"/>
        <line num="24" count="0" type="stmt"/>
        <line num="25" count="0" type="stmt"/>
        <line num="26" count="0" type="stmt"/>
        <line num="27" count="0" type="cond" truecount="0" falsecount="2"/>
        <line num="28" count="0" type="stmt"/>
        <line num="29" count="0" type="stmt"/>
        <line num="32" count="0" type="stmt"/>
        <line num="35" count="0" type="stmt"/>
        <line num="36" count="0" type="stmt"/>
        <line num="37" count="0" type="stmt"/>
        <line num="38" count="0" type="stmt"/>
        <line num="39" count="0" type="stmt"/>
        <line num="40" count="0" type="stmt"/>
        <line num="44" count="0" type="cond" truecount="0" falsecount="2"/>
        <line num="45" count="0" type="stmt"/>
        <line num="46" count="0" type="stmt"/>
        <line num="47" count="0" type="stmt"/>
        <line num="50" count="0" type="stmt"/>
        <line num="51" count="0" type="stmt"/>
        <line num="52" count="0" type="stmt"/>
        <line num="55" count="0" type="stmt"/>
        <line num="56" count="0" type="cond" truecount="0" falsecount="2"/>
        <line num="57" count="0" type="stmt"/>
        <line num="58" count="0" type="cond" truecount="0" falsecount="2"/>
        <line num="59" count="0" type="stmt"/>
        <line num="63" count="0" type="stmt"/>
        <line num="71" count="0" type="stmt"/>
        <line num="75" count="0" type="cond" truecount="0" falsecount="1"/>
        <line num="76" count="0" type="stmt"/>
        <line num="77" count="0" type="stmt"/>
        <line num="79" count="0" type="stmt"/>
        <line num="80" count="0" type="cond" truecount="0" falsecount="5"/>
        <line num="83" count="0" type="stmt"/>
        <line num="84" count="0" type="stmt"/>
        <line num="89" count="0" type="stmt"/>
        <line num="90" count="0" type="stmt"/>
        <line num="92" count="0" type="stmt"/>
        <line num="101" count="1" type="stmt"/>
      </file>
    </package>
    <package name="src.components">
      <metrics statements="40" coveredstatements="3" conditionals="8" coveredconditionals="0" methods="9" coveredmethods="0"/>
      <file name="Nav.svelte" path="/Users/chetheaker/Documents/Coding/projects/v1/src/components/Nav.svelte">
        <metrics statements="40" coveredstatements="3" conditionals="8" coveredconditionals="0" methods="9" coveredmethods="0"/>
        <line num="4" count="1" type="stmt"/>
        <line num="5" count="1" type="stmt"/>
        <line num="8" count="0" type="stmt"/>
        <line num="19" count="0" type="stmt"/>
        <line num="21" count="0" type="stmt"/>
        <line num="22" count="0" type="stmt"/>
        <line num="23" count="0" type="stmt"/>
        <line num="24" count="0" type="stmt"/>
        <line num="25" count="0" type="stmt"/>
        <line num="26" count="0" type="stmt"/>
        <line num="27" count="0" type="stmt"/>
        <line num="28" count="0" type="stmt"/>
        <line num="29" count="0" type="stmt"/>
        <line num="30" count="0" type="stmt"/>
        <line num="31" count="0" type="stmt"/>
        <line num="32" count="0" type="stmt"/>
        <line num="33" count="0" type="stmt"/>
        <line num="34" count="0" type="stmt"/>
        <line num="35" count="0" type="stmt"/>
        <line num="36" count="0" type="stmt"/>
        <line num="39" count="0" type="stmt"/>
        <line num="42" count="0" type="stmt"/>
        <line num="43" count="0" type="stmt"/>
        <line num="44" count="0" type="stmt"/>
        <line num="45" count="0" type="stmt"/>
        <line num="46" count="0" type="stmt"/>
        <line num="47" count="0" type="stmt"/>
        <line num="53" count="0" type="cond" truecount="0" falsecount="2"/>
        <line num="57" count="0" type="stmt"/>
        <line num="65" count="0" type="stmt"/>
        <line num="69" count="0" type="cond" truecount="0" falsecount="1"/>
        <line num="70" count="0" type="stmt"/>
        <line num="71" count="0" type="stmt"/>
        <line num="73" count="0" type="stmt"/>
        <line num="74" count="0" type="cond" truecount="0" falsecount="5"/>
        <line num="77" count="0" type="stmt"/>
        <line num="82" count="0" type="stmt"/>
        <line num="83" count="0" type="stmt"/>
        <line num="85" count="0" type="stmt"/>
        <line num="94" count="1" type="stmt"/>
      </file>
    </package>
    <package name="src.components.Terminal">
      <metrics statements="270" coveredstatements="245" conditionals="72" coveredconditionals="36" methods="60" coveredmethods="45"/>
      <file name="Terminal.svelte" path="/Users/chetheaker/Documents/Coding/projects/v1/src/components/Terminal/Terminal.svelte">
        <metrics statements="57" coveredstatements="46" conditionals="10" coveredconditionals="2" methods="12" coveredmethods="7"/>
        <line num="4" count="1" type="stmt"/>
        <line num="5" count="1" type="stmt"/>
        <line num="6" count="1" type="stmt"/>
        <line num="7" count="1" type="stmt"/>
        <line num="8" count="1" type="stmt"/>
        <line num="9" count="1" type="stmt"/>
        <line num="12" count="4" type="stmt"/>
        <line num="24" count="4" type="stmt"/>
        <line num="25" count="4" type="stmt"/>
        <line num="26" count="4" type="stmt"/>
        <line num="28" count="4" type="stmt"/>
        <line num="30" count="4" type="stmt"/>
        <line num="31" count="4" type="stmt"/>
        <line num="32" count="4" type="stmt"/>
        <line num="33" count="4" type="stmt"/>
        <line num="34" count="4" type="stmt"/>
        <line num="35" count="4" type="stmt"/>
        <line num="36" count="4" type="stmt"/>
        <line num="37" count="4" type="stmt"/>
        <line num="38" count="4" type="stmt"/>
        <line num="39" count="4" type="stmt"/>
        <line num="40" count="4" type="stmt"/>
        <line num="43" count="0" type="stmt"/>
        <line num="46" count="4" type="stmt"/>
        <line num="47" count="4" type="stmt"/>
        <line num="48" count="4" type="stmt"/>
        <line num="49" count="4" type="stmt"/>
        <line num="50" count="4" type="stmt"/>
        <line num="51" count="4" type="stmt"/>
        <line num="52" count="4" type="stmt"/>
        <line num="53" count="4" type="stmt"/>
        <line num="57" count="0" type="cond" truecount="0" falsecount="2"/>
        <line num="58" count="0" type="stmt"/>
        <line num="59" count="0" type="stmt"/>
        <line num="60" count="0" type="stmt"/>
        <line num="61" count="0" type="stmt"/>
        <line num="64" count="0" type="stmt"/>
        <line num="65" count="0" type="stmt"/>
        <line num="66" count="0" type="stmt"/>
        <line num="67" count="0" type="stmt"/>
        <line num="70" count="4" type="cond" truecount="1" falsecount="1"/>
        <line num="71" count="4" type="stmt"/>
        <line num="72" count="4" type="stmt"/>
        <line num="73" count="4" type="stmt"/>
        <line num="77" count="4" type="stmt"/>
        <line num="85" count="4" type="stmt"/>
        <line num="89" count="4" type="cond" truecount="1" falsecount="0"/>
        <line num="90" count="4" type="stmt"/>
        <line num="91" count="4" type="stmt"/>
        <line num="93" count="4" type="stmt"/>
        <line num="94" count="0" type="cond" truecount="0" falsecount="5"/>
        <line num="97" count="4" type="stmt"/>
        <line num="104" count="4" type="stmt"/>
        <line num="109" count="4" type="stmt"/>
        <line num="110" count="4" type="stmt"/>
        <line num="112" count="4" type="stmt"/>
        <line num="121" count="1" type="stmt"/>
      </file>
      <file name="TerminalContainer.svelte" path="/Users/chetheaker/Documents/Coding/projects/v1/src/components/Terminal/TerminalContainer.svelte">
        <metrics statements="91" coveredstatements="83" conditionals="34" coveredconditionals="22" methods="22" coveredmethods="19"/>
        <line num="4" count="1" type="stmt"/>
        <line num="5" count="1" type="stmt"/>
        <line num="6" count="1" type="stmt"/>
        <line num="9" count="4" type="stmt"/>
        <line num="13" count="24" type="stmt"/>
        <line num="14" count="24" type="stmt"/>
        <line num="15" count="24" type="stmt"/>
        <line num="22" count="9" type="stmt"/>
        <line num="24" count="9" type="stmt"/>
        <line num="25" count="9" type="stmt"/>
        <line num="26" count="9" type="stmt"/>
        <line num="29" count="9" type="stmt"/>
        <line num="32" count="9" type="cond" truecount="1" falsecount="1"/>
        <line num="36" count="9" type="stmt"/>
        <line num="44" count="9" type="stmt"/>
        <line num="52" count="18" type="stmt"/>
        <line num="55" count="18" type="cond" truecount="2" falsecount="0"/>
        <line num="57" count="18" type="stmt"/>
        <line num="59" count="18" type="stmt"/>
        <line num="60" count="18" type="cond" truecount="2" falsecount="0"/>
        <line num="61" count="18" type="stmt"/>
        <line num="62" count="18" type="stmt"/>
        <line num="63" count="18" type="stmt"/>
        <line num="64" count="18" type="stmt"/>
        <line num="65" count="18" type="stmt"/>
        <line num="66" count="18" type="stmt"/>
        <line num="67" count="18" type="stmt"/>
        <line num="70" count="18" type="stmt"/>
        <line num="71" count="18" type="cond" truecount="2" falsecount="0"/>
        <line num="72" count="18" type="stmt"/>
        <line num="73" count="18" type="stmt"/>
        <line num="74" count="18" type="stmt"/>
        <line num="75" count="18" type="stmt"/>
        <line num="78" count="6" type="cond" truecount="2" falsecount="0"/>
        <line num="79" count="3" type="cond" truecount="1" falsecount="1"/>
        <line num="82" count="0" type="stmt"/>
        <line num="83" count="0" type="stmt"/>
        <line num="84" count="0" type="stmt"/>
        <line num="86" count="3" type="cond" truecount="1" falsecount="1"/>
        <line num="87" count="0" type="stmt"/>
        <line num="88" count="0" type="stmt"/>
        <line num="91" count="6" type="cond" truecount="3" falsecount="1"/>
        <line num="94" count="18" type="cond" truecount="1" falsecount="1"/>
        <line num="95" count="18" type="cond" truecount="2" falsecount="0"/>
        <line num="99" count="18" type="stmt"/>
        <line num="107" count="18" type="stmt"/>
        <line num="112" count="4" type="stmt"/>
        <line num="113" count="4" type="stmt"/>
        <line num="114" count="4" type="stmt"/>
        <line num="116" count="4" type="stmt"/>
        <line num="117" count="12" type="stmt"/>
        <line num="120" count="4" type="stmt"/>
        <line num="122" count="4" type="stmt"/>
        <line num="124" count="4" type="stmt"/>
        <line num="125" count="12" type="stmt"/>
        <line num="128" count="4" type="stmt"/>
        <line num="129" count="4" type="stmt"/>
        <line num="132" count="0" type="stmt"/>
        <line num="135" count="4" type="stmt"/>
        <line num="137" count="4" type="stmt"/>
        <line num="138" count="12" type="stmt"/>
        <line num="142" count="3" type="cond" truecount="1" falsecount="1"/>
        <line num="143" count="3" type="stmt"/>
        <line num="144" count="3" type="stmt"/>
        <line num="147" count="3" type="stmt"/>
        <line num="148" count="12" type="stmt"/>
        <line num="150" count="12" type="cond" truecount="2" falsecount="0"/>
        <line num="151" count="6" type="stmt"/>
        <line num="153" count="6" type="stmt"/>
        <line num="154" count="6" type="stmt"/>
        <line num="155" count="6" type="stmt"/>
        <line num="159" count="3" type="stmt"/>
        <line num="160" count="0" type="stmt"/>
        <line num="163" count="3" type="stmt"/>
        <line num="169" count="4" type="cond" truecount="1" falsecount="1"/>
        <line num="170" count="4" type="stmt"/>
        <line num="174" count="4" type="stmt"/>
        <line num="182" count="4" type="stmt"/>
        <line num="187" count="4" type="stmt"/>
        <line num="188" count="7" type="stmt"/>
        <line num="189" count="4" type="cond" truecount="1" falsecount="0"/>
        <line num="190" count="4" type="stmt"/>
        <line num="191" count="4" type="stmt"/>
        <line num="193" count="4" type="stmt"/>
        <line num="194" count="0" type="cond" truecount="0" falsecount="5"/>
        <line num="197" count="4" type="stmt"/>
        <line num="198" count="4" type="stmt"/>
        <line num="203" count="4" type="stmt"/>
        <line num="204" count="4" type="stmt"/>
        <line num="206" count="4" type="stmt"/>
        <line num="215" count="1" type="stmt"/>
      </file>
      <file name="TerminalInput.svelte" path="/Users/chetheaker/Documents/Coding/projects/v1/src/components/Terminal/TerminalInput.svelte">
        <metrics statements="58" coveredstatements="54" conditionals="20" coveredconditionals="10" methods="17" coveredmethods="12"/>
        <line num="4" count="1" type="stmt"/>
        <line num="5" count="1" type="stmt"/>
        <line num="6" count="1" type="stmt"/>
        <line num="7" count="1" type="stmt"/>
        <line num="10" count="4" type="stmt"/>
        <line num="21" count="4" type="stmt"/>
        <line num="23" count="4" type="stmt"/>
        <line num="24" count="4" type="stmt"/>
        <line num="25" count="4" type="stmt"/>
        <line num="26" count="4" type="stmt"/>
        <line num="27" count="4" type="stmt"/>
        <line num="28" count="4" type="stmt"/>
        <line num="29" count="4" type="stmt"/>
        <line num="30" count="4" type="stmt"/>
        <line num="31" count="4" type="stmt"/>
        <line num="32" count="4" type="stmt"/>
        <line num="33" count="4" type="stmt"/>
        <line num="34" count="4" type="stmt"/>
        <line num="37" count="0" type="stmt"/>
        <line num="40" count="4" type="stmt"/>
        <line num="41" count="4" type="stmt"/>
        <line num="42" count="4" type="stmt"/>
        <line num="43" count="4" type="stmt"/>
        <line num="44" count="4" type="stmt"/>
        <line num="46" count="4" type="cond" truecount="1" falsecount="1"/>
        <line num="47" count="4" type="stmt"/>
        <line num="52" count="4" type="stmt"/>
        <line num="59" count="4" type="cond" truecount="1" falsecount="1"/>
        <line num="60" count="4" type="stmt"/>
        <line num="61" count="4" type="stmt"/>
        <line num="62" count="4" type="stmt"/>
        <line num="66" count="4" type="stmt"/>
        <line num="74" count="4" type="stmt"/>
        <line num="78" count="4" type="cond" truecount="1" falsecount="0"/>
        <line num="79" count="4" type="stmt"/>
        <line num="81" count="4" type="stmt"/>
        <line num="83" count="4" type="stmt"/>
        <line num="84" count="4" type="cond" truecount="2" falsecount="0"/>
        <line num="85" count="3" type="stmt"/>
        <line num="86" count="3" type="stmt"/>
        <line num="87" count="3" type="stmt"/>
        <line num="90" count="4" type="stmt"/>
        <line num="92" count="4" type="stmt"/>
        <line num="93" count="0" type="cond" truecount="0" falsecount="5"/>
        <line num="97" count="8" type="cond" truecount="2" falsecount="0"/>
        <line num="98" count="7" type="stmt"/>
        <line num="99" count="7" type="stmt"/>
        <line num="103" count="4" type="stmt"/>
        <line num="105" count="4" type="stmt"/>
        <line num="112" count="4" type="stmt"/>
        <line num="113" count="0" type="cond" truecount="0" falsecount="2"/>
        <line num="116" count="4" type="cond" truecount="3" falsecount="1"/>
        <line num="117" count="0" type="stmt"/>
        <line num="120" count="4" type="stmt"/>
        <line num="125" count="4" type="stmt"/>
        <line num="126" count="4" type="stmt"/>
        <line num="128" count="4" type="stmt"/>
        <line num="137" count="1" type="stmt"/>
      </file>
      <file name="TopBar.svelte" path="/Users/chetheaker/Documents/Coding/projects/v1/src/components/Terminal/TopBar.svelte">
        <metrics statements="64" coveredstatements="62" conditionals="8" coveredconditionals="2" methods="9" coveredmethods="7"/>
        <line num="4" count="1" type="stmt"/>
        <line num="5" count="1" type="stmt"/>
        <line num="8" count="4" type="stmt"/>
        <line num="27" count="4" type="stmt"/>
        <line num="29" count="4" type="stmt"/>
        <line num="30" count="4" type="stmt"/>
        <line num="31" count="4" type="stmt"/>
        <line num="32" count="4" type="stmt"/>
        <line num="33" count="4" type="stmt"/>
        <line num="34" count="4" type="stmt"/>
        <line num="35" count="4" type="stmt"/>
        <line num="36" count="4" type="stmt"/>
        <line num="37" count="4" type="stmt"/>
        <line num="38" count="4" type="stmt"/>
        <line num="39" count="4" type="stmt"/>
        <line num="40" count="4" type="stmt"/>
        <line num="41" count="4" type="stmt"/>
        <line num="42" count="4" type="stmt"/>
        <line num="43" count="4" type="stmt"/>
        <line num="44" count="4" type="stmt"/>
        <line num="45" count="4" type="stmt"/>
        <line num="46" count="4" type="stmt"/>
        <line num="47" count="4" type="stmt"/>
        <line num="48" count="4" type="stmt"/>
        <line num="49" count="4" type="stmt"/>
        <line num="50" count="4" type="stmt"/>
        <line num="51" count="4" type="stmt"/>
        <line num="52" count="4" type="stmt"/>
        <line num="53" count="4" type="stmt"/>
        <line num="54" count="4" type="stmt"/>
        <line num="55" count="4" type="stmt"/>
        <line num="56" count="4" type="stmt"/>
        <line num="57" count="4" type="stmt"/>
        <line num="58" count="4" type="stmt"/>
        <line num="59" count="4" type="stmt"/>
        <line num="60" count="4" type="stmt"/>
        <line num="63" count="0" type="stmt"/>
        <line num="66" count="4" type="stmt"/>
        <line num="67" count="4" type="stmt"/>
        <line num="68" count="4" type="stmt"/>
        <line num="69" count="4" type="stmt"/>
        <line num="70" count="4" type="stmt"/>
        <line num="71" count="4" type="stmt"/>
        <line num="72" count="4" type="stmt"/>
        <line num="73" count="4" type="stmt"/>
        <line num="74" count="4" type="stmt"/>
        <line num="75" count="4" type="stmt"/>
        <line num="76" count="4" type="stmt"/>
        <line num="77" count="4" type="stmt"/>
        <line num="78" count="4" type="stmt"/>
        <line num="79" count="4" type="stmt"/>
        <line num="85" count="4" type="cond" truecount="1" falsecount="1"/>
        <line num="89" count="4" type="stmt"/>
        <line num="97" count="4" type="stmt"/>
        <line num="101" count="4" type="cond" truecount="1" falsecount="0"/>
        <line num="102" count="4" type="stmt"/>
        <line num="103" count="4" type="stmt"/>
        <line num="105" count="4" type="stmt"/>
        <line num="106" count="0" type="cond" truecount="0" falsecount="5"/>
        <line num="109" count="4" type="stmt"/>
        <line num="114" count="4" type="stmt"/>
        <line num="115" count="4" type="stmt"/>
        <line num="117" count="4" type="stmt"/>
        <line num="126" count="1" type="stmt"/>
      </file>
    </package>
    <package name="src.stores">
      <metrics statements="2" coveredstatements="2" conditionals="0" coveredconditionals="0" methods="0" coveredmethods="0"/>
      <file name="commandList.ts" path="/Users/chetheaker/Documents/Coding/projects/v1/src/stores/commandList.ts">
        <metrics statements="2" coveredstatements="2" conditionals="0" coveredconditionals="0" methods="0" coveredmethods="0"/>
        <line num="1" count="1" type="stmt"/>
        <line num="4" count="1" type="stmt"/>
      </file>
    </package>
  </project>
</coverage>
