{"/Users/chetheaker/Documents/Coding/projects/v1/src/App.svelte": {"path":"/Users/chetheaker/Documents/Coding/projects/v1/src/App.svelte","statementMap":{"0":{"start":{"line":4,"column":265},"end":{"line":4,"column":291}},"1":{"start":{"line":5,"column":25},"end":{"line":5,"column":59}},"2":{"start":{"line":6,"column":30},"end":{"line":6,"column":78}},"3":{"start":{"line":7,"column":13},"end":{"line":7,"column":25}},"4":{"start":{"line":17,"column":1},"end":{"line":17,"column":35}},"5":{"start":{"line":18,"column":1},"end":{"line":18,"column":45}},"6":{"start":{"line":20,"column":15},"end":{"line":61,"column":2}},"7":{"start":{"line":22,"column":3},"end":{"line":22,"column":30}},"8":{"start":{"line":23,"column":3},"end":{"line":23,"column":16}},"9":{"start":{"line":24,"column":3},"end":{"line":24,"column":37}},"10":{"start":{"line":25,"column":3},"end":{"line":25,"column":16}},"11":{"start":{"line":26,"column":3},"end":{"line":26,"column":42}},"12":{"start":{"line":27,"column":3},"end":{"line":27,"column":141}},"13":{"start":{"line":27,"column":99},"end":{"line":27,"column":141}},"14":{"start":{"line":28,"column":3},"end":{"line":28,"column":48}},"15":{"start":{"line":29,"column":3},"end":{"line":29,"column":41}},"16":{"start":{"line":32,"column":3},"end":{"line":32,"column":114}},"17":{"start":{"line":35,"column":3},"end":{"line":35,"column":37}},"18":{"start":{"line":36,"column":3},"end":{"line":36,"column":34}},"19":{"start":{"line":37,"column":3},"end":{"line":37,"column":40}},"20":{"start":{"line":38,"column":3},"end":{"line":38,"column":34}},"21":{"start":{"line":39,"column":3},"end":{"line":39,"column":45}},"22":{"start":{"line":40,"column":3},"end":{"line":40,"column":18}},"23":{"start":{"line":44,"column":3},"end":{"line":44,"column":23}},"24":{"start":{"line":44,"column":16},"end":{"line":44,"column":23}},"25":{"start":{"line":45,"column":3},"end":{"line":45,"column":41}},"26":{"start":{"line":46,"column":3},"end":{"line":46,"column":46}},"27":{"start":{"line":47,"column":3},"end":{"line":47,"column":18}},"28":{"start":{"line":50,"column":3},"end":{"line":50,"column":42}},"29":{"start":{"line":51,"column":3},"end":{"line":51,"column":47}},"30":{"start":{"line":52,"column":3},"end":{"line":52,"column":19}},"31":{"start":{"line":55,"column":3},"end":{"line":55,"column":22}},"32":{"start":{"line":56,"column":3},"end":{"line":56,"column":33}},"33":{"start":{"line":56,"column":18},"end":{"line":56,"column":33}},"34":{"start":{"line":57,"column":3},"end":{"line":57,"column":37}},"35":{"start":{"line":58,"column":3},"end":{"line":58,"column":33}},"36":{"start":{"line":58,"column":18},"end":{"line":58,"column":33}},"37":{"start":{"line":59,"column":3},"end":{"line":59,"column":42}},"38":{"start":{"line":63,"column":1},"end":{"line":69,"column":4}},"39":{"start":{"line":71,"column":1},"end":{"line":71,"column":14}},"40":{"start":{"line":75,"column":40},"end":{"line":75,"column":47}},"41":{"start":{"line":76,"column":1},"end":{"line":76,"column":34}},"42":{"start":{"line":77,"column":24},"end":{"line":77,"column":26}},"43":{"start":{"line":79,"column":1},"end":{"line":81,"column":4}},"44":{"start":{"line":80,"column":2},"end":{"line":80,"column":144}},"45":{"start":{"line":80,"column":83},"end":{"line":80,"column":144}},"46":{"start":{"line":83,"column":1},"end":{"line":83,"column":51}},"47":{"start":{"line":83,"column":32},"end":{"line":83,"column":49}},"48":{"start":{"line":84,"column":1},"end":{"line":84,"column":11}},"49":{"start":{"line":89,"column":2},"end":{"line":89,"column":17}},"50":{"start":{"line":90,"column":2},"end":{"line":90,"column":69}},"51":{"start":{"line":92,"column":2},"end":{"line":97,"column":5}},"52":{"start":{"line":101,"column":0},"end":{"line":101,"column":22}},"53":{"start":{"line":101,"column":22},"end":{"line":101,"column":84}}},"fnMap":{"0":{"name":"create_fragment","decl":{"start":{"line":9,"column":9},"end":{"line":9,"column":24}},"loc":{"start":{"line":9,"column":30},"end":{"line":72,"column":1}},"line":9},"1":{"name":"create","decl":{"start":{"line":21,"column":14},"end":{"line":21,"column":20}},"loc":{"start":{"line":21,"column":23},"end":{"line":30,"column":3}},"line":21},"2":{"name":"claim","decl":{"start":{"line":31,"column":14},"end":{"line":31,"column":19}},"loc":{"start":{"line":31,"column":27},"end":{"line":33,"column":3}},"line":31},"3":{"name":"mount","decl":{"start":{"line":34,"column":14},"end":{"line":34,"column":19}},"loc":{"start":{"line":34,"column":36},"end":{"line":41,"column":3}},"line":34},"4":{"name":"intro","decl":{"start":{"line":43,"column":14},"end":{"line":43,"column":19}},"loc":{"start":{"line":43,"column":27},"end":{"line":48,"column":3}},"line":43},"5":{"name":"outro","decl":{"start":{"line":49,"column":14},"end":{"line":49,"column":19}},"loc":{"start":{"line":49,"column":27},"end":{"line":53,"column":3}},"line":49},"6":{"name":"destroy","decl":{"start":{"line":54,"column":14},"end":{"line":54,"column":21}},"loc":{"start":{"line":54,"column":33},"end":{"line":60,"column":3}},"line":54},"7":{"name":"instance","decl":{"start":{"line":74,"column":9},"end":{"line":74,"column":17}},"loc":{"start":{"line":74,"column":49},"end":{"line":85,"column":1}},"line":74},"8":{"name":"(anonymous_8)","decl":{"start":{"line":79,"column":30},"end":{"line":79,"column":31}},"loc":{"start":{"line":79,"column":37},"end":{"line":81,"column":2}},"line":79},"9":{"name":"(anonymous_9)","decl":{"start":{"line":83,"column":25},"end":{"line":83,"column":26}},"loc":{"start":{"line":83,"column":32},"end":{"line":83,"column":49}},"line":83},"10":{"name":"(anonymous_10)","decl":{"start":{"line":88,"column":1},"end":{"line":88,"column":2}},"loc":{"start":{"line":88,"column":22},"end":{"line":98,"column":2}},"line":88}},"branchMap":{"0":{"loc":{"start":{"line":27,"column":3},"end":{"line":27,"column":141}},"type":"if","locations":[{"start":{"line":27,"column":3},"end":{"line":27,"column":141}},{"start":{},"end":{}}],"line":27},"1":{"loc":{"start":{"line":44,"column":3},"end":{"line":44,"column":23}},"type":"if","locations":[{"start":{"line":44,"column":3},"end":{"line":44,"column":23}},{"start":{},"end":{}}],"line":44},"2":{"loc":{"start":{"line":56,"column":3},"end":{"line":56,"column":33}},"type":"if","locations":[{"start":{"line":56,"column":3},"end":{"line":56,"column":33}},{"start":{},"end":{}}],"line":56},"3":{"loc":{"start":{"line":58,"column":3},"end":{"line":58,"column":33}},"type":"if","locations":[{"start":{"line":58,"column":3},"end":{"line":58,"column":33}},{"start":{},"end":{}}],"line":58},"4":{"loc":{"start":{"line":75,"column":16},"end":{"line":75,"column":26}},"type":"default-arg","locations":[{"start":{"line":75,"column":24},"end":{"line":75,"column":26}}],"line":75},"5":{"loc":{"start":{"line":80,"column":2},"end":{"line":80,"column":144}},"type":"if","locations":[{"start":{"line":80,"column":2},"end":{"line":80,"column":144}},{"start":{},"end":{}}],"line":80},"6":{"loc":{"start":{"line":80,"column":6},"end":{"line":80,"column":81}},"type":"binary-expr","locations":[{"start":{"line":80,"column":6},"end":{"line":80,"column":35}},{"start":{"line":80,"column":39},"end":{"line":80,"column":63}},{"start":{"line":80,"column":67},"end":{"line":80,"column":81}}],"line":80}},"s":{"0":1,"1":1,"2":1,"3":1,"4":0,"5":0,"6":0,"7":0,"8":0,"9":0,"10":0,"11":0,"12":0,"13":0,"14":0,"15":0,"16":0,"17":0,"18":0,"19":0,"20":0,"21":0,"22":0,"23":0,"24":0,"25":0,"26":0,"27":0,"28":0,"29":0,"30":0,"31":0,"32":0,"33":0,"34":0,"35":0,"36":0,"37":0,"38":0,"39":0,"40":0,"41":0,"42":0,"43":0,"44":0,"45":0,"46":0,"47":0,"48":0,"49":0,"50":0,"51":0,"52":1,"53":1},"f":{"0":0,"1":0,"2":0,"3":0,"4":0,"5":0,"6":0,"7":0,"8":0,"9":0,"10":0},"b":{"0":[0,0],"1":[0,0],"2":[0,0],"3":[0,0],"4":[0],"5":[0,0],"6":[0,0,0]},"inputSourceMap":{"0":"{","1":"\"","2":"v","3":"e","4":"r","5":"s","6":"i","7":"o","8":"n","9":"\"","10":":","11":"3","12":",","13":"\"","14":"m","15":"a","16":"p","17":"p","18":"i","19":"n","20":"g","21":"s","22":"\"","23":":","24":"\"","25":";","26":";","27":";","28":";","29":"i","30":"B","31":"A","32":"C","33":"S","34":",","35":"G","36":"A","37":"A","38":"G","39":";","40":"i","41":"B","42":"A","43":"C","44":"H","45":",","46":"Q","47":"A","48":"A","49":"Q","50":";","51":";","52":";","53":";","54":";","55":";","56":";","57":";","58":";","59":";","60":";","61":";","62":";","63":";","64":";","65":";","66":";","67":";","68":";","69":";","70":";","71":";","72":";","73":";","74":";","75":";","76":";","77":";","78":";","79":"G","80":"A","81":"I","82":"f","83":",","84":"U","85":"A","86":"G","87":"S","88":";","89":";","90":";","91":";","92":";","93":";","94":";","95":";","96":";","97":";","98":";","99":";","100":";","101":";","102":";","103":";","104":";","105":";","106":";","107":";","108":";","109":";","110":";","111":";","112":";","113":";","114":";","115":";","116":";","117":";","118":";","119":";","120":";","121":";","122":";","123":";","124":";","125":";","126":";","127":";","128":";","129":";","130":";","131":";","132":";","133":";","134":";","135":";","136":";","137":";","138":";","139":";","140":";","141":";","142":";","143":";","144":";","145":";","146":";","147":";","148":";","149":";","150":";","151":";","152":";","153":";","154":"\"","155":",","156":"\"","157":"n","158":"a","159":"m","160":"e","161":"s","162":"\"","163":":","164":"[","165":"]","166":",","167":"\"","168":"s","169":"o","170":"u","171":"r","172":"c","173":"e","174":"s","175":"\"","176":":","177":"[","178":"\"","179":"A","180":"p","181":"p","182":".","183":"s","184":"v","185":"e","186":"l","187":"t","188":"e","189":"\"","190":"]","191":"}"},"_coverageSchema":"1a1c01bbd47fc00a2c39e90264f33305004495a9","hash":"03b71bf09076c8ba7e485cc5b978f39d5cb9ebba"}
,"/Users/chetheaker/Documents/Coding/projects/v1/src/components/Nav.svelte": {"path":"/Users/chetheaker/Documents/Coding/projects/v1/src/components/Nav.svelte","statementMap":{"0":{"start":{"line":4,"column":180},"end":{"line":4,"column":206}},"1":{"start":{"line":5,"column":13},"end":{"line":5,"column":25}},"2":{"start":{"line":8,"column":1},"end":{"line":8,"column":374}},"3":{"start":{"line":19,"column":15},"end":{"line":55,"column":2}},"4":{"start":{"line":21,"column":3},"end":{"line":21,"column":24}},"5":{"start":{"line":22,"column":3},"end":{"line":22,"column":25}},"6":{"start":{"line":23,"column":3},"end":{"line":23,"column":25}},"7":{"start":{"line":24,"column":3},"end":{"line":24,"column":16}},"8":{"start":{"line":25,"column":3},"end":{"line":25,"column":25}},"9":{"start":{"line":26,"column":3},"end":{"line":26,"column":30}},"10":{"start":{"line":27,"column":3},"end":{"line":27,"column":40}},"11":{"start":{"line":28,"column":3},"end":{"line":28,"column":35}},"12":{"start":{"line":29,"column":3},"end":{"line":29,"column":38}},"13":{"start":{"line":30,"column":3},"end":{"line":30,"column":35}},"14":{"start":{"line":31,"column":3},"end":{"line":31,"column":38}},"15":{"start":{"line":32,"column":3},"end":{"line":32,"column":41}},"16":{"start":{"line":33,"column":3},"end":{"line":33,"column":36}},"17":{"start":{"line":34,"column":3},"end":{"line":34,"column":38}},"18":{"start":{"line":35,"column":3},"end":{"line":35,"column":43}},"19":{"start":{"line":36,"column":3},"end":{"line":36,"column":37}},"20":{"start":{"line":39,"column":3},"end":{"line":39,"column":114}},"21":{"start":{"line":42,"column":3},"end":{"line":42,"column":35}},"22":{"start":{"line":43,"column":3},"end":{"line":43,"column":25}},"23":{"start":{"line":44,"column":3},"end":{"line":44,"column":26}},"24":{"start":{"line":45,"column":3},"end":{"line":45,"column":23}},"25":{"start":{"line":46,"column":3},"end":{"line":46,"column":25}},"26":{"start":{"line":47,"column":3},"end":{"line":47,"column":28}},"27":{"start":{"line":53,"column":3},"end":{"line":53,"column":34}},"28":{"start":{"line":53,"column":18},"end":{"line":53,"column":34}},"29":{"start":{"line":57,"column":1},"end":{"line":63,"column":4}},"30":{"start":{"line":65,"column":1},"end":{"line":65,"column":14}},"31":{"start":{"line":69,"column":40},"end":{"line":69,"column":47}},"32":{"start":{"line":70,"column":1},"end":{"line":70,"column":34}},"33":{"start":{"line":71,"column":24},"end":{"line":71,"column":26}},"34":{"start":{"line":73,"column":1},"end":{"line":75,"column":4}},"35":{"start":{"line":74,"column":2},"end":{"line":74,"column":144}},"36":{"start":{"line":74,"column":83},"end":{"line":74,"column":144}},"37":{"start":{"line":77,"column":1},"end":{"line":77,"column":11}},"38":{"start":{"line":82,"column":2},"end":{"line":82,"column":17}},"39":{"start":{"line":83,"column":2},"end":{"line":83,"column":78}},"40":{"start":{"line":85,"column":2},"end":{"line":90,"column":5}},"41":{"start":{"line":94,"column":0},"end":{"line":94,"column":22}},"42":{"start":{"line":94,"column":22},"end":{"line":94,"column":84}}},"fnMap":{"0":{"name":"add_css","decl":{"start":{"line":7,"column":9},"end":{"line":7,"column":16}},"loc":{"start":{"line":7,"column":25},"end":{"line":9,"column":1}},"line":7},"1":{"name":"create_fragment","decl":{"start":{"line":11,"column":9},"end":{"line":11,"column":24}},"loc":{"start":{"line":11,"column":30},"end":{"line":66,"column":1}},"line":11},"2":{"name":"create","decl":{"start":{"line":20,"column":14},"end":{"line":20,"column":20}},"loc":{"start":{"line":20,"column":23},"end":{"line":37,"column":3}},"line":20},"3":{"name":"claim","decl":{"start":{"line":38,"column":14},"end":{"line":38,"column":19}},"loc":{"start":{"line":38,"column":27},"end":{"line":40,"column":3}},"line":38},"4":{"name":"mount","decl":{"start":{"line":41,"column":14},"end":{"line":41,"column":19}},"loc":{"start":{"line":41,"column":36},"end":{"line":48,"column":3}},"line":41},"5":{"name":"destroy","decl":{"start":{"line":52,"column":14},"end":{"line":52,"column":21}},"loc":{"start":{"line":52,"column":33},"end":{"line":54,"column":3}},"line":52},"6":{"name":"instance","decl":{"start":{"line":68,"column":9},"end":{"line":68,"column":17}},"loc":{"start":{"line":68,"column":35},"end":{"line":78,"column":1}},"line":68},"7":{"name":"(anonymous_7)","decl":{"start":{"line":73,"column":30},"end":{"line":73,"column":31}},"loc":{"start":{"line":73,"column":37},"end":{"line":75,"column":2}},"line":73},"8":{"name":"(anonymous_8)","decl":{"start":{"line":81,"column":1},"end":{"line":81,"column":2}},"loc":{"start":{"line":81,"column":22},"end":{"line":91,"column":2}},"line":81}},"branchMap":{"0":{"loc":{"start":{"line":53,"column":3},"end":{"line":53,"column":34}},"type":"if","locations":[{"start":{"line":53,"column":3},"end":{"line":53,"column":34}},{"start":{},"end":{}}],"line":53},"1":{"loc":{"start":{"line":69,"column":16},"end":{"line":69,"column":26}},"type":"default-arg","locations":[{"start":{"line":69,"column":24},"end":{"line":69,"column":26}}],"line":69},"2":{"loc":{"start":{"line":74,"column":2},"end":{"line":74,"column":144}},"type":"if","locations":[{"start":{"line":74,"column":2},"end":{"line":74,"column":144}},{"start":{},"end":{}}],"line":74},"3":{"loc":{"start":{"line":74,"column":6},"end":{"line":74,"column":81}},"type":"binary-expr","locations":[{"start":{"line":74,"column":6},"end":{"line":74,"column":35}},{"start":{"line":74,"column":39},"end":{"line":74,"column":63}},{"start":{"line":74,"column":67},"end":{"line":74,"column":81}}],"line":74}},"s":{"0":1,"1":1,"2":0,"3":0,"4":0,"5":0,"6":0,"7":0,"8":0,"9":0,"10":0,"11":0,"12":0,"13":0,"14":0,"15":0,"16":0,"17":0,"18":0,"19":0,"20":0,"21":0,"22":0,"23":0,"24":0,"25":0,"26":0,"27":0,"28":0,"29":0,"30":0,"31":0,"32":0,"33":0,"34":0,"35":0,"36":0,"37":0,"38":0,"39":0,"40":0,"41":1,"42":1},"f":{"0":0,"1":0,"2":0,"3":0,"4":0,"5":0,"6":0,"7":0,"8":0},"b":{"0":[0,0],"1":[0],"2":[0,0],"3":[0,0,0]},"inputSourceMap":{"0":"{","1":"\"","2":"v","3":"e","4":"r","5":"s","6":"i","7":"o","8":"n","9":"\"","10":":","11":"3","12":",","13":"\"","14":"m","15":"a","16":"p","17":"p","18":"i","19":"n","20":"g","21":"s","22":"\"","23":":","24":"\"","25":";","26":";","27":";","28":";","29":";","30":";","31":";","32":";","33":";","34":";","35":";","36":";","37":";","38":";","39":";","40":";","41":";","42":";","43":";","44":";","45":";","46":";","47":";","48":";","49":";","50":";","51":";","52":";","53":";","54":";","55":";","56":";","57":";","58":";","59":";","60":";","61":";","62":";","63":";","64":";","65":";","66":"G","67":"A","68":"G","69":"A","70":",","71":"U","72":"A","73":"O","74":"K","75":";","76":"G","77":"A","78":"N","79":"H","80":",","81":"U","82":"A","83":"E","84":"K","85":";","86":"G","87":"A","88":"D","89":"H","90":",","91":"U","92":"A","93":"A","94":"m","95":"B","96":";","97":";","98":"G","99":"A","100":"E","101":"r","102":"B","103":",","104":"U","105":"A","106":"E","107":"K","108":";","109":"G","110":"A","111":"D","112":"H","113":",","114":"U","115":"A","116":"A","117":"6","118":"B","119":";","120":";","121":";","122":";","123":";","124":";","125":";","126":";","127":";","128":";","129":";","130":";","131":";","132":";","133":";","134":";","135":";","136":";","137":";","138":";","139":";","140":";","141":";","142":";","143":";","144":";","145":";","146":";","147":";","148":";","149":";","150":";","151":";","152":";","153":";","154":";","155":";","156":";","157":";","158":";","159":";","160":";","161":";","162":";","163":";","164":";","165":";","166":"\"","167":",","168":"\"","169":"n","170":"a","171":"m","172":"e","173":"s","174":"\"","175":":","176":"[","177":"]","178":",","179":"\"","180":"s","181":"o","182":"u","183":"r","184":"c","185":"e","186":"s","187":"\"","188":":","189":"[","190":"\"","191":"N","192":"a","193":"v","194":".","195":"s","196":"v","197":"e","198":"l","199":"t","200":"e","201":"\"","202":"]","203":"}"},"_coverageSchema":"1a1c01bbd47fc00a2c39e90264f33305004495a9","hash":"3b93f5a75aee03a7d449fbc1f5f32ba1f194ff8c"}
,"/Users/chetheaker/Documents/Coding/projects/v1/src/components/Terminal/Terminal.svelte": {"path":"/Users/chetheaker/Documents/Coding/projects/v1/src/components/Terminal/Terminal.svelte","statementMap":{"0":{"start":{"line":4,"column":265},"end":{"line":4,"column":291}},"1":{"start":{"line":5,"column":25},"end":{"line":5,"column":52}},"2":{"start":{"line":6,"column":39},"end":{"line":6,"column":76}},"3":{"start":{"line":7,"column":35},"end":{"line":7,"column":68}},"4":{"start":{"line":8,"column":28},"end":{"line":8,"column":54}},"5":{"start":{"line":9,"column":13},"end":{"line":9,"column":30}},"6":{"start":{"line":12,"column":1},"end":{"line":12,"column":1520}},"7":{"start":{"line":24,"column":1},"end":{"line":24,"column":41}},"8":{"start":{"line":25,"column":1},"end":{"line":25,"column":63}},"9":{"start":{"line":26,"column":1},"end":{"line":26,"column":55}},"10":{"start":{"line":28,"column":15},"end":{"line":75,"column":2}},"11":{"start":{"line":30,"column":3},"end":{"line":30,"column":32}},"12":{"start":{"line":31,"column":3},"end":{"line":31,"column":40}},"13":{"start":{"line":32,"column":3},"end":{"line":32,"column":16}},"14":{"start":{"line":33,"column":3},"end":{"line":33,"column":24}},"15":{"start":{"line":34,"column":3},"end":{"line":34,"column":51}},"16":{"start":{"line":35,"column":3},"end":{"line":35,"column":16}},"17":{"start":{"line":36,"column":3},"end":{"line":36,"column":47}},"18":{"start":{"line":37,"column":3},"end":{"line":37,"column":52}},"19":{"start":{"line":38,"column":3},"end":{"line":38,"column":38}},"20":{"start":{"line":39,"column":3},"end":{"line":39,"column":47}},"21":{"start":{"line":40,"column":3},"end":{"line":40,"column":42}},"22":{"start":{"line":43,"column":3},"end":{"line":43,"column":114}},"23":{"start":{"line":46,"column":3},"end":{"line":46,"column":39}},"24":{"start":{"line":47,"column":3},"end":{"line":47,"column":42}},"25":{"start":{"line":48,"column":3},"end":{"line":48,"column":27}},"26":{"start":{"line":49,"column":3},"end":{"line":49,"column":28}},"27":{"start":{"line":50,"column":3},"end":{"line":50,"column":49}},"28":{"start":{"line":51,"column":3},"end":{"line":51,"column":23}},"29":{"start":{"line":52,"column":3},"end":{"line":52,"column":45}},"30":{"start":{"line":53,"column":3},"end":{"line":53,"column":18}},"31":{"start":{"line":57,"column":3},"end":{"line":57,"column":23}},"32":{"start":{"line":57,"column":16},"end":{"line":57,"column":23}},"33":{"start":{"line":58,"column":3},"end":{"line":58,"column":44}},"34":{"start":{"line":59,"column":3},"end":{"line":59,"column":55}},"35":{"start":{"line":60,"column":3},"end":{"line":60,"column":51}},"36":{"start":{"line":61,"column":3},"end":{"line":61,"column":18}},"37":{"start":{"line":64,"column":3},"end":{"line":64,"column":45}},"38":{"start":{"line":65,"column":3},"end":{"line":65,"column":56}},"39":{"start":{"line":66,"column":3},"end":{"line":66,"column":52}},"40":{"start":{"line":67,"column":3},"end":{"line":67,"column":19}},"41":{"start":{"line":70,"column":3},"end":{"line":70,"column":38}},"42":{"start":{"line":70,"column":18},"end":{"line":70,"column":38}},"43":{"start":{"line":71,"column":3},"end":{"line":71,"column":29}},"44":{"start":{"line":72,"column":3},"end":{"line":72,"column":40}},"45":{"start":{"line":73,"column":3},"end":{"line":73,"column":36}},"46":{"start":{"line":77,"column":1},"end":{"line":83,"column":4}},"47":{"start":{"line":85,"column":1},"end":{"line":85,"column":14}},"48":{"start":{"line":89,"column":40},"end":{"line":89,"column":47}},"49":{"start":{"line":90,"column":1},"end":{"line":90,"column":39}},"50":{"start":{"line":91,"column":24},"end":{"line":91,"column":26}},"51":{"start":{"line":93,"column":1},"end":{"line":95,"column":4}},"52":{"start":{"line":94,"column":2},"end":{"line":94,"column":149}},"53":{"start":{"line":94,"column":83},"end":{"line":94,"column":149}},"54":{"start":{"line":97,"column":1},"end":{"line":102,"column":4}},"55":{"start":{"line":97,"column":32},"end":{"line":102,"column":2}},"56":{"start":{"line":104,"column":1},"end":{"line":104,"column":11}},"57":{"start":{"line":109,"column":2},"end":{"line":109,"column":17}},"58":{"start":{"line":110,"column":2},"end":{"line":110,"column":78}},"59":{"start":{"line":112,"column":2},"end":{"line":117,"column":5}},"60":{"start":{"line":121,"column":0},"end":{"line":121,"column":27}},"61":{"start":{"line":121,"column":27},"end":{"line":121,"column":89}}},"fnMap":{"0":{"name":"add_css","decl":{"start":{"line":11,"column":9},"end":{"line":11,"column":16}},"loc":{"start":{"line":11,"column":25},"end":{"line":13,"column":1}},"line":11},"1":{"name":"create_fragment","decl":{"start":{"line":15,"column":9},"end":{"line":15,"column":24}},"loc":{"start":{"line":15,"column":30},"end":{"line":86,"column":1}},"line":15},"2":{"name":"create","decl":{"start":{"line":29,"column":14},"end":{"line":29,"column":20}},"loc":{"start":{"line":29,"column":23},"end":{"line":41,"column":3}},"line":29},"3":{"name":"claim","decl":{"start":{"line":42,"column":14},"end":{"line":42,"column":19}},"loc":{"start":{"line":42,"column":27},"end":{"line":44,"column":3}},"line":42},"4":{"name":"mount","decl":{"start":{"line":45,"column":14},"end":{"line":45,"column":19}},"loc":{"start":{"line":45,"column":36},"end":{"line":54,"column":3}},"line":45},"5":{"name":"intro","decl":{"start":{"line":56,"column":14},"end":{"line":56,"column":19}},"loc":{"start":{"line":56,"column":27},"end":{"line":62,"column":3}},"line":56},"6":{"name":"outro","decl":{"start":{"line":63,"column":14},"end":{"line":63,"column":19}},"loc":{"start":{"line":63,"column":27},"end":{"line":68,"column":3}},"line":63},"7":{"name":"destroy","decl":{"start":{"line":69,"column":14},"end":{"line":69,"column":21}},"loc":{"start":{"line":69,"column":33},"end":{"line":74,"column":3}},"line":69},"8":{"name":"instance","decl":{"start":{"line":88,"column":9},"end":{"line":88,"column":17}},"loc":{"start":{"line":88,"column":49},"end":{"line":105,"column":1}},"line":88},"9":{"name":"(anonymous_9)","decl":{"start":{"line":93,"column":30},"end":{"line":93,"column":31}},"loc":{"start":{"line":93,"column":37},"end":{"line":95,"column":2}},"line":93},"10":{"name":"(anonymous_10)","decl":{"start":{"line":97,"column":25},"end":{"line":97,"column":26}},"loc":{"start":{"line":97,"column":32},"end":{"line":102,"column":2}},"line":97},"11":{"name":"(anonymous_11)","decl":{"start":{"line":108,"column":1},"end":{"line":108,"column":2}},"loc":{"start":{"line":108,"column":22},"end":{"line":118,"column":2}},"line":108}},"branchMap":{"0":{"loc":{"start":{"line":57,"column":3},"end":{"line":57,"column":23}},"type":"if","locations":[{"start":{"line":57,"column":3},"end":{"line":57,"column":23}},{"start":{},"end":{}}],"line":57},"1":{"loc":{"start":{"line":70,"column":3},"end":{"line":70,"column":38}},"type":"if","locations":[{"start":{"line":70,"column":3},"end":{"line":70,"column":38}},{"start":{},"end":{}}],"line":70},"2":{"loc":{"start":{"line":89,"column":16},"end":{"line":89,"column":26}},"type":"default-arg","locations":[{"start":{"line":89,"column":24},"end":{"line":89,"column":26}}],"line":89},"3":{"loc":{"start":{"line":94,"column":2},"end":{"line":94,"column":149}},"type":"if","locations":[{"start":{"line":94,"column":2},"end":{"line":94,"column":149}},{"start":{},"end":{}}],"line":94},"4":{"loc":{"start":{"line":94,"column":6},"end":{"line":94,"column":81}},"type":"binary-expr","locations":[{"start":{"line":94,"column":6},"end":{"line":94,"column":35}},{"start":{"line":94,"column":39},"end":{"line":94,"column":63}},{"start":{"line":94,"column":67},"end":{"line":94,"column":81}}],"line":94}},"s":{"0":1,"1":1,"2":1,"3":1,"4":1,"5":1,"6":4,"7":4,"8":4,"9":4,"10":4,"11":4,"12":4,"13":4,"14":4,"15":4,"16":4,"17":4,"18":4,"19":4,"20":4,"21":4,"22":0,"23":4,"24":4,"25":4,"26":4,"27":4,"28":4,"29":4,"30":4,"31":0,"32":0,"33":0,"34":0,"35":0,"36":0,"37":0,"38":0,"39":0,"40":0,"41":4,"42":4,"43":4,"44":4,"45":4,"46":4,"47":4,"48":4,"49":4,"50":4,"51":4,"52":0,"53":0,"54":4,"55":0,"56":4,"57":4,"58":4,"59":4,"60":1,"61":1},"f":{"0":4,"1":4,"2":4,"3":0,"4":4,"5":0,"6":0,"7":4,"8":4,"9":0,"10":0,"11":4},"b":{"0":[0,0],"1":[4,0],"2":[4],"3":[0,0],"4":[0,0,0]},"inputSourceMap":{"0":"{","1":"\"","2":"v","3":"e","4":"r","5":"s","6":"i","7":"o","8":"n","9":"\"","10":":","11":"3","12":",","13":"\"","14":"m","15":"a","16":"p","17":"p","18":"i","19":"n","20":"g","21":"s","22":"\"","23":":","24":"\"","25":";","26":";","27":";","28":";","29":"i","30":"B","31":"A","32":"C","33":"S","34":",","35":"G","36":"A","37":"A","38":"G","39":";","40":"i","41":"B","42":"A","43":"C","44":"H","45":",","46":"i","47":"B","48":"A","49":"A","50":"i","51":"B","52":";","53":"i","54":"B","55":"A","56":"C","57":"j","58":"B","59":",","60":"a","61":"A","62":"A","63":"a","64":";","65":"i","66":"B","67":"A","68":"C","69":"b","70":",","71":"M","72":"A","73":"A","74":"M","75":";","76":";","77":";","78":";","79":";","80":";","81":";","82":";","83":";","84":";","85":";","86":";","87":";","88":";","89":";","90":";","91":";","92":";","93":";","94":";","95":";","96":";","97":";","98":";","99":";","100":";","101":";","102":";","103":";","104":";","105":";","106":";","107":";","108":";","109":";","110":";","111":";","112":";","113":"G","114":"A","115":"G","116":"f","117":",","118":"U","119":"A","120":"M","121":"S","122":";","123":";","124":";","125":"G","126":"A","127":"J","128":"P","129":",","130":"U","131":"A","132":"G","133":"K","134":";","135":";","136":";","137":";","138":";","139":";","140":";","141":";","142":";","143":";","144":";","145":";","146":";","147":";","148":";","149":";","150":";","151":";","152":";","153":";","154":";","155":";","156":";","157":";","158":";","159":";","160":";","161":";","162":";","163":";","164":";","165":";","166":";","167":";","168":";","169":";","170":";","171":";","172":";","173":";","174":";","175":";","176":";","177":";","178":";","179":";","180":";","181":";","182":";","183":";","184":";","185":";","186":";","187":";","188":";","189":";","190":";","191":";","192":";","193":";","194":";","195":";","196":";","197":";","198":";","199":";","200":";","201":";","202":";","203":";","204":";","205":";","206":"\"","207":",","208":"\"","209":"n","210":"a","211":"m","212":"e","213":"s","214":"\"","215":":","216":"[","217":"]","218":",","219":"\"","220":"s","221":"o","222":"u","223":"r","224":"c","225":"e","226":"s","227":"\"","228":":","229":"[","230":"\"","231":"T","232":"e","233":"r","234":"m","235":"i","236":"n","237":"a","238":"l","239":".","240":"s","241":"v","242":"e","243":"l","244":"t","245":"e","246":"\"","247":"]","248":"}"},"_coverageSchema":"1a1c01bbd47fc00a2c39e90264f33305004495a9","hash":"4cad81f55ddc8f55a56db9be1998f7d5b8096d12"}
,"/Users/chetheaker/Documents/Coding/projects/v1/src/components/Terminal/TerminalContainer.svelte": {"path":"/Users/chetheaker/Documents/Coding/projects/v1/src/components/Terminal/TerminalContainer.svelte","statementMap":{"0":{"start":{"line":4,"column":275},"end":{"line":4,"column":301}},"1":{"start":{"line":5,"column":24},"end":{"line":5,"column":59}},"2":{"start":{"line":6,"column":13},"end":{"line":6,"column":39}},"3":{"start":{"line":9,"column":1},"end":{"line":9,"column":524}},"4":{"start":{"line":13,"column":19},"end":{"line":13,"column":30}},"5":{"start":{"line":14,"column":1},"end":{"line":14,"column":24}},"6":{"start":{"line":15,"column":1},"end":{"line":15,"column":18}},"7":{"start":{"line":22,"column":15},"end":{"line":34,"column":2}},"8":{"start":{"line":24,"column":3},"end":{"line":24,"column":20}},"9":{"start":{"line":25,"column":3},"end":{"line":25,"column":53}},"10":{"start":{"line":26,"column":3},"end":{"line":26,"column":36}},"11":{"start":{"line":29,"column":3},"end":{"line":29,"column":33}},"12":{"start":{"line":32,"column":3},"end":{"line":32,"column":32}},"13":{"start":{"line":32,"column":18},"end":{"line":32,"column":32}},"14":{"start":{"line":36,"column":1},"end":{"line":42,"column":4}},"15":{"start":{"line":44,"column":1},"end":{"line":44,"column":14}},"16":{"start":{"line":52,"column":28},"end":{"line":52,"column":47}},"17":{"start":{"line":55,"column":28},"end":{"line":55,"column":66}},"18":{"start":{"line":57,"column":15},"end":{"line":97,"column":2}},"19":{"start":{"line":59,"column":3},"end":{"line":59,"column":24}},"20":{"start":{"line":60,"column":3},"end":{"line":60,"column":30}},"21":{"start":{"line":60,"column":17},"end":{"line":60,"column":30}},"22":{"start":{"line":61,"column":3},"end":{"line":61,"column":16}},"23":{"start":{"line":62,"column":3},"end":{"line":62,"column":20}},"24":{"start":{"line":63,"column":3},"end":{"line":63,"column":23}},"25":{"start":{"line":64,"column":3},"end":{"line":64,"column":16}},"26":{"start":{"line":65,"column":3},"end":{"line":65,"column":36}},"27":{"start":{"line":66,"column":3},"end":{"line":66,"column":52}},"28":{"start":{"line":67,"column":3},"end":{"line":67,"column":38}},"29":{"start":{"line":70,"column":3},"end":{"line":70,"column":35}},"30":{"start":{"line":71,"column":3},"end":{"line":71,"column":39}},"31":{"start":{"line":71,"column":17},"end":{"line":71,"column":39}},"32":{"start":{"line":72,"column":3},"end":{"line":72,"column":23}},"33":{"start":{"line":73,"column":3},"end":{"line":73,"column":22}},"34":{"start":{"line":74,"column":3},"end":{"line":74,"column":21}},"35":{"start":{"line":75,"column":3},"end":{"line":75,"column":23}},"36":{"start":{"line":78,"column":3},"end":{"line":89,"column":4}},"37":{"start":{"line":79,"column":4},"end":{"line":85,"column":5}},"38":{"start":{"line":82,"column":5},"end":{"line":82,"column":37}},"39":{"start":{"line":83,"column":5},"end":{"line":83,"column":18}},"40":{"start":{"line":84,"column":5},"end":{"line":84,"column":25}},"41":{"start":{"line":86,"column":10},"end":{"line":89,"column":4}},"42":{"start":{"line":87,"column":4},"end":{"line":87,"column":18}},"43":{"start":{"line":88,"column":4},"end":{"line":88,"column":20}},"44":{"start":{"line":91,"column":3},"end":{"line":91,"column":123}},"45":{"start":{"line":91,"column":96},"end":{"line":91,"column":123}},"46":{"start":{"line":94,"column":3},"end":{"line":94,"column":34}},"47":{"start":{"line":94,"column":18},"end":{"line":94,"column":34}},"48":{"start":{"line":95,"column":3},"end":{"line":95,"column":30}},"49":{"start":{"line":95,"column":17},"end":{"line":95,"column":30}},"50":{"start":{"line":99,"column":1},"end":{"line":105,"column":4}},"51":{"start":{"line":107,"column":1},"end":{"line":107,"column":14}},"52":{"start":{"line":112,"column":35},"end":{"line":112,"column":41}},"53":{"start":{"line":113,"column":1},"end":{"line":113,"column":36}},"54":{"start":{"line":114,"column":19},"end":{"line":114,"column":21}},"55":{"start":{"line":116,"column":1},"end":{"line":118,"column":2}},"56":{"start":{"line":116,"column":14},"end":{"line":116,"column":15}},"57":{"start":{"line":117,"column":2},"end":{"line":117,"column":75}},"58":{"start":{"line":120,"column":15},"end":{"line":172,"column":2}},"59":{"start":{"line":122,"column":3},"end":{"line":122,"column":24}},"60":{"start":{"line":124,"column":3},"end":{"line":126,"column":4}},"61":{"start":{"line":124,"column":16},"end":{"line":124,"column":17}},"62":{"start":{"line":125,"column":4},"end":{"line":125,"column":23}},"63":{"start":{"line":128,"column":3},"end":{"line":128,"column":51}},"64":{"start":{"line":129,"column":3},"end":{"line":129,"column":37}},"65":{"start":{"line":132,"column":3},"end":{"line":132,"column":114}},"66":{"start":{"line":135,"column":3},"end":{"line":135,"column":35}},"67":{"start":{"line":137,"column":3},"end":{"line":139,"column":4}},"68":{"start":{"line":137,"column":16},"end":{"line":137,"column":17}},"69":{"start":{"line":138,"column":4},"end":{"line":138,"column":32}},"70":{"start":{"line":142,"column":3},"end":{"line":164,"column":4}},"71":{"start":{"line":143,"column":4},"end":{"line":143,"column":41}},"72":{"start":{"line":144,"column":4},"end":{"line":144,"column":39}},"73":{"start":{"line":147,"column":4},"end":{"line":157,"column":5}},"74":{"start":{"line":148,"column":23},"end":{"line":148,"column":59}},"75":{"start":{"line":150,"column":5},"end":{"line":156,"column":6}},"76":{"start":{"line":151,"column":6},"end":{"line":151,"column":41}},"77":{"start":{"line":153,"column":6},"end":{"line":153,"column":52}},"78":{"start":{"line":154,"column":6},"end":{"line":154,"column":25}},"79":{"start":{"line":155,"column":6},"end":{"line":155,"column":34}},"80":{"start":{"line":159,"column":4},"end":{"line":161,"column":5}},"81":{"start":{"line":160,"column":5},"end":{"line":160,"column":25}},"82":{"start":{"line":163,"column":4},"end":{"line":163,"column":43}},"83":{"start":{"line":169,"column":3},"end":{"line":169,"column":34}},"84":{"start":{"line":169,"column":18},"end":{"line":169,"column":34}},"85":{"start":{"line":170,"column":3},"end":{"line":170,"column":40}},"86":{"start":{"line":174,"column":1},"end":{"line":180,"column":4}},"87":{"start":{"line":182,"column":1},"end":{"line":182,"column":14}},"88":{"start":{"line":187,"column":1},"end":{"line":187,"column":44}},"89":{"start":{"line":188,"column":1},"end":{"line":188,"column":94}},"90":{"start":{"line":188,"column":53},"end":{"line":188,"column":92}},"91":{"start":{"line":189,"column":40},"end":{"line":189,"column":47}},"92":{"start":{"line":190,"column":1},"end":{"line":190,"column":48}},"93":{"start":{"line":191,"column":24},"end":{"line":191,"column":26}},"94":{"start":{"line":193,"column":1},"end":{"line":195,"column":4}},"95":{"start":{"line":194,"column":2},"end":{"line":194,"column":158}},"96":{"start":{"line":194,"column":83},"end":{"line":194,"column":158}},"97":{"start":{"line":197,"column":1},"end":{"line":197,"column":63}},"98":{"start":{"line":197,"column":32},"end":{"line":197,"column":61}},"99":{"start":{"line":198,"column":1},"end":{"line":198,"column":23}},"100":{"start":{"line":203,"column":2},"end":{"line":203,"column":17}},"101":{"start":{"line":204,"column":2},"end":{"line":204,"column":78}},"102":{"start":{"line":206,"column":2},"end":{"line":211,"column":5}},"103":{"start":{"line":215,"column":0},"end":{"line":215,"column":36}},"104":{"start":{"line":215,"column":36},"end":{"line":215,"column":98}}},"fnMap":{"0":{"name":"add_css","decl":{"start":{"line":8,"column":9},"end":{"line":8,"column":16}},"loc":{"start":{"line":8,"column":25},"end":{"line":10,"column":1}},"line":8},"1":{"name":"get_each_context","decl":{"start":{"line":12,"column":9},"end":{"line":12,"column":25}},"loc":{"start":{"line":12,"column":40},"end":{"line":16,"column":1}},"line":12},"2":{"name":"create_if_block","decl":{"start":{"line":19,"column":9},"end":{"line":19,"column":24}},"loc":{"start":{"line":19,"column":30},"end":{"line":45,"column":1}},"line":19},"3":{"name":"create","decl":{"start":{"line":23,"column":14},"end":{"line":23,"column":20}},"loc":{"start":{"line":23,"column":23},"end":{"line":27,"column":3}},"line":23},"4":{"name":"mount","decl":{"start":{"line":28,"column":14},"end":{"line":28,"column":19}},"loc":{"start":{"line":28,"column":36},"end":{"line":30,"column":3}},"line":28},"5":{"name":"destroy","decl":{"start":{"line":31,"column":14},"end":{"line":31,"column":21}},"loc":{"start":{"line":31,"column":33},"end":{"line":33,"column":3}},"line":31},"6":{"name":"create_each_block","decl":{"start":{"line":48,"column":9},"end":{"line":48,"column":26}},"loc":{"start":{"line":48,"column":32},"end":{"line":108,"column":1}},"line":48},"7":{"name":"create","decl":{"start":{"line":58,"column":14},"end":{"line":58,"column":20}},"loc":{"start":{"line":58,"column":23},"end":{"line":68,"column":3}},"line":58},"8":{"name":"mount","decl":{"start":{"line":69,"column":14},"end":{"line":69,"column":19}},"loc":{"start":{"line":69,"column":36},"end":{"line":76,"column":3}},"line":69},"9":{"name":"update","decl":{"start":{"line":77,"column":14},"end":{"line":77,"column":20}},"loc":{"start":{"line":77,"column":33},"end":{"line":92,"column":3}},"line":77},"10":{"name":"destroy","decl":{"start":{"line":93,"column":14},"end":{"line":93,"column":21}},"loc":{"start":{"line":93,"column":33},"end":{"line":96,"column":3}},"line":93},"11":{"name":"create_fragment","decl":{"start":{"line":110,"column":9},"end":{"line":110,"column":24}},"loc":{"start":{"line":110,"column":30},"end":{"line":183,"column":1}},"line":110},"12":{"name":"create","decl":{"start":{"line":121,"column":14},"end":{"line":121,"column":20}},"loc":{"start":{"line":121,"column":23},"end":{"line":130,"column":3}},"line":121},"13":{"name":"claim","decl":{"start":{"line":131,"column":14},"end":{"line":131,"column":19}},"loc":{"start":{"line":131,"column":27},"end":{"line":133,"column":3}},"line":131},"14":{"name":"mount","decl":{"start":{"line":134,"column":14},"end":{"line":134,"column":19}},"loc":{"start":{"line":134,"column":36},"end":{"line":140,"column":3}},"line":134},"15":{"name":"update","decl":{"start":{"line":141,"column":14},"end":{"line":141,"column":20}},"loc":{"start":{"line":141,"column":35},"end":{"line":165,"column":3}},"line":141},"16":{"name":"destroy","decl":{"start":{"line":168,"column":14},"end":{"line":168,"column":21}},"loc":{"start":{"line":168,"column":33},"end":{"line":171,"column":3}},"line":168},"17":{"name":"instance","decl":{"start":{"line":185,"column":9},"end":{"line":185,"column":17}},"loc":{"start":{"line":185,"column":49},"end":{"line":199,"column":1}},"line":185},"18":{"name":"(anonymous_18)","decl":{"start":{"line":188,"column":42},"end":{"line":188,"column":43}},"loc":{"start":{"line":188,"column":53},"end":{"line":188,"column":92}},"line":188},"19":{"name":"(anonymous_19)","decl":{"start":{"line":193,"column":30},"end":{"line":193,"column":31}},"loc":{"start":{"line":193,"column":37},"end":{"line":195,"column":2}},"line":193},"20":{"name":"(anonymous_20)","decl":{"start":{"line":197,"column":25},"end":{"line":197,"column":26}},"loc":{"start":{"line":197,"column":32},"end":{"line":197,"column":61}},"line":197},"21":{"name":"(anonymous_21)","decl":{"start":{"line":202,"column":1},"end":{"line":202,"column":2}},"loc":{"start":{"line":202,"column":22},"end":{"line":212,"column":2}},"line":202}},"branchMap":{"0":{"loc":{"start":{"line":32,"column":3},"end":{"line":32,"column":32}},"type":"if","locations":[{"start":{"line":32,"column":3},"end":{"line":32,"column":32}},{"start":{},"end":{}}],"line":32},"1":{"loc":{"start":{"line":55,"column":28},"end":{"line":55,"column":66}},"type":"binary-expr","locations":[{"start":{"line":55,"column":28},"end":{"line":55,"column":42}},{"start":{"line":55,"column":46},"end":{"line":55,"column":66}}],"line":55},"2":{"loc":{"start":{"line":60,"column":3},"end":{"line":60,"column":30}},"type":"if","locations":[{"start":{"line":60,"column":3},"end":{"line":60,"column":30}},{"start":{},"end":{}}],"line":60},"3":{"loc":{"start":{"line":71,"column":3},"end":{"line":71,"column":39}},"type":"if","locations":[{"start":{"line":71,"column":3},"end":{"line":71,"column":39}},{"start":{},"end":{}}],"line":71},"4":{"loc":{"start":{"line":78,"column":3},"end":{"line":89,"column":4}},"type":"if","locations":[{"start":{"line":78,"column":3},"end":{"line":89,"column":4}},{"start":{"line":86,"column":10},"end":{"line":89,"column":4}}],"line":78},"5":{"loc":{"start":{"line":79,"column":4},"end":{"line":85,"column":5}},"type":"if","locations":[{"start":{"line":79,"column":4},"end":{"line":85,"column":5}},{"start":{"line":81,"column":11},"end":{"line":85,"column":5}}],"line":79},"6":{"loc":{"start":{"line":86,"column":10},"end":{"line":89,"column":4}},"type":"if","locations":[{"start":{"line":86,"column":10},"end":{"line":89,"column":4}},{"start":{},"end":{}}],"line":86},"7":{"loc":{"start":{"line":91,"column":3},"end":{"line":91,"column":123}},"type":"if","locations":[{"start":{"line":91,"column":3},"end":{"line":91,"column":123}},{"start":{},"end":{}}],"line":91},"8":{"loc":{"start":{"line":91,"column":7},"end":{"line":91,"column":94}},"type":"binary-expr","locations":[{"start":{"line":91,"column":7},"end":{"line":91,"column":33}},{"start":{"line":91,"column":37},"end":{"line":91,"column":94}}],"line":91},"9":{"loc":{"start":{"line":94,"column":3},"end":{"line":94,"column":34}},"type":"if","locations":[{"start":{"line":94,"column":3},"end":{"line":94,"column":34}},{"start":{},"end":{}}],"line":94},"10":{"loc":{"start":{"line":95,"column":3},"end":{"line":95,"column":30}},"type":"if","locations":[{"start":{"line":95,"column":3},"end":{"line":95,"column":30}},{"start":{},"end":{}}],"line":95},"11":{"loc":{"start":{"line":142,"column":3},"end":{"line":164,"column":4}},"type":"if","locations":[{"start":{"line":142,"column":3},"end":{"line":164,"column":4}},{"start":{},"end":{}}],"line":142},"12":{"loc":{"start":{"line":150,"column":5},"end":{"line":156,"column":6}},"type":"if","locations":[{"start":{"line":150,"column":5},"end":{"line":156,"column":6}},{"start":{"line":152,"column":12},"end":{"line":156,"column":6}}],"line":150},"13":{"loc":{"start":{"line":169,"column":3},"end":{"line":169,"column":34}},"type":"if","locations":[{"start":{"line":169,"column":3},"end":{"line":169,"column":34}},{"start":{},"end":{}}],"line":169},"14":{"loc":{"start":{"line":189,"column":16},"end":{"line":189,"column":26}},"type":"default-arg","locations":[{"start":{"line":189,"column":24},"end":{"line":189,"column":26}}],"line":189},"15":{"loc":{"start":{"line":194,"column":2},"end":{"line":194,"column":158}},"type":"if","locations":[{"start":{"line":194,"column":2},"end":{"line":194,"column":158}},{"start":{},"end":{}}],"line":194},"16":{"loc":{"start":{"line":194,"column":6},"end":{"line":194,"column":81}},"type":"binary-expr","locations":[{"start":{"line":194,"column":6},"end":{"line":194,"column":35}},{"start":{"line":194,"column":39},"end":{"line":194,"column":63}},{"start":{"line":194,"column":67},"end":{"line":194,"column":81}}],"line":194}},"s":{"0":1,"1":1,"2":1,"3":4,"4":24,"5":24,"6":24,"7":9,"8":9,"9":9,"10":9,"11":9,"12":9,"13":0,"14":9,"15":9,"16":18,"17":18,"18":18,"19":18,"20":18,"21":9,"22":18,"23":18,"24":18,"25":18,"26":18,"27":18,"28":18,"29":18,"30":18,"31":9,"32":18,"33":18,"34":18,"35":18,"36":6,"37":3,"38":0,"39":0,"40":0,"41":3,"42":0,"43":0,"44":6,"45":0,"46":18,"47":0,"48":18,"49":9,"50":18,"51":18,"52":4,"53":4,"54":4,"55":4,"56":4,"57":12,"58":4,"59":4,"60":4,"61":4,"62":12,"63":4,"64":4,"65":0,"66":4,"67":4,"68":4,"69":12,"70":3,"71":3,"72":3,"73":3,"74":12,"75":12,"76":6,"77":6,"78":6,"79":6,"80":3,"81":0,"82":3,"83":4,"84":0,"85":4,"86":4,"87":4,"88":4,"89":4,"90":7,"91":4,"92":4,"93":4,"94":4,"95":0,"96":0,"97":4,"98":0,"99":4,"100":4,"101":4,"102":4,"103":1,"104":1},"f":{"0":4,"1":24,"2":9,"3":9,"4":9,"5":9,"6":18,"7":18,"8":18,"9":6,"10":18,"11":4,"12":4,"13":0,"14":4,"15":3,"16":4,"17":4,"18":7,"19":0,"20":0,"21":4},"b":{"0":[0,9],"1":[18,9],"2":[9,9],"3":[9,9],"4":[3,3],"5":[3,0],"6":[0,3],"7":[0,6],"8":[6,6],"9":[0,18],"10":[9,9],"11":[3,0],"12":[6,6],"13":[0,4],"14":[4],"15":[0,0],"16":[0,0,0]},"inputSourceMap":{"0":"{","1":"\"","2":"v","3":"e","4":"r","5":"s","6":"i","7":"o","8":"n","9":"\"","10":":","11":"3","12":",","13":"\"","14":"m","15":"a","16":"p","17":"p","18":"i","19":"n","20":"g","21":"s","22":"\"","23":":","24":"\"","25":";","26":";","27":";","28":";","29":"Q","30":"A","31":"C","32":"W","33":",","34":"W","35":"A","36":"A","37":"W","38":";","39":";","40":";","41":";","42":";","43":";","44":";","45":";","46":";","47":";","48":";","49":";","50":";","51":";","52":";","53":";","54":";","55":";","56":";","57":";","58":";","59":";","60":";","61":";","62":"G","63":"A","64":"O","65":"d","66":",","67":"U","68":"A","69":"A","70":"s","71":"C","72":";","73":";","74":";","75":";","76":";","77":";","78":";","79":";","80":";","81":";","82":";","83":";","84":";","85":";","86":";","87":";","88":";","89":";","90":";","91":";","92":";","93":";","94":";","95":"4","96":"B","97":"A","98":"E","99":"p","100":"C","101":",","102":"G","103":"A","104":"A","105":"O","106":",","107":"I","108":"A","109":"A","110":"C","111":",","112":"O","113":"A","114":"A","115":"O","116":";","117":";","118":";","119":"4","120":"B","121":"A","122":"H","123":"d","124":",","125":"G","126":"A","127":"A","128":"O","129":",","130":"I","131":"A","132":"A","133":"C","134":",","135":"O","136":"A","137":"A","138":"O","139":";","140":";","141":";","142":";","143":";","144":";","145":";","146":";","147":";","148":";","149":";","150":";","151":";","152":";","153":";","154":"G","155":"A","156":"D","157":"t","158":"B","159":",","160":"U","161":"A","162":"K","163":"K","164":";","165":";","166":";","167":"G","168":"A","169":"D","170":"H","171":",","172":"U","173":"A","174":"A","175":"u","176":"B","177":";","178":";","179":";","180":";","181":";","182":"m","183":"B","184":"A","185":"H","186":"l","187":"B","188":",","189":"G","190":"A","191":"A","192":"O","193":",","194":"I","195":"A","196":"A","197":"C","198":",","199":"O","200":"A","201":"A","202":"O","203":";","204":";","205":";","206":";","207":";","208":";","209":";","210":";","211":";","212":";","213":";","214":";","215":";","216":"0","217":"E","218":"A","219":"G","220":"h","221":"B","222":",","223":"G","224":"A","225":"A","226":"O","227":",","228":"I","229":"A","230":"A","231":"C","232":",","233":"O","234":"A","235":"A","236":"O","237":";","238":";","239":";","240":";","241":";","242":";","243":";","244":";","245":";","246":";","247":";","248":";","249":";","250":";","251":";","252":";","253":";","254":";","255":";","256":";","257":";","258":"m","259":"C","260":"A","261":"L","262":"h","263":"B","264":",","265":"G","266":"A","267":"A","268":"Y","269":";","270":";","271":";","272":";","273":"g","274":"C","275":"A","276":"A","277":"j","278":"B","279":",","280":"M","281":"A","282":"A","283":"I","284":";","285":";","286":";","287":";","288":";","289":";","290":";","291":";","292":";","293":";","294":";","295":";","296":";","297":";","298":";","299":";","300":";","301":";","302":";","303":"G","304":"A","305":"D","306":"R","307":",","308":"U","309":"A","310":"S","311":"K","312":";","313":";","314":";","315":";","316":";","317":";","318":";","319":";","320":"k","321":"C","322":"A","323":"R","324":"I","325":",","326":"G","327":"A","328":"A","329":"Y","330":";","331":";","332":";","333":";","334":"+","335":"B","336":"A","337":"A","338":"j","339":"B","340":",","341":"M","342":"A","343":"A","344":"I","345":";","346":";","347":";","348":";","349":";","350":";","351":";","352":";","353":";","354":";","355":";","356":";","357":";","358":";","359":";","360":";","361":"o","362":"C","363":"A","364":"A","365":"J","366":",","367":"M","368":"A","369":"A","370":"I","371":";","372":";","373":";","374":";","375":";","376":";","377":";","378":";","379":";","380":";","381":";","382":";","383":";","384":";","385":";","386":";","387":";","388":";","389":";","390":";","391":";","392":";","393":";","394":";","395":";","396":";","397":";","398":";","399":";","400":";","401":";","402":";","403":";","404":";","405":";","406":";","407":";","408":";","409":";","410":";","411":";","412":";","413":";","414":";","415":";","416":";","417":";","418":";","419":";","420":";","421":";","422":";","423":"\"","424":",","425":"\"","426":"n","427":"a","428":"m","429":"e","430":"s","431":"\"","432":":","433":"[","434":"]","435":",","436":"\"","437":"s","438":"o","439":"u","440":"r","441":"c","442":"e","443":"s","444":"\"","445":":","446":"[","447":"\"","448":"T","449":"e","450":"r","451":"m","452":"i","453":"n","454":"a","455":"l","456":"C","457":"o","458":"n","459":"t","460":"a","461":"i","462":"n","463":"e","464":"r","465":".","466":"s","467":"v","468":"e","469":"l","470":"t","471":"e","472":"\"","473":"]","474":"}"},"_coverageSchema":"1a1c01bbd47fc00a2c39e90264f33305004495a9","hash":"5c53a66d17b21559d9020a3d18c48594419ea4d3"}
,"/Users/chetheaker/Documents/Coding/projects/v1/src/components/Terminal/TerminalInput.svelte": {"path":"/Users/chetheaker/Documents/Coding/projects/v1/src/components/Terminal/TerminalInput.svelte","statementMap":{"0":{"start":{"line":4,"column":237},"end":{"line":4,"column":263}},"1":{"start":{"line":5,"column":20},"end":{"line":5,"column":37}},"2":{"start":{"line":6,"column":24},"end":{"line":6,"column":59}},"3":{"start":{"line":7,"column":13},"end":{"line":7,"column":35}},"4":{"start":{"line":10,"column":1},"end":{"line":10,"column":955}},"5":{"start":{"line":21,"column":15},"end":{"line":64,"column":2}},"6":{"start":{"line":23,"column":3},"end":{"line":23,"column":26}},"7":{"start":{"line":24,"column":3},"end":{"line":24,"column":20}},"8":{"start":{"line":25,"column":3},"end":{"line":25,"column":15}},"9":{"start":{"line":26,"column":3},"end":{"line":26,"column":30}},"10":{"start":{"line":27,"column":3},"end":{"line":27,"column":53}},"11":{"start":{"line":28,"column":3},"end":{"line":28,"column":37}},"12":{"start":{"line":29,"column":3},"end":{"line":29,"column":44}},"13":{"start":{"line":30,"column":3},"end":{"line":30,"column":46}},"14":{"start":{"line":31,"column":3},"end":{"line":31,"column":47}},"15":{"start":{"line":32,"column":3},"end":{"line":32,"column":43}},"16":{"start":{"line":33,"column":3},"end":{"line":33,"column":44}},"17":{"start":{"line":34,"column":3},"end":{"line":34,"column":40}},"18":{"start":{"line":37,"column":3},"end":{"line":37,"column":114}},"19":{"start":{"line":40,"column":3},"end":{"line":40,"column":36}},"20":{"start":{"line":41,"column":3},"end":{"line":41,"column":23}},"21":{"start":{"line":42,"column":3},"end":{"line":42,"column":23}},"22":{"start":{"line":43,"column":3},"end":{"line":43,"column":29}},"23":{"start":{"line":44,"column":23},"end":{"line":44,"column":39}},"24":{"start":{"line":46,"column":3},"end":{"line":53,"column":4}},"25":{"start":{"line":47,"column":4},"end":{"line":50,"column":6}},"26":{"start":{"line":52,"column":4},"end":{"line":52,"column":19}},"27":{"start":{"line":59,"column":3},"end":{"line":59,"column":35}},"28":{"start":{"line":59,"column":18},"end":{"line":59,"column":35}},"29":{"start":{"line":60,"column":23},"end":{"line":60,"column":36}},"30":{"start":{"line":61,"column":3},"end":{"line":61,"column":19}},"31":{"start":{"line":62,"column":3},"end":{"line":62,"column":20}},"32":{"start":{"line":66,"column":1},"end":{"line":72,"column":4}},"33":{"start":{"line":74,"column":1},"end":{"line":74,"column":14}},"34":{"start":{"line":78,"column":40},"end":{"line":78,"column":47}},"35":{"start":{"line":79,"column":1},"end":{"line":79,"column":44}},"36":{"start":{"line":81,"column":1},"end":{"line":81,"column":30}},"37":{"start":{"line":81,"column":15},"end":{"line":81,"column":28}},"38":{"start":{"line":83,"column":23},"end":{"line":88,"column":2}},"39":{"start":{"line":84,"column":2},"end":{"line":84,"column":27}},"40":{"start":{"line":84,"column":20},"end":{"line":84,"column":27}},"41":{"start":{"line":85,"column":21},"end":{"line":85,"column":60}},"42":{"start":{"line":86,"column":2},"end":{"line":86,"column":95}},"43":{"start":{"line":86,"column":29},"end":{"line":86,"column":93}},"44":{"start":{"line":87,"column":2},"end":{"line":87,"column":43}},"45":{"start":{"line":90,"column":24},"end":{"line":90,"column":26}},"46":{"start":{"line":92,"column":1},"end":{"line":94,"column":4}},"47":{"start":{"line":93,"column":2},"end":{"line":93,"column":154}},"48":{"start":{"line":93,"column":83},"end":{"line":93,"column":154}},"49":{"start":{"line":97,"column":2},"end":{"line":100,"column":5}},"50":{"start":{"line":98,"column":3},"end":{"line":98,"column":19}},"51":{"start":{"line":99,"column":3},"end":{"line":99,"column":26}},"52":{"start":{"line":103,"column":22},"end":{"line":103,"column":41}},"53":{"start":{"line":103,"column":28},"end":{"line":103,"column":41}},"54":{"start":{"line":105,"column":1},"end":{"line":110,"column":4}},"55":{"start":{"line":105,"column":32},"end":{"line":110,"column":2}},"56":{"start":{"line":112,"column":1},"end":{"line":114,"column":3}},"57":{"start":{"line":113,"column":2},"end":{"line":113,"column":65}},"58":{"start":{"line":113,"column":26},"end":{"line":113,"column":65}},"59":{"start":{"line":116,"column":1},"end":{"line":118,"column":2}},"60":{"start":{"line":117,"column":2},"end":{"line":117,"column":41}},"61":{"start":{"line":120,"column":1},"end":{"line":120,"column":62}},"62":{"start":{"line":125,"column":2},"end":{"line":125,"column":17}},"63":{"start":{"line":126,"column":2},"end":{"line":126,"column":78}},"64":{"start":{"line":128,"column":2},"end":{"line":133,"column":5}},"65":{"start":{"line":137,"column":0},"end":{"line":137,"column":32}},"66":{"start":{"line":137,"column":32},"end":{"line":137,"column":94}}},"fnMap":{"0":{"name":"add_css","decl":{"start":{"line":9,"column":9},"end":{"line":9,"column":16}},"loc":{"start":{"line":9,"column":25},"end":{"line":11,"column":1}},"line":9},"1":{"name":"create_fragment","decl":{"start":{"line":13,"column":9},"end":{"line":13,"column":24}},"loc":{"start":{"line":13,"column":30},"end":{"line":75,"column":1}},"line":13},"2":{"name":"create","decl":{"start":{"line":22,"column":14},"end":{"line":22,"column":20}},"loc":{"start":{"line":22,"column":23},"end":{"line":35,"column":3}},"line":22},"3":{"name":"claim","decl":{"start":{"line":36,"column":14},"end":{"line":36,"column":19}},"loc":{"start":{"line":36,"column":27},"end":{"line":38,"column":3}},"line":36},"4":{"name":"mount","decl":{"start":{"line":39,"column":14},"end":{"line":39,"column":19}},"loc":{"start":{"line":39,"column":36},"end":{"line":54,"column":3}},"line":39},"5":{"name":"destroy","decl":{"start":{"line":58,"column":14},"end":{"line":58,"column":21}},"loc":{"start":{"line":58,"column":33},"end":{"line":63,"column":3}},"line":58},"6":{"name":"instance","decl":{"start":{"line":77,"column":9},"end":{"line":77,"column":17}},"loc":{"start":{"line":77,"column":49},"end":{"line":121,"column":1}},"line":77},"7":{"name":"(anonymous_7)","decl":{"start":{"line":81,"column":9},"end":{"line":81,"column":10}},"loc":{"start":{"line":81,"column":15},"end":{"line":81,"column":28}},"line":81},"8":{"name":"(anonymous_8)","decl":{"start":{"line":83,"column":23},"end":{"line":83,"column":24}},"loc":{"start":{"line":83,"column":29},"end":{"line":88,"column":2}},"line":83},"9":{"name":"(anonymous_9)","decl":{"start":{"line":86,"column":21},"end":{"line":86,"column":22}},"loc":{"start":{"line":86,"column":29},"end":{"line":86,"column":93}},"line":86},"10":{"name":"(anonymous_10)","decl":{"start":{"line":92,"column":30},"end":{"line":92,"column":31}},"loc":{"start":{"line":92,"column":37},"end":{"line":94,"column":2}},"line":92},"11":{"name":"input_1_binding","decl":{"start":{"line":96,"column":10},"end":{"line":96,"column":25}},"loc":{"start":{"line":96,"column":35},"end":{"line":101,"column":2}},"line":96},"12":{"name":"(anonymous_12)","decl":{"start":{"line":97,"column":50},"end":{"line":97,"column":51}},"loc":{"start":{"line":97,"column":56},"end":{"line":100,"column":3}},"line":97},"13":{"name":"(anonymous_13)","decl":{"start":{"line":103,"column":22},"end":{"line":103,"column":23}},"loc":{"start":{"line":103,"column":28},"end":{"line":103,"column":41}},"line":103},"14":{"name":"(anonymous_14)","decl":{"start":{"line":105,"column":25},"end":{"line":105,"column":26}},"loc":{"start":{"line":105,"column":32},"end":{"line":110,"column":2}},"line":105},"15":{"name":"(anonymous_15)","decl":{"start":{"line":112,"column":24},"end":{"line":112,"column":25}},"loc":{"start":{"line":112,"column":35},"end":{"line":114,"column":2}},"line":112},"16":{"name":"(anonymous_16)","decl":{"start":{"line":124,"column":1},"end":{"line":124,"column":2}},"loc":{"start":{"line":124,"column":22},"end":{"line":134,"column":2}},"line":124}},"branchMap":{"0":{"loc":{"start":{"line":46,"column":3},"end":{"line":53,"column":4}},"type":"if","locations":[{"start":{"line":46,"column":3},"end":{"line":53,"column":4}},{"start":{},"end":{}}],"line":46},"1":{"loc":{"start":{"line":59,"column":3},"end":{"line":59,"column":35}},"type":"if","locations":[{"start":{"line":59,"column":3},"end":{"line":59,"column":35}},{"start":{},"end":{}}],"line":59},"2":{"loc":{"start":{"line":78,"column":16},"end":{"line":78,"column":26}},"type":"default-arg","locations":[{"start":{"line":78,"column":24},"end":{"line":78,"column":26}}],"line":78},"3":{"loc":{"start":{"line":84,"column":2},"end":{"line":84,"column":27}},"type":"if","locations":[{"start":{"line":84,"column":2},"end":{"line":84,"column":27}},{"start":{},"end":{}}],"line":84},"4":{"loc":{"start":{"line":93,"column":2},"end":{"line":93,"column":154}},"type":"if","locations":[{"start":{"line":93,"column":2},"end":{"line":93,"column":154}},{"start":{},"end":{}}],"line":93},"5":{"loc":{"start":{"line":93,"column":6},"end":{"line":93,"column":81}},"type":"binary-expr","locations":[{"start":{"line":93,"column":6},"end":{"line":93,"column":35}},{"start":{"line":93,"column":39},"end":{"line":93,"column":63}},{"start":{"line":93,"column":67},"end":{"line":93,"column":81}}],"line":93},"6":{"loc":{"start":{"line":97,"column":20},"end":{"line":97,"column":48}},"type":"cond-expr","locations":[{"start":{"line":97,"column":30},"end":{"line":97,"column":39}},{"start":{"line":97,"column":42},"end":{"line":97,"column":48}}],"line":97},"7":{"loc":{"start":{"line":113,"column":2},"end":{"line":113,"column":65}},"type":"if","locations":[{"start":{"line":113,"column":2},"end":{"line":113,"column":65}},{"start":{},"end":{}}],"line":113},"8":{"loc":{"start":{"line":116,"column":1},"end":{"line":118,"column":2}},"type":"if","locations":[{"start":{"line":116,"column":1},"end":{"line":118,"column":2}},{"start":{},"end":{}}],"line":116},"9":{"loc":{"start":{"line":116,"column":5},"end":{"line":116,"column":37}},"type":"binary-expr","locations":[{"start":{"line":116,"column":5},"end":{"line":116,"column":12}},{"start":{"line":116,"column":16},"end":{"line":116,"column":37}}],"line":116}},"s":{"0":1,"1":1,"2":1,"3":1,"4":4,"5":4,"6":4,"7":4,"8":4,"9":4,"10":4,"11":4,"12":4,"13":4,"14":4,"15":4,"16":4,"17":4,"18":0,"19":4,"20":4,"21":4,"22":4,"23":4,"24":4,"25":4,"26":4,"27":4,"28":0,"29":4,"30":4,"31":4,"32":4,"33":4,"34":4,"35":4,"36":4,"37":4,"38":4,"39":4,"40":1,"41":3,"42":3,"43":3,"44":3,"45":4,"46":4,"47":0,"48":0,"49":8,"50":7,"51":7,"52":4,"53":0,"54":4,"55":0,"56":4,"57":0,"58":0,"59":4,"60":0,"61":4,"62":4,"63":4,"64":4,"65":1,"66":1},"f":{"0":4,"1":4,"2":4,"3":0,"4":4,"5":4,"6":4,"7":4,"8":4,"9":3,"10":0,"11":8,"12":7,"13":0,"14":0,"15":0,"16":4},"b":{"0":[4,0],"1":[0,4],"2":[4],"3":[1,3],"4":[0,0],"5":[0,0,0],"6":[4,4],"7":[0,0],"8":[0,4],"9":[4,4]},"inputSourceMap":{"0":"{","1":"\"","2":"v","3":"e","4":"r","5":"s","6":"i","7":"o","8":"n","9":"\"","10":":","11":"3","12":",","13":"\"","14":"m","15":"a","16":"p","17":"p","18":"i","19":"n","20":"g","21":"s","22":"\"","23":":","24":"\"","25":";","26":";","27":";","28":";","29":"Q","30":"A","31":"C","32":"W","33":",","34":"O","35":"A","36":"A","37":"O","38":";","39":"Q","40":"A","41":"C","42":"P","43":",","44":"W","45":"A","46":"A","47":"W","48":";","49":";","50":";","51":";","52":";","53":";","54":";","55":";","56":";","57":";","58":";","59":";","60":";","61":";","62":";","63":";","64":";","65":";","66":";","67":";","68":";","69":";","70":";","71":";","72":";","73":";","74":";","75":";","76":";","77":";","78":";","79":";","80":";","81":";","82":"G","83":"A","84":"q","85":"B","86":"t","87":"B","88":",","89":"U","90":"A","91":"Q","92":"M","93":";","94":"G","95":"A","96":"P","97":"J","98":",","99":"U","100":"A","101":"A","102":"s","103":"C","104":";","105":";","106":"G","107":"A","108":"C","109":"t","110":"C","111":",","112":"U","113":"A","114":"K","115":"C","116":";","117":";","118":";","119":";","120":";","121":";","122":"k","123":"E","124":"A","125":"P","126":"6","127":"B","128":",","129":"G","130":"A","131":"A","132":"a","133":";","134":";","135":";","136":";","137":";","138":";","139":";","140":";","141":";","142":";","143":";","144":";","145":";","146":";","147":";","148":";","149":";","150":";","151":";","152":";","153":";","154":";","155":";","156":";","157":";","158":";","159":";","160":";","161":";","162":";","163":";","164":"K","165":"A","166":"n","167":"B","168":"v","169":"C","170":",","171":"K","172":"A","173":"A","174":"u","175":"B","176":";","177":"C","178":"A","179":"E","180":"3","181":"B","182":",","183":"O","184":"A","185":"A","186":"O","187":",","188":"O","189":"A","190":"A","191":"O","192":",","193":"K","194":"A","195":"A","196":"K","197":",","198":"C","199":"A","200":"A","201":"C","202":",","203":"K","204":"A","205":"A","206":"K","207":";","208":";","209":"O","210":"A","211":"E","212":"n","213":"B","214":",","215":"a","216":"A","217":"A","218":"a","219":";","220":"O","221":"A","222":"C","223":"Z","224":",","225":"K","226":"A","227":"A","228":"K","229":",","230":"C","231":"A","232":"A","233":"C","234":",","235":"K","236":"A","237":"A","238":"K","239":";","240":"Q","241":"A","242":"C","243":"V","244":",","245":"U","246":"A","247":"A","248":"U","249":",","250":"K","251":"A","252":"C","253":"d","254":",","255":"O","256":"A","257":"A","258":"O","259":",","260":"E","261":"A","262":"A","263":"E","264":",","265":"K","266":"A","267":"A","268":"K","269":",","270":"C","271":"A","272":"A","273":"C","274":",","275":"K","276":"A","277":"A","278":"K","279":",","280":"E","281":"A","282":"C","283":"p","284":"B","285":",","286":"O","287":"A","288":"A","289":"O","290":",","291":"E","292":"A","293":"A","294":"E","295":",","296":"I","297":"A","298":"A","299":"A","300":";","301":"E","302":"A","303":"E","304":"X","305":",","306":"W","307":"A","308":"A","309":"W","310":",","311":"C","312":"A","313":"A","314":"C","315":",","316":"M","317":"A","318":"A","319":"M","320":",","321":"C","322":"A","323":"A","324":"E","325":",","326":"I","327":"A","328":"A","329":"I","330":",","331":"Q","332":"A","333":"C","334":"n","335":"B","336":",","337":"I","338":"A","339":"A","340":"I","341":",","342":"E","343":"A","344":"C","345":"P","346":",","347":"U","348":"A","349":"A","350":"U","351":",","352":"I","353":"A","354":"C","355":"R","356":",","357":"O","358":"A","359":"A","360":"O","361":",","362":"E","363":"A","364":"A","365":"E","366":",","367":"K","368":"A","369":"A","370":"K","371":",","372":"E","373":"A","374":"A","375":"E","376":",","377":"O","378":"A","379":"A","380":"O","381":",","382":"E","383":"A","384":"A","385":"E","386":",","387":"Y","388":"A","389":"A","390":"Y","391":";","392":"k","393":"B","394":"A","395":"E","396":"z","397":"C","398":",","399":"K","400":"A","401":"A","402":"K","403":",","404":"C","405":"A","406":"A","407":"C","408":",","409":"K","410":"A","411":"A","412":"K","413":",","414":"G","415":"A","416":"A","417":"G","418":",","419":"E","420":"A","421":"A","422":"E","423":";","424":";","425":";","426":";","427":";","428":";","429":";","430":";","431":";","432":";","433":";","434":"G","435":"A","436":"O","437":"L","438":",","439":"K","440":"A","441":"A","442":"K","443":";","444":";","445":";","446":";","447":";","448":"4","449":"B","450":"A","451":"C","452":"D","453":",","454":"K","455":"A","456":"A","457":"K","458":",","459":"C","460":"A","461":"A","462":"C","463":",","464":"K","465":"A","466":"A","467":"K","468":";","469":";","470":";","471":";","472":";","473":";","474":";","475":";","476":";","477":";","478":";","479":";","480":";","481":";","482":";","483":";","484":";","485":";","486":";","487":";","488":";","489":";","490":";","491":";","492":";","493":";","494":";","495":";","496":";","497":";","498":";","499":";","500":";","501":";","502":"\"","503":",","504":"\"","505":"n","506":"a","507":"m","508":"e","509":"s","510":"\"","511":":","512":"[","513":"]","514":",","515":"\"","516":"s","517":"o","518":"u","519":"r","520":"c","521":"e","522":"s","523":"\"","524":":","525":"[","526":"\"","527":"T","528":"e","529":"r","530":"m","531":"i","532":"n","533":"a","534":"l","535":"I","536":"n","537":"p","538":"u","539":"t","540":".","541":"s","542":"v","543":"e","544":"l","545":"t","546":"e","547":"\"","548":"]","549":"}"},"_coverageSchema":"1a1c01bbd47fc00a2c39e90264f33305004495a9","hash":"52f975dcd935ef3d4a559d4ce3e9fe6c10e000ad"}
,"/Users/chetheaker/Documents/Coding/projects/v1/src/components/Terminal/TopBar.svelte": {"path":"/Users/chetheaker/Documents/Coding/projects/v1/src/components/Terminal/TopBar.svelte","statementMap":{"0":{"start":{"line":4,"column":180},"end":{"line":4,"column":206}},"1":{"start":{"line":5,"column":13},"end":{"line":5,"column":28}},"2":{"start":{"line":8,"column":1},"end":{"line":8,"column":2024}},"3":{"start":{"line":27,"column":15},"end":{"line":87,"column":2}},"4":{"start":{"line":29,"column":3},"end":{"line":29,"column":24}},"5":{"start":{"line":30,"column":3},"end":{"line":30,"column":25}},"6":{"start":{"line":31,"column":3},"end":{"line":31,"column":25}},"7":{"start":{"line":32,"column":3},"end":{"line":32,"column":16}},"8":{"start":{"line":33,"column":3},"end":{"line":33,"column":25}},"9":{"start":{"line":34,"column":3},"end":{"line":34,"column":16}},"10":{"start":{"line":35,"column":3},"end":{"line":35,"column":25}},"11":{"start":{"line":36,"column":3},"end":{"line":36,"column":16}},"12":{"start":{"line":37,"column":3},"end":{"line":37,"column":25}},"13":{"start":{"line":38,"column":3},"end":{"line":38,"column":20}},"14":{"start":{"line":39,"column":3},"end":{"line":39,"column":16}},"15":{"start":{"line":40,"column":3},"end":{"line":40,"column":22}},"16":{"start":{"line":41,"column":3},"end":{"line":41,"column":31}},"17":{"start":{"line":42,"column":3},"end":{"line":42,"column":16}},"18":{"start":{"line":43,"column":3},"end":{"line":43,"column":25}},"19":{"start":{"line":44,"column":3},"end":{"line":44,"column":50}},"20":{"start":{"line":45,"column":3},"end":{"line":45,"column":38}},"21":{"start":{"line":46,"column":3},"end":{"line":46,"column":48}},"22":{"start":{"line":47,"column":3},"end":{"line":47,"column":38}},"23":{"start":{"line":48,"column":3},"end":{"line":48,"column":48}},"24":{"start":{"line":49,"column":3},"end":{"line":49,"column":38}},"25":{"start":{"line":50,"column":3},"end":{"line":50,"column":49}},"26":{"start":{"line":51,"column":3},"end":{"line":51,"column":37}},"27":{"start":{"line":52,"column":3},"end":{"line":52,"column":48}},"28":{"start":{"line":53,"column":3},"end":{"line":53,"column":36}},"29":{"start":{"line":54,"column":3},"end":{"line":54,"column":37}},"30":{"start":{"line":55,"column":3},"end":{"line":55,"column":51}},"31":{"start":{"line":56,"column":3},"end":{"line":56,"column":39}},"32":{"start":{"line":57,"column":3},"end":{"line":57,"column":50}},"33":{"start":{"line":58,"column":3},"end":{"line":58,"column":40}},"34":{"start":{"line":59,"column":3},"end":{"line":59,"column":43}},"35":{"start":{"line":60,"column":3},"end":{"line":60,"column":36}},"36":{"start":{"line":63,"column":3},"end":{"line":63,"column":114}},"37":{"start":{"line":66,"column":3},"end":{"line":66,"column":35}},"38":{"start":{"line":67,"column":3},"end":{"line":67,"column":25}},"39":{"start":{"line":68,"column":3},"end":{"line":68,"column":26}},"40":{"start":{"line":69,"column":3},"end":{"line":69,"column":24}},"41":{"start":{"line":70,"column":3},"end":{"line":70,"column":26}},"42":{"start":{"line":71,"column":3},"end":{"line":71,"column":24}},"43":{"start":{"line":72,"column":3},"end":{"line":72,"column":26}},"44":{"start":{"line":73,"column":3},"end":{"line":73,"column":23}},"45":{"start":{"line":74,"column":3},"end":{"line":74,"column":25}},"46":{"start":{"line":75,"column":3},"end":{"line":75,"column":23}},"47":{"start":{"line":76,"column":3},"end":{"line":76,"column":24}},"48":{"start":{"line":77,"column":3},"end":{"line":77,"column":24}},"49":{"start":{"line":78,"column":3},"end":{"line":78,"column":23}},"50":{"start":{"line":79,"column":3},"end":{"line":79,"column":25}},"51":{"start":{"line":85,"column":3},"end":{"line":85,"column":34}},"52":{"start":{"line":85,"column":18},"end":{"line":85,"column":34}},"53":{"start":{"line":89,"column":1},"end":{"line":95,"column":4}},"54":{"start":{"line":97,"column":1},"end":{"line":97,"column":14}},"55":{"start":{"line":101,"column":40},"end":{"line":101,"column":47}},"56":{"start":{"line":102,"column":1},"end":{"line":102,"column":37}},"57":{"start":{"line":103,"column":24},"end":{"line":103,"column":26}},"58":{"start":{"line":105,"column":1},"end":{"line":107,"column":4}},"59":{"start":{"line":106,"column":2},"end":{"line":106,"column":147}},"60":{"start":{"line":106,"column":83},"end":{"line":106,"column":147}},"61":{"start":{"line":109,"column":1},"end":{"line":109,"column":11}},"62":{"start":{"line":114,"column":2},"end":{"line":114,"column":17}},"63":{"start":{"line":115,"column":2},"end":{"line":115,"column":78}},"64":{"start":{"line":117,"column":2},"end":{"line":122,"column":5}},"65":{"start":{"line":126,"column":0},"end":{"line":126,"column":25}},"66":{"start":{"line":126,"column":25},"end":{"line":126,"column":87}}},"fnMap":{"0":{"name":"add_css","decl":{"start":{"line":7,"column":9},"end":{"line":7,"column":16}},"loc":{"start":{"line":7,"column":25},"end":{"line":9,"column":1}},"line":7},"1":{"name":"create_fragment","decl":{"start":{"line":11,"column":9},"end":{"line":11,"column":24}},"loc":{"start":{"line":11,"column":30},"end":{"line":98,"column":1}},"line":11},"2":{"name":"create","decl":{"start":{"line":28,"column":14},"end":{"line":28,"column":20}},"loc":{"start":{"line":28,"column":23},"end":{"line":61,"column":3}},"line":28},"3":{"name":"claim","decl":{"start":{"line":62,"column":14},"end":{"line":62,"column":19}},"loc":{"start":{"line":62,"column":27},"end":{"line":64,"column":3}},"line":62},"4":{"name":"mount","decl":{"start":{"line":65,"column":14},"end":{"line":65,"column":19}},"loc":{"start":{"line":65,"column":36},"end":{"line":80,"column":3}},"line":65},"5":{"name":"destroy","decl":{"start":{"line":84,"column":14},"end":{"line":84,"column":21}},"loc":{"start":{"line":84,"column":33},"end":{"line":86,"column":3}},"line":84},"6":{"name":"instance","decl":{"start":{"line":100,"column":9},"end":{"line":100,"column":17}},"loc":{"start":{"line":100,"column":35},"end":{"line":110,"column":1}},"line":100},"7":{"name":"(anonymous_7)","decl":{"start":{"line":105,"column":30},"end":{"line":105,"column":31}},"loc":{"start":{"line":105,"column":37},"end":{"line":107,"column":2}},"line":105},"8":{"name":"(anonymous_8)","decl":{"start":{"line":113,"column":1},"end":{"line":113,"column":2}},"loc":{"start":{"line":113,"column":22},"end":{"line":123,"column":2}},"line":113}},"branchMap":{"0":{"loc":{"start":{"line":85,"column":3},"end":{"line":85,"column":34}},"type":"if","locations":[{"start":{"line":85,"column":3},"end":{"line":85,"column":34}},{"start":{},"end":{}}],"line":85},"1":{"loc":{"start":{"line":101,"column":16},"end":{"line":101,"column":26}},"type":"default-arg","locations":[{"start":{"line":101,"column":24},"end":{"line":101,"column":26}}],"line":101},"2":{"loc":{"start":{"line":106,"column":2},"end":{"line":106,"column":147}},"type":"if","locations":[{"start":{"line":106,"column":2},"end":{"line":106,"column":147}},{"start":{},"end":{}}],"line":106},"3":{"loc":{"start":{"line":106,"column":6},"end":{"line":106,"column":81}},"type":"binary-expr","locations":[{"start":{"line":106,"column":6},"end":{"line":106,"column":35}},{"start":{"line":106,"column":39},"end":{"line":106,"column":63}},{"start":{"line":106,"column":67},"end":{"line":106,"column":81}}],"line":106}},"s":{"0":1,"1":1,"2":4,"3":4,"4":4,"5":4,"6":4,"7":4,"8":4,"9":4,"10":4,"11":4,"12":4,"13":4,"14":4,"15":4,"16":4,"17":4,"18":4,"19":4,"20":4,"21":4,"22":4,"23":4,"24":4,"25":4,"26":4,"27":4,"28":4,"29":4,"30":4,"31":4,"32":4,"33":4,"34":4,"35":4,"36":0,"37":4,"38":4,"39":4,"40":4,"41":4,"42":4,"43":4,"44":4,"45":4,"46":4,"47":4,"48":4,"49":4,"50":4,"51":4,"52":0,"53":4,"54":4,"55":4,"56":4,"57":4,"58":4,"59":0,"60":0,"61":4,"62":4,"63":4,"64":4,"65":1,"66":1},"f":{"0":4,"1":4,"2":4,"3":0,"4":4,"5":4,"6":4,"7":0,"8":4},"b":{"0":[0,4],"1":[4],"2":[0,0],"3":[0,0,0]},"inputSourceMap":{"0":"{","1":"\"","2":"v","3":"e","4":"r","5":"s","6":"i","7":"o","8":"n","9":"\"","10":":","11":"3","12":",","13":"\"","14":"m","15":"a","16":"p","17":"p","18":"i","19":"n","20":"g","21":"s","22":"\"","23":":","24":"\"","25":";","26":";","27":";","28":";","29":";","30":";","31":";","32":";","33":";","34":";","35":";","36":";","37":";","38":";","39":";","40":";","41":";","42":";","43":";","44":";","45":";","46":";","47":";","48":";","49":";","50":";","51":";","52":";","53":";","54":";","55":";","56":";","57":";","58":";","59":";","60":";","61":";","62":";","63":";","64":";","65":";","66":";","67":";","68":";","69":";","70":";","71":";","72":";","73":";","74":";","75":";","76":";","77":";","78":";","79":";","80":";","81":";","82":";","83":";","84":";","85":";","86":";","87":";","88":";","89":";","90":"G","91":"A","92":"A","93":"A","94":",","95":"U","96":"A","97":"W","98":"K","99":";","100":"G","101":"A","102":"V","103":"H","104":",","105":"U","106":"A","107":"I","108":"K","109":";","110":"G","111":"A","112":"H","113":"H","114":",","115":"U","116":"A","117":"A","118":"o","119":"B","120":";","121":";","122":"G","123":"A","124":"C","125":"p","126":"B","127":",","128":"U","129":"A","130":"A","131":"k","132":"B","133":";","134":";","135":"G","136":"A","137":"C","138":"l","139":"B","140":",","141":"U","142":"A","143":"A","144":"k","145":"B","146":";","147":";","148":"G","149":"A","150":"E","151":"p","152":"B","153":",","154":"U","155":"A","156":"G","157":"K","158":";","159":"G","160":"A","161":"F","162":"H","163":",","164":"U","165":"A","166":"A","167":"i","168":"C","169":";","170":";","171":"G","172":"A","173":"C","174":"j","175":"C","176":",","177":"U","178":"A","179":"A","180":"g","181":"B","182":";","183":";","184":"G","185":"A","186":"E","187":"l","188":"B","189":",","190":"U","191":"A","192":"A","193":"o","194":"B","195":";","196":";","197":";","198":";","199":";","200":";","201":";","202":";","203":";","204":";","205":";","206":";","207":";","208":";","209":";","210":";","211":";","212":";","213":";","214":";","215":";","216":";","217":";","218":";","219":";","220":";","221":";","222":";","223":";","224":";","225":";","226":";","227":";","228":";","229":";","230":";","231":";","232":";","233":";","234":";","235":";","236":";","237":";","238":";","239":";","240":";","241":";","242":"\"","243":",","244":"\"","245":"n","246":"a","247":"m","248":"e","249":"s","250":"\"","251":":","252":"[","253":"]","254":",","255":"\"","256":"s","257":"o","258":"u","259":"r","260":"c","261":"e","262":"s","263":"\"","264":":","265":"[","266":"\"","267":"T","268":"o","269":"p","270":"B","271":"a","272":"r","273":".","274":"s","275":"v","276":"e","277":"l","278":"t","279":"e","280":"\"","281":"]","282":"}"},"_coverageSchema":"1a1c01bbd47fc00a2c39e90264f33305004495a9","hash":"357d6acd0294b5d3f7a387008d071cfaf79df425"}
,"/Users/chetheaker/Documents/Coding/projects/v1/src/stores/commandList.ts": {"path":"/Users/chetheaker/Documents/Coding/projects/v1/src/stores/commandList.ts","statementMap":{"0":{"start":{"line":1,"column":0},"end":{"line":1,"column":40}},"1":{"start":{"line":4,"column":13},"end":{"line":4,"column":51}}},"fnMap":{},"branchMap":{},"s":{"0":1,"1":1},"f":{},"b":{}}
}
