{"/Users/chetheaker/Documents/Coding/projects/v1/src/App.svelte": {"path":"/Users/chetheaker/Documents/Coding/projects/v1/src/App.svelte","statementMap":{"0":{"start":{"line":4,"column":265},"end":{"line":4,"column":291}},"1":{"start":{"line":5,"column":25},"end":{"line":5,"column":59}},"2":{"start":{"line":6,"column":30},"end":{"line":6,"column":78}},"3":{"start":{"line":7,"column":13},"end":{"line":7,"column":25}},"4":{"start":{"line":17,"column":1},"end":{"line":17,"column":35}},"5":{"start":{"line":18,"column":1},"end":{"line":18,"column":45}},"6":{"start":{"line":20,"column":15},"end":{"line":61,"column":2}},"7":{"start":{"line":22,"column":3},"end":{"line":22,"column":30}},"8":{"start":{"line":23,"column":3},"end":{"line":23,"column":16}},"9":{"start":{"line":24,"column":3},"end":{"line":24,"column":37}},"10":{"start":{"line":25,"column":3},"end":{"line":25,"column":16}},"11":{"start":{"line":26,"column":3},"end":{"line":26,"column":42}},"12":{"start":{"line":27,"column":3},"end":{"line":27,"column":141}},"13":{"start":{"line":27,"column":99},"end":{"line":27,"column":141}},"14":{"start":{"line":28,"column":3},"end":{"line":28,"column":48}},"15":{"start":{"line":29,"column":3},"end":{"line":29,"column":41}},"16":{"start":{"line":32,"column":3},"end":{"line":32,"column":114}},"17":{"start":{"line":35,"column":3},"end":{"line":35,"column":37}},"18":{"start":{"line":36,"column":3},"end":{"line":36,"column":34}},"19":{"start":{"line":37,"column":3},"end":{"line":37,"column":40}},"20":{"start":{"line":38,"column":3},"end":{"line":38,"column":34}},"21":{"start":{"line":39,"column":3},"end":{"line":39,"column":45}},"22":{"start":{"line":40,"column":3},"end":{"line":40,"column":18}},"23":{"start":{"line":44,"column":3},"end":{"line":44,"column":23}},"24":{"start":{"line":44,"column":16},"end":{"line":44,"column":23}},"25":{"start":{"line":45,"column":3},"end":{"line":45,"column":41}},"26":{"start":{"line":46,"column":3},"end":{"line":46,"column":46}},"27":{"start":{"line":47,"column":3},"end":{"line":47,"column":18}},"28":{"start":{"line":50,"column":3},"end":{"line":50,"column":42}},"29":{"start":{"line":51,"column":3},"end":{"line":51,"column":47}},"30":{"start":{"line":52,"column":3},"end":{"line":52,"column":19}},"31":{"start":{"line":55,"column":3},"end":{"line":55,"column":22}},"32":{"start":{"line":56,"column":3},"end":{"line":56,"column":33}},"33":{"start":{"line":56,"column":18},"end":{"line":56,"column":33}},"34":{"start":{"line":57,"column":3},"end":{"line":57,"column":37}},"35":{"start":{"line":58,"column":3},"end":{"line":58,"column":33}},"36":{"start":{"line":58,"column":18},"end":{"line":58,"column":33}},"37":{"start":{"line":59,"column":3},"end":{"line":59,"column":42}},"38":{"start":{"line":63,"column":1},"end":{"line":69,"column":4}},"39":{"start":{"line":71,"column":1},"end":{"line":71,"column":14}},"40":{"start":{"line":75,"column":40},"end":{"line":75,"column":47}},"41":{"start":{"line":76,"column":1},"end":{"line":76,"column":34}},"42":{"start":{"line":77,"column":24},"end":{"line":77,"column":26}},"43":{"start":{"line":79,"column":1},"end":{"line":81,"column":4}},"44":{"start":{"line":80,"column":2},"end":{"line":80,"column":144}},"45":{"start":{"line":80,"column":83},"end":{"line":80,"column":144}},"46":{"start":{"line":83,"column":1},"end":{"line":83,"column":51}},"47":{"start":{"line":83,"column":32},"end":{"line":83,"column":49}},"48":{"start":{"line":84,"column":1},"end":{"line":84,"column":11}},"49":{"start":{"line":89,"column":2},"end":{"line":89,"column":17}},"50":{"start":{"line":90,"column":2},"end":{"line":90,"column":69}},"51":{"start":{"line":92,"column":2},"end":{"line":97,"column":5}},"52":{"start":{"line":101,"column":0},"end":{"line":101,"column":22}},"53":{"start":{"line":101,"column":22},"end":{"line":101,"column":84}}},"fnMap":{"0":{"name":"create_fragment","decl":{"start":{"line":9,"column":9},"end":{"line":9,"column":24}},"loc":{"start":{"line":9,"column":30},"end":{"line":72,"column":1}},"line":9},"1":{"name":"create","decl":{"start":{"line":21,"column":14},"end":{"line":21,"column":20}},"loc":{"start":{"line":21,"column":23},"end":{"line":30,"column":3}},"line":21},"2":{"name":"claim","decl":{"start":{"line":31,"column":14},"end":{"line":31,"column":19}},"loc":{"start":{"line":31,"column":27},"end":{"line":33,"column":3}},"line":31},"3":{"name":"mount","decl":{"start":{"line":34,"column":14},"end":{"line":34,"column":19}},"loc":{"start":{"line":34,"column":36},"end":{"line":41,"column":3}},"line":34},"4":{"name":"intro","decl":{"start":{"line":43,"column":14},"end":{"line":43,"column":19}},"loc":{"start":{"line":43,"column":27},"end":{"line":48,"column":3}},"line":43},"5":{"name":"outro","decl":{"start":{"line":49,"column":14},"end":{"line":49,"column":19}},"loc":{"start":{"line":49,"column":27},"end":{"line":53,"column":3}},"line":49},"6":{"name":"destroy","decl":{"start":{"line":54,"column":14},"end":{"line":54,"column":21}},"loc":{"start":{"line":54,"column":33},"end":{"line":60,"column":3}},"line":54},"7":{"name":"instance","decl":{"start":{"line":74,"column":9},"end":{"line":74,"column":17}},"loc":{"start":{"line":74,"column":49},"end":{"line":85,"column":1}},"line":74},"8":{"name":"(anonymous_8)","decl":{"start":{"line":79,"column":30},"end":{"line":79,"column":31}},"loc":{"start":{"line":79,"column":37},"end":{"line":81,"column":2}},"line":79},"9":{"name":"(anonymous_9)","decl":{"start":{"line":83,"column":25},"end":{"line":83,"column":26}},"loc":{"start":{"line":83,"column":32},"end":{"line":83,"column":49}},"line":83},"10":{"name":"(anonymous_10)","decl":{"start":{"line":88,"column":1},"end":{"line":88,"column":2}},"loc":{"start":{"line":88,"column":22},"end":{"line":98,"column":2}},"line":88}},"branchMap":{"0":{"loc":{"start":{"line":27,"column":3},"end":{"line":27,"column":141}},"type":"if","locations":[{"start":{"line":27,"column":3},"end":{"line":27,"column":141}},{"start":{},"end":{}}],"line":27},"1":{"loc":{"start":{"line":44,"column":3},"end":{"line":44,"column":23}},"type":"if","locations":[{"start":{"line":44,"column":3},"end":{"line":44,"column":23}},{"start":{},"end":{}}],"line":44},"2":{"loc":{"start":{"line":56,"column":3},"end":{"line":56,"column":33}},"type":"if","locations":[{"start":{"line":56,"column":3},"end":{"line":56,"column":33}},{"start":{},"end":{}}],"line":56},"3":{"loc":{"start":{"line":58,"column":3},"end":{"line":58,"column":33}},"type":"if","locations":[{"start":{"line":58,"column":3},"end":{"line":58,"column":33}},{"start":{},"end":{}}],"line":58},"4":{"loc":{"start":{"line":75,"column":16},"end":{"line":75,"column":26}},"type":"default-arg","locations":[{"start":{"line":75,"column":24},"end":{"line":75,"column":26}}],"line":75},"5":{"loc":{"start":{"line":80,"column":2},"end":{"line":80,"column":144}},"type":"if","locations":[{"start":{"line":80,"column":2},"end":{"line":80,"column":144}},{"start":{},"end":{}}],"line":80},"6":{"loc":{"start":{"line":80,"column":6},"end":{"line":80,"column":81}},"type":"binary-expr","locations":[{"start":{"line":80,"column":6},"end":{"line":80,"column":35}},{"start":{"line":80,"column":39},"end":{"line":80,"column":63}},{"start":{"line":80,"column":67},"end":{"line":80,"column":81}}],"line":80}},"s":{"0":1,"1":1,"2":1,"3":1,"4":0,"5":0,"6":0,"7":0,"8":0,"9":0,"10":0,"11":0,"12":0,"13":0,"14":0,"15":0,"16":0,"17":0,"18":0,"19":0,"20":0,"21":0,"22":0,"23":0,"24":0,"25":0,"26":0,"27":0,"28":0,"29":0,"30":0,"31":0,"32":0,"33":0,"34":0,"35":0,"36":0,"37":0,"38":0,"39":0,"40":0,"41":0,"42":0,"43":0,"44":0,"45":0,"46":0,"47":0,"48":0,"49":0,"50":0,"51":0,"52":1,"53":1},"f":{"0":0,"1":0,"2":0,"3":0,"4":0,"5":0,"6":0,"7":0,"8":0,"9":0,"10":0},"b":{"0":[0,0],"1":[0,0],"2":[0,0],"3":[0,0],"4":[0],"5":[0,0],"6":[0,0,0]},"inputSourceMap":{"0":"{","1":"\"","2":"v","3":"e","4":"r","5":"s","6":"i","7":"o","8":"n","9":"\"","10":":","11":"3","12":",","13":"\"","14":"m","15":"a","16":"p","17":"p","18":"i","19":"n","20":"g","21":"s","22":"\"","23":":","24":"\"","25":";","26":";","27":";","28":";","29":"i","30":"B","31":"A","32":"C","33":"S","34":",","35":"G","36":"A","37":"A","38":"G","39":";","40":"i","41":"B","42":"A","43":"C","44":"H","45":",","46":"Q","47":"A","48":"A","49":"Q","50":";","51":";","52":";","53":";","54":";","55":";","56":";","57":";","58":";","59":";","60":";","61":";","62":";","63":";","64":";","65":";","66":";","67":";","68":";","69":";","70":";","71":";","72":";","73":";","74":";","75":";","76":";","77":";","78":";","79":"G","80":"A","81":"I","82":"f","83":",","84":"U","85":"A","86":"G","87":"S","88":";","89":";","90":";","91":";","92":";","93":";","94":";","95":";","96":";","97":";","98":";","99":";","100":";","101":";","102":";","103":";","104":";","105":";","106":";","107":";","108":";","109":";","110":";","111":";","112":";","113":";","114":";","115":";","116":";","117":";","118":";","119":";","120":";","121":";","122":";","123":";","124":";","125":";","126":";","127":";","128":";","129":";","130":";","131":";","132":";","133":";","134":";","135":";","136":";","137":";","138":";","139":";","140":";","141":";","142":";","143":";","144":";","145":";","146":";","147":";","148":";","149":";","150":";","151":";","152":";","153":";","154":"\"","155":",","156":"\"","157":"n","158":"a","159":"m","160":"e","161":"s","162":"\"","163":":","164":"[","165":"]","166":",","167":"\"","168":"s","169":"o","170":"u","171":"r","172":"c","173":"e","174":"s","175":"\"","176":":","177":"[","178":"\"","179":"A","180":"p","181":"p","182":".","183":"s","184":"v","185":"e","186":"l","187":"t","188":"e","189":"\"","190":"]","191":"}"},"_coverageSchema":"1a1c01bbd47fc00a2c39e90264f33305004495a9","hash":"03b71bf09076c8ba7e485cc5b978f39d5cb9ebba"}
,"/Users/chetheaker/Documents/Coding/projects/v1/src/components/Nav.svelte": {"path":"/Users/chetheaker/Documents/Coding/projects/v1/src/components/Nav.svelte","statementMap":{"0":{"start":{"line":4,"column":180},"end":{"line":4,"column":206}},"1":{"start":{"line":5,"column":13},"end":{"line":5,"column":25}},"2":{"start":{"line":8,"column":1},"end":{"line":8,"column":374}},"3":{"start":{"line":19,"column":15},"end":{"line":55,"column":2}},"4":{"start":{"line":21,"column":3},"end":{"line":21,"column":24}},"5":{"start":{"line":22,"column":3},"end":{"line":22,"column":25}},"6":{"start":{"line":23,"column":3},"end":{"line":23,"column":25}},"7":{"start":{"line":24,"column":3},"end":{"line":24,"column":16}},"8":{"start":{"line":25,"column":3},"end":{"line":25,"column":25}},"9":{"start":{"line":26,"column":3},"end":{"line":26,"column":30}},"10":{"start":{"line":27,"column":3},"end":{"line":27,"column":40}},"11":{"start":{"line":28,"column":3},"end":{"line":28,"column":35}},"12":{"start":{"line":29,"column":3},"end":{"line":29,"column":38}},"13":{"start":{"line":30,"column":3},"end":{"line":30,"column":35}},"14":{"start":{"line":31,"column":3},"end":{"line":31,"column":38}},"15":{"start":{"line":32,"column":3},"end":{"line":32,"column":41}},"16":{"start":{"line":33,"column":3},"end":{"line":33,"column":36}},"17":{"start":{"line":34,"column":3},"end":{"line":34,"column":38}},"18":{"start":{"line":35,"column":3},"end":{"line":35,"column":43}},"19":{"start":{"line":36,"column":3},"end":{"line":36,"column":37}},"20":{"start":{"line":39,"column":3},"end":{"line":39,"column":114}},"21":{"start":{"line":42,"column":3},"end":{"line":42,"column":35}},"22":{"start":{"line":43,"column":3},"end":{"line":43,"column":25}},"23":{"start":{"line":44,"column":3},"end":{"line":44,"column":26}},"24":{"start":{"line":45,"column":3},"end":{"line":45,"column":23}},"25":{"start":{"line":46,"column":3},"end":{"line":46,"column":25}},"26":{"start":{"line":47,"column":3},"end":{"line":47,"column":28}},"27":{"start":{"line":53,"column":3},"end":{"line":53,"column":34}},"28":{"start":{"line":53,"column":18},"end":{"line":53,"column":34}},"29":{"start":{"line":57,"column":1},"end":{"line":63,"column":4}},"30":{"start":{"line":65,"column":1},"end":{"line":65,"column":14}},"31":{"start":{"line":69,"column":40},"end":{"line":69,"column":47}},"32":{"start":{"line":70,"column":1},"end":{"line":70,"column":34}},"33":{"start":{"line":71,"column":24},"end":{"line":71,"column":26}},"34":{"start":{"line":73,"column":1},"end":{"line":75,"column":4}},"35":{"start":{"line":74,"column":2},"end":{"line":74,"column":144}},"36":{"start":{"line":74,"column":83},"end":{"line":74,"column":144}},"37":{"start":{"line":77,"column":1},"end":{"line":77,"column":11}},"38":{"start":{"line":82,"column":2},"end":{"line":82,"column":17}},"39":{"start":{"line":83,"column":2},"end":{"line":83,"column":78}},"40":{"start":{"line":85,"column":2},"end":{"line":90,"column":5}},"41":{"start":{"line":94,"column":0},"end":{"line":94,"column":22}},"42":{"start":{"line":94,"column":22},"end":{"line":94,"column":84}}},"fnMap":{"0":{"name":"add_css","decl":{"start":{"line":7,"column":9},"end":{"line":7,"column":16}},"loc":{"start":{"line":7,"column":25},"end":{"line":9,"column":1}},"line":7},"1":{"name":"create_fragment","decl":{"start":{"line":11,"column":9},"end":{"line":11,"column":24}},"loc":{"start":{"line":11,"column":30},"end":{"line":66,"column":1}},"line":11},"2":{"name":"create","decl":{"start":{"line":20,"column":14},"end":{"line":20,"column":20}},"loc":{"start":{"line":20,"column":23},"end":{"line":37,"column":3}},"line":20},"3":{"name":"claim","decl":{"start":{"line":38,"column":14},"end":{"line":38,"column":19}},"loc":{"start":{"line":38,"column":27},"end":{"line":40,"column":3}},"line":38},"4":{"name":"mount","decl":{"start":{"line":41,"column":14},"end":{"line":41,"column":19}},"loc":{"start":{"line":41,"column":36},"end":{"line":48,"column":3}},"line":41},"5":{"name":"destroy","decl":{"start":{"line":52,"column":14},"end":{"line":52,"column":21}},"loc":{"start":{"line":52,"column":33},"end":{"line":54,"column":3}},"line":52},"6":{"name":"instance","decl":{"start":{"line":68,"column":9},"end":{"line":68,"column":17}},"loc":{"start":{"line":68,"column":35},"end":{"line":78,"column":1}},"line":68},"7":{"name":"(anonymous_7)","decl":{"start":{"line":73,"column":30},"end":{"line":73,"column":31}},"loc":{"start":{"line":73,"column":37},"end":{"line":75,"column":2}},"line":73},"8":{"name":"(anonymous_8)","decl":{"start":{"line":81,"column":1},"end":{"line":81,"column":2}},"loc":{"start":{"line":81,"column":22},"end":{"line":91,"column":2}},"line":81}},"branchMap":{"0":{"loc":{"start":{"line":53,"column":3},"end":{"line":53,"column":34}},"type":"if","locations":[{"start":{"line":53,"column":3},"end":{"line":53,"column":34}},{"start":{},"end":{}}],"line":53},"1":{"loc":{"start":{"line":69,"column":16},"end":{"line":69,"column":26}},"type":"default-arg","locations":[{"start":{"line":69,"column":24},"end":{"line":69,"column":26}}],"line":69},"2":{"loc":{"start":{"line":74,"column":2},"end":{"line":74,"column":144}},"type":"if","locations":[{"start":{"line":74,"column":2},"end":{"line":74,"column":144}},{"start":{},"end":{}}],"line":74},"3":{"loc":{"start":{"line":74,"column":6},"end":{"line":74,"column":81}},"type":"binary-expr","locations":[{"start":{"line":74,"column":6},"end":{"line":74,"column":35}},{"start":{"line":74,"column":39},"end":{"line":74,"column":63}},{"start":{"line":74,"column":67},"end":{"line":74,"column":81}}],"line":74}},"s":{"0":1,"1":1,"2":0,"3":0,"4":0,"5":0,"6":0,"7":0,"8":0,"9":0,"10":0,"11":0,"12":0,"13":0,"14":0,"15":0,"16":0,"17":0,"18":0,"19":0,"20":0,"21":0,"22":0,"23":0,"24":0,"25":0,"26":0,"27":0,"28":0,"29":0,"30":0,"31":0,"32":0,"33":0,"34":0,"35":0,"36":0,"37":0,"38":0,"39":0,"40":0,"41":1,"42":1},"f":{"0":0,"1":0,"2":0,"3":0,"4":0,"5":0,"6":0,"7":0,"8":0},"b":{"0":[0,0],"1":[0],"2":[0,0],"3":[0,0,0]},"inputSourceMap":{"0":"{","1":"\"","2":"v","3":"e","4":"r","5":"s","6":"i","7":"o","8":"n","9":"\"","10":":","11":"3","12":",","13":"\"","14":"m","15":"a","16":"p","17":"p","18":"i","19":"n","20":"g","21":"s","22":"\"","23":":","24":"\"","25":";","26":";","27":";","28":";","29":";","30":";","31":";","32":";","33":";","34":";","35":";","36":";","37":";","38":";","39":";","40":";","41":";","42":";","43":";","44":";","45":";","46":";","47":";","48":";","49":";","50":";","51":";","52":";","53":";","54":";","55":";","56":";","57":";","58":";","59":";","60":";","61":";","62":";","63":";","64":";","65":";","66":"G","67":"A","68":"G","69":"A","70":",","71":"U","72":"A","73":"O","74":"K","75":";","76":"G","77":"A","78":"N","79":"H","80":",","81":"U","82":"A","83":"E","84":"K","85":";","86":"G","87":"A","88":"D","89":"H","90":",","91":"U","92":"A","93":"A","94":"m","95":"B","96":";","97":";","98":"G","99":"A","100":"E","101":"r","102":"B","103":",","104":"U","105":"A","106":"E","107":"K","108":";","109":"G","110":"A","111":"D","112":"H","113":",","114":"U","115":"A","116":"A","117":"6","118":"B","119":";","120":";","121":";","122":";","123":";","124":";","125":";","126":";","127":";","128":";","129":";","130":";","131":";","132":";","133":";","134":";","135":";","136":";","137":";","138":";","139":";","140":";","141":";","142":";","143":";","144":";","145":";","146":";","147":";","148":";","149":";","150":";","151":";","152":";","153":";","154":";","155":";","156":";","157":";","158":";","159":";","160":";","161":";","162":";","163":";","164":";","165":";","166":"\"","167":",","168":"\"","169":"n","170":"a","171":"m","172":"e","173":"s","174":"\"","175":":","176":"[","177":"]","178":",","179":"\"","180":"s","181":"o","182":"u","183":"r","184":"c","185":"e","186":"s","187":"\"","188":":","189":"[","190":"\"","191":"N","192":"a","193":"v","194":".","195":"s","196":"v","197":"e","198":"l","199":"t","200":"e","201":"\"","202":"]","203":"}"},"_coverageSchema":"1a1c01bbd47fc00a2c39e90264f33305004495a9","hash":"3b93f5a75aee03a7d449fbc1f5f32ba1f194ff8c"}
,"/Users/chetheaker/Documents/Coding/projects/v1/src/components/Animations/Typing.svelte": {"path":"/Users/chetheaker/Documents/Coding/projects/v1/src/components/Animations/Typing.svelte","statementMap":{"0":{"start":{"line":4,"column":381},"end":{"line":4,"column":407}},"1":{"start":{"line":5,"column":31},"end":{"line":5,"column":38}},"2":{"start":{"line":6,"column":13},"end":{"line":6,"column":28}},"3":{"start":{"line":9,"column":1},"end":{"line":9,"column":661}},"4":{"start":{"line":18,"column":27},"end":{"line":18,"column":65}},"5":{"start":{"line":19,"column":19},"end":{"line":19,"column":21}},"6":{"start":{"line":22,"column":2},"end":{"line":22,"column":43}},"7":{"start":{"line":22,"column":34},"end":{"line":22,"column":43}},"8":{"start":{"line":23,"column":2},"end":{"line":23,"column":43}},"9":{"start":{"line":23,"column":34},"end":{"line":23,"column":43}},"10":{"start":{"line":24,"column":2},"end":{"line":24,"column":12}},"11":{"start":{"line":27,"column":1},"end":{"line":29,"column":2}},"12":{"start":{"line":28,"column":2},"end":{"line":28,"column":100}},"13":{"start":{"line":31,"column":15},"end":{"line":96,"column":2}},"14":{"start":{"line":33,"column":3},"end":{"line":33,"column":30}},"15":{"start":{"line":33,"column":17},"end":{"line":33,"column":30}},"16":{"start":{"line":34,"column":3},"end":{"line":34,"column":29}},"17":{"start":{"line":37,"column":3},"end":{"line":39,"column":4}},"18":{"start":{"line":38,"column":4},"end":{"line":38,"column":58}},"19":{"start":{"line":41,"column":3},"end":{"line":41,"column":47}},"20":{"start":{"line":42,"column":3},"end":{"line":42,"column":18}},"21":{"start":{"line":45,"column":30},"end":{"line":45,"column":54}},"22":{"start":{"line":46,"column":3},"end":{"line":46,"column":60}},"23":{"start":{"line":48,"column":3},"end":{"line":78,"column":4}},"24":{"start":{"line":49,"column":4},"end":{"line":51,"column":5}},"25":{"start":{"line":50,"column":5},"end":{"line":50,"column":55}},"26":{"start":{"line":53,"column":4},"end":{"line":61,"column":5}},"27":{"start":{"line":54,"column":5},"end":{"line":54,"column":20}},"28":{"start":{"line":56,"column":5},"end":{"line":58,"column":8}},"29":{"start":{"line":57,"column":6},"end":{"line":57,"column":45}},"30":{"start":{"line":60,"column":5},"end":{"line":60,"column":20}},"31":{"start":{"line":63,"column":4},"end":{"line":77,"column":5}},"32":{"start":{"line":64,"column":5},"end":{"line":64,"column":52}},"33":{"start":{"line":66,"column":5},"end":{"line":71,"column":6}},"34":{"start":{"line":67,"column":6},"end":{"line":67,"column":104}},"35":{"start":{"line":68,"column":6},"end":{"line":68,"column":19}},"36":{"start":{"line":70,"column":6},"end":{"line":70,"column":29}},"37":{"start":{"line":73,"column":5},"end":{"line":73,"column":32}},"38":{"start":{"line":74,"column":5},"end":{"line":74,"column":61}},"39":{"start":{"line":76,"column":5},"end":{"line":76,"column":21}},"40":{"start":{"line":81,"column":3},"end":{"line":81,"column":23}},"41":{"start":{"line":81,"column":16},"end":{"line":81,"column":23}},"42":{"start":{"line":82,"column":3},"end":{"line":82,"column":27}},"43":{"start":{"line":83,"column":3},"end":{"line":83,"column":18}},"44":{"start":{"line":86,"column":3},"end":{"line":86,"column":28}},"45":{"start":{"line":87,"column":3},"end":{"line":87,"column":19}},"46":{"start":{"line":90,"column":3},"end":{"line":92,"column":4}},"47":{"start":{"line":91,"column":4},"end":{"line":91,"column":53}},"48":{"start":{"line":94,"column":3},"end":{"line":94,"column":46}},"49":{"start":{"line":94,"column":18},"end":{"line":94,"column":46}},"50":{"start":{"line":98,"column":1},"end":{"line":104,"column":4}},"51":{"start":{"line":106,"column":1},"end":{"line":106,"column":14}},"52":{"start":{"line":114,"column":42},"end":{"line":114,"column":56}},"53":{"start":{"line":115,"column":22},"end":{"line":115,"column":87}},"54":{"start":{"line":117,"column":15},"end":{"line":177,"column":2}},"55":{"start":{"line":119,"column":3},"end":{"line":119,"column":22}},"56":{"start":{"line":120,"column":3},"end":{"line":120,"column":38}},"57":{"start":{"line":120,"column":21},"end":{"line":120,"column":38}},"58":{"start":{"line":121,"column":3},"end":{"line":121,"column":40}},"59":{"start":{"line":122,"column":3},"end":{"line":122,"column":35}},"60":{"start":{"line":123,"column":3},"end":{"line":123,"column":36}},"61":{"start":{"line":124,"column":3},"end":{"line":124,"column":47}},"62":{"start":{"line":125,"column":3},"end":{"line":125,"column":37}},"63":{"start":{"line":128,"column":3},"end":{"line":128,"column":33}},"64":{"start":{"line":130,"column":3},"end":{"line":132,"column":4}},"65":{"start":{"line":131,"column":4},"end":{"line":131,"column":28}},"66":{"start":{"line":134,"column":3},"end":{"line":134,"column":18}},"67":{"start":{"line":137,"column":3},"end":{"line":150,"column":4}},"68":{"start":{"line":138,"column":4},"end":{"line":149,"column":5}},"69":{"start":{"line":139,"column":5},"end":{"line":148,"column":7}},"70":{"start":{"line":152,"column":3},"end":{"line":154,"column":4}},"71":{"start":{"line":153,"column":4},"end":{"line":153,"column":41}},"72":{"start":{"line":157,"column":3},"end":{"line":157,"column":23}},"73":{"start":{"line":157,"column":16},"end":{"line":157,"column":23}},"74":{"start":{"line":158,"column":3},"end":{"line":158,"column":38}},"75":{"start":{"line":160,"column":3},"end":{"line":165,"column":4}},"76":{"start":{"line":161,"column":4},"end":{"line":164,"column":7}},"77":{"start":{"line":162,"column":5},"end":{"line":162,"column":66}},"78":{"start":{"line":163,"column":5},"end":{"line":163,"column":21}},"79":{"start":{"line":167,"column":3},"end":{"line":167,"column":18}},"80":{"start":{"line":170,"column":3},"end":{"line":170,"column":39}},"81":{"start":{"line":171,"column":3},"end":{"line":171,"column":19}},"82":{"start":{"line":174,"column":3},"end":{"line":174,"column":32}},"83":{"start":{"line":174,"column":18},"end":{"line":174,"column":32}},"84":{"start":{"line":175,"column":3},"end":{"line":175,"column":47}},"85":{"start":{"line":175,"column":21},"end":{"line":175,"column":47}},"86":{"start":{"line":179,"column":1},"end":{"line":185,"column":4}},"87":{"start":{"line":187,"column":1},"end":{"line":187,"column":14}},"88":{"start":{"line":196,"column":42},"end":{"line":196,"column":56}},"89":{"start":{"line":197,"column":22},"end":{"line":197,"column":87}},"90":{"start":{"line":199,"column":15},"end":{"line":256,"column":2}},"91":{"start":{"line":201,"column":3},"end":{"line":201,"column":22}},"92":{"start":{"line":202,"column":3},"end":{"line":202,"column":38}},"93":{"start":{"line":202,"column":21},"end":{"line":202,"column":38}},"94":{"start":{"line":203,"column":3},"end":{"line":203,"column":120}},"95":{"start":{"line":204,"column":3},"end":{"line":204,"column":37}},"96":{"start":{"line":207,"column":3},"end":{"line":207,"column":33}},"97":{"start":{"line":209,"column":3},"end":{"line":211,"column":4}},"98":{"start":{"line":210,"column":4},"end":{"line":210,"column":28}},"99":{"start":{"line":213,"column":3},"end":{"line":213,"column":18}},"100":{"start":{"line":216,"column":3},"end":{"line":229,"column":4}},"101":{"start":{"line":217,"column":4},"end":{"line":228,"column":5}},"102":{"start":{"line":218,"column":5},"end":{"line":227,"column":7}},"103":{"start":{"line":231,"column":3},"end":{"line":233,"column":4}},"104":{"start":{"line":232,"column":4},"end":{"line":232,"column":40}},"105":{"start":{"line":236,"column":3},"end":{"line":236,"column":23}},"106":{"start":{"line":236,"column":16},"end":{"line":236,"column":23}},"107":{"start":{"line":237,"column":3},"end":{"line":237,"column":38}},"108":{"start":{"line":239,"column":3},"end":{"line":244,"column":4}},"109":{"start":{"line":240,"column":4},"end":{"line":243,"column":7}},"110":{"start":{"line":241,"column":5},"end":{"line":241,"column":66}},"111":{"start":{"line":242,"column":5},"end":{"line":242,"column":21}},"112":{"start":{"line":246,"column":3},"end":{"line":246,"column":18}},"113":{"start":{"line":249,"column":3},"end":{"line":249,"column":39}},"114":{"start":{"line":250,"column":3},"end":{"line":250,"column":19}},"115":{"start":{"line":253,"column":3},"end":{"line":253,"column":32}},"116":{"start":{"line":253,"column":18},"end":{"line":253,"column":32}},"117":{"start":{"line":254,"column":3},"end":{"line":254,"column":47}},"118":{"start":{"line":254,"column":21},"end":{"line":254,"column":47}},"119":{"start":{"line":258,"column":1},"end":{"line":264,"column":4}},"120":{"start":{"line":266,"column":1},"end":{"line":266,"column":14}},"121":{"start":{"line":272,"column":28},"end":{"line":272,"column":58}},"122":{"start":{"line":274,"column":15},"end":{"line":324,"column":2}},"123":{"start":{"line":276,"column":3},"end":{"line":276,"column":30}},"124":{"start":{"line":276,"column":17},"end":{"line":276,"column":30}},"125":{"start":{"line":277,"column":3},"end":{"line":277,"column":29}},"126":{"start":{"line":280,"column":3},"end":{"line":280,"column":114}},"127":{"start":{"line":283,"column":3},"end":{"line":283,"column":44}},"128":{"start":{"line":283,"column":17},"end":{"line":283,"column":44}},"129":{"start":{"line":284,"column":3},"end":{"line":284,"column":47}},"130":{"start":{"line":285,"column":3},"end":{"line":285,"column":18}},"131":{"start":{"line":288,"column":3},"end":{"line":309,"column":4}},"132":{"start":{"line":289,"column":4},"end":{"line":300,"column":5}},"133":{"start":{"line":290,"column":5},"end":{"line":290,"column":28}},"134":{"start":{"line":292,"column":5},"end":{"line":294,"column":6}},"135":{"start":{"line":293,"column":6},"end":{"line":293,"column":33}},"136":{"start":{"line":296,"column":5},"end":{"line":296,"column":37}},"137":{"start":{"line":297,"column":5},"end":{"line":297,"column":18}},"138":{"start":{"line":298,"column":5},"end":{"line":298,"column":32}},"139":{"start":{"line":299,"column":5},"end":{"line":299,"column":61}},"140":{"start":{"line":301,"column":10},"end":{"line":309,"column":4}},"141":{"start":{"line":302,"column":4},"end":{"line":302,"column":19}},"142":{"start":{"line":304,"column":4},"end":{"line":306,"column":7}},"143":{"start":{"line":305,"column":5},"end":{"line":305,"column":21}},"144":{"start":{"line":308,"column":4},"end":{"line":308,"column":19}},"145":{"start":{"line":312,"column":3},"end":{"line":312,"column":23}},"146":{"start":{"line":312,"column":16},"end":{"line":312,"column":23}},"147":{"start":{"line":313,"column":3},"end":{"line":313,"column":27}},"148":{"start":{"line":314,"column":3},"end":{"line":314,"column":18}},"149":{"start":{"line":317,"column":3},"end":{"line":317,"column":28}},"150":{"start":{"line":318,"column":3},"end":{"line":318,"column":19}},"151":{"start":{"line":321,"column":3},"end":{"line":321,"column":39}},"152":{"start":{"line":321,"column":17},"end":{"line":321,"column":39}},"153":{"start":{"line":322,"column":3},"end":{"line":322,"column":46}},"154":{"start":{"line":322,"column":18},"end":{"line":322,"column":46}},"155":{"start":{"line":326,"column":1},"end":{"line":332,"column":4}},"156":{"start":{"line":334,"column":1},"end":{"line":334,"column":14}},"157":{"start":{"line":338,"column":40},"end":{"line":338,"column":47}},"158":{"start":{"line":339,"column":1},"end":{"line":339,"column":46}},"159":{"start":{"line":340,"column":15},"end":{"line":340,"column":20}},"160":{"start":{"line":341,"column":19},"end":{"line":341,"column":26}},"161":{"start":{"line":342,"column":21},"end":{"line":342,"column":28}},"162":{"start":{"line":343,"column":21},"end":{"line":343,"column":28}},"163":{"start":{"line":344,"column":20},"end":{"line":344,"column":27}},"164":{"start":{"line":345,"column":1},"end":{"line":345,"column":64}},"165":{"start":{"line":345,"column":18},"end":{"line":345,"column":49}},"166":{"start":{"line":348,"column":15},"end":{"line":348,"column":31}},"167":{"start":{"line":349,"column":19},"end":{"line":349,"column":47}},"168":{"start":{"line":350,"column":2},"end":{"line":350,"column":33}},"169":{"start":{"line":352,"column":2},"end":{"line":358,"column":4}},"170":{"start":{"line":355,"column":14},"end":{"line":355,"column":41}},"171":{"start":{"line":356,"column":4},"end":{"line":356,"column":40}},"172":{"start":{"line":361,"column":1},"end":{"line":369,"column":4}},"173":{"start":{"line":362,"column":2},"end":{"line":364,"column":3}},"174":{"start":{"line":363,"column":3},"end":{"line":363,"column":74}},"175":{"start":{"line":366,"column":2},"end":{"line":368,"column":3}},"176":{"start":{"line":367,"column":3},"end":{"line":367,"column":75}},"177":{"start":{"line":371,"column":24},"end":{"line":371,"column":64}},"178":{"start":{"line":373,"column":1},"end":{"line":375,"column":4}},"179":{"start":{"line":374,"column":2},"end":{"line":374,"column":149}},"180":{"start":{"line":374,"column":83},"end":{"line":374,"column":149}},"181":{"start":{"line":377,"column":1},"end":{"line":383,"column":3}},"182":{"start":{"line":378,"column":2},"end":{"line":378,"column":71}},"183":{"start":{"line":378,"column":28},"end":{"line":378,"column":71}},"184":{"start":{"line":379,"column":2},"end":{"line":379,"column":65}},"185":{"start":{"line":379,"column":26},"end":{"line":379,"column":65}},"186":{"start":{"line":380,"column":2},"end":{"line":380,"column":62}},"187":{"start":{"line":380,"column":25},"end":{"line":380,"column":62}},"188":{"start":{"line":381,"column":2},"end":{"line":381,"column":74}},"189":{"start":{"line":381,"column":29},"end":{"line":381,"column":74}},"190":{"start":{"line":382,"column":2},"end":{"line":382,"column":71}},"191":{"start":{"line":382,"column":28},"end":{"line":382,"column":71}},"192":{"start":{"line":385,"column":1},"end":{"line":392,"column":4}},"193":{"start":{"line":385,"column":32},"end":{"line":392,"column":2}},"194":{"start":{"line":394,"column":1},"end":{"line":400,"column":3}},"195":{"start":{"line":395,"column":2},"end":{"line":395,"column":71}},"196":{"start":{"line":395,"column":28},"end":{"line":395,"column":71}},"197":{"start":{"line":396,"column":2},"end":{"line":396,"column":71}},"198":{"start":{"line":396,"column":28},"end":{"line":396,"column":71}},"199":{"start":{"line":397,"column":2},"end":{"line":397,"column":65}},"200":{"start":{"line":397,"column":26},"end":{"line":397,"column":65}},"201":{"start":{"line":398,"column":2},"end":{"line":398,"column":62}},"202":{"start":{"line":398,"column":25},"end":{"line":398,"column":62}},"203":{"start":{"line":399,"column":2},"end":{"line":399,"column":74}},"204":{"start":{"line":399,"column":29},"end":{"line":399,"column":74}},"205":{"start":{"line":402,"column":1},"end":{"line":404,"column":2}},"206":{"start":{"line":403,"column":2},"end":{"line":403,"column":41}},"207":{"start":{"line":406,"column":1},"end":{"line":406,"column":78}},"208":{"start":{"line":411,"column":2},"end":{"line":411,"column":17}},"209":{"start":{"line":413,"column":2},"end":{"line":426,"column":4}},"210":{"start":{"line":428,"column":2},"end":{"line":433,"column":5}},"211":{"start":{"line":437,"column":2},"end":{"line":437,"column":24}},"212":{"start":{"line":441,"column":2},"end":{"line":441,"column":26}},"213":{"start":{"line":442,"column":2},"end":{"line":442,"column":10}},"214":{"start":{"line":446,"column":2},"end":{"line":446,"column":24}},"215":{"start":{"line":450,"column":2},"end":{"line":450,"column":24}},"216":{"start":{"line":451,"column":2},"end":{"line":451,"column":10}},"217":{"start":{"line":455,"column":2},"end":{"line":455,"column":24}},"218":{"start":{"line":459,"column":2},"end":{"line":459,"column":23}},"219":{"start":{"line":460,"column":2},"end":{"line":460,"column":10}},"220":{"start":{"line":464,"column":2},"end":{"line":464,"column":24}},"221":{"start":{"line":468,"column":2},"end":{"line":468,"column":27}},"222":{"start":{"line":469,"column":2},"end":{"line":469,"column":10}},"223":{"start":{"line":473,"column":0},"end":{"line":473,"column":25}},"224":{"start":{"line":473,"column":25},"end":{"line":473,"column":87}}},"fnMap":{"0":{"name":"add_css","decl":{"start":{"line":8,"column":9},"end":{"line":8,"column":16}},"loc":{"start":{"line":8,"column":25},"end":{"line":10,"column":1}},"line":8},"1":{"name":"create_if_block","decl":{"start":{"line":13,"column":9},"end":{"line":13,"column":24}},"loc":{"start":{"line":13,"column":30},"end":{"line":107,"column":1}},"line":13},"2":{"name":"select_block_type","decl":{"start":{"line":21,"column":10},"end":{"line":21,"column":27}},"loc":{"start":{"line":21,"column":40},"end":{"line":25,"column":2}},"line":21},"3":{"name":"create","decl":{"start":{"line":32,"column":14},"end":{"line":32,"column":20}},"loc":{"start":{"line":32,"column":23},"end":{"line":35,"column":3}},"line":32},"4":{"name":"mount","decl":{"start":{"line":36,"column":14},"end":{"line":36,"column":19}},"loc":{"start":{"line":36,"column":36},"end":{"line":43,"column":3}},"line":36},"5":{"name":"update","decl":{"start":{"line":44,"column":14},"end":{"line":44,"column":20}},"loc":{"start":{"line":44,"column":33},"end":{"line":79,"column":3}},"line":44},"6":{"name":"(anonymous_6)","decl":{"start":{"line":56,"column":59},"end":{"line":56,"column":60}},"loc":{"start":{"line":56,"column":65},"end":{"line":58,"column":6}},"line":56},"7":{"name":"intro","decl":{"start":{"line":80,"column":14},"end":{"line":80,"column":19}},"loc":{"start":{"line":80,"column":27},"end":{"line":84,"column":3}},"line":80},"8":{"name":"outro","decl":{"start":{"line":85,"column":14},"end":{"line":85,"column":19}},"loc":{"start":{"line":85,"column":27},"end":{"line":88,"column":3}},"line":85},"9":{"name":"destroy","decl":{"start":{"line":89,"column":14},"end":{"line":89,"column":21}},"loc":{"start":{"line":89,"column":33},"end":{"line":95,"column":3}},"line":89},"10":{"name":"create_if_block_2","decl":{"start":{"line":110,"column":9},"end":{"line":110,"column":26}},"loc":{"start":{"line":110,"column":32},"end":{"line":188,"column":1}},"line":110},"11":{"name":"create","decl":{"start":{"line":118,"column":14},"end":{"line":118,"column":20}},"loc":{"start":{"line":118,"column":23},"end":{"line":126,"column":3}},"line":118},"12":{"name":"mount","decl":{"start":{"line":127,"column":14},"end":{"line":127,"column":19}},"loc":{"start":{"line":127,"column":36},"end":{"line":135,"column":3}},"line":127},"13":{"name":"update","decl":{"start":{"line":136,"column":14},"end":{"line":136,"column":20}},"loc":{"start":{"line":136,"column":33},"end":{"line":155,"column":3}},"line":136},"14":{"name":"intro","decl":{"start":{"line":156,"column":14},"end":{"line":156,"column":19}},"loc":{"start":{"line":156,"column":27},"end":{"line":168,"column":3}},"line":156},"15":{"name":"(anonymous_15)","decl":{"start":{"line":161,"column":24},"end":{"line":161,"column":25}},"loc":{"start":{"line":161,"column":30},"end":{"line":164,"column":5}},"line":161},"16":{"name":"outro","decl":{"start":{"line":169,"column":14},"end":{"line":169,"column":19}},"loc":{"start":{"line":169,"column":27},"end":{"line":172,"column":3}},"line":169},"17":{"name":"destroy","decl":{"start":{"line":173,"column":14},"end":{"line":173,"column":21}},"loc":{"start":{"line":173,"column":33},"end":{"line":176,"column":3}},"line":173},"18":{"name":"create_if_block_1","decl":{"start":{"line":191,"column":9},"end":{"line":191,"column":26}},"loc":{"start":{"line":191,"column":32},"end":{"line":267,"column":1}},"line":191},"19":{"name":"create","decl":{"start":{"line":200,"column":14},"end":{"line":200,"column":20}},"loc":{"start":{"line":200,"column":23},"end":{"line":205,"column":3}},"line":200},"20":{"name":"mount","decl":{"start":{"line":206,"column":14},"end":{"line":206,"column":19}},"loc":{"start":{"line":206,"column":36},"end":{"line":214,"column":3}},"line":206},"21":{"name":"update","decl":{"start":{"line":215,"column":14},"end":{"line":215,"column":20}},"loc":{"start":{"line":215,"column":33},"end":{"line":234,"column":3}},"line":215},"22":{"name":"intro","decl":{"start":{"line":235,"column":14},"end":{"line":235,"column":19}},"loc":{"start":{"line":235,"column":27},"end":{"line":247,"column":3}},"line":235},"23":{"name":"(anonymous_23)","decl":{"start":{"line":240,"column":24},"end":{"line":240,"column":25}},"loc":{"start":{"line":240,"column":30},"end":{"line":243,"column":5}},"line":240},"24":{"name":"outro","decl":{"start":{"line":248,"column":14},"end":{"line":248,"column":19}},"loc":{"start":{"line":248,"column":27},"end":{"line":251,"column":3}},"line":248},"25":{"name":"destroy","decl":{"start":{"line":252,"column":14},"end":{"line":252,"column":21}},"loc":{"start":{"line":252,"column":33},"end":{"line":255,"column":3}},"line":252},"26":{"name":"create_fragment","decl":{"start":{"line":269,"column":9},"end":{"line":269,"column":24}},"loc":{"start":{"line":269,"column":30},"end":{"line":335,"column":1}},"line":269},"27":{"name":"create","decl":{"start":{"line":275,"column":14},"end":{"line":275,"column":20}},"loc":{"start":{"line":275,"column":23},"end":{"line":278,"column":3}},"line":275},"28":{"name":"claim","decl":{"start":{"line":279,"column":14},"end":{"line":279,"column":19}},"loc":{"start":{"line":279,"column":27},"end":{"line":281,"column":3}},"line":279},"29":{"name":"mount","decl":{"start":{"line":282,"column":14},"end":{"line":282,"column":19}},"loc":{"start":{"line":282,"column":36},"end":{"line":286,"column":3}},"line":282},"30":{"name":"update","decl":{"start":{"line":287,"column":14},"end":{"line":287,"column":20}},"loc":{"start":{"line":287,"column":35},"end":{"line":310,"column":3}},"line":287},"31":{"name":"(anonymous_31)","decl":{"start":{"line":304,"column":35},"end":{"line":304,"column":36}},"loc":{"start":{"line":304,"column":41},"end":{"line":306,"column":5}},"line":304},"32":{"name":"intro","decl":{"start":{"line":311,"column":14},"end":{"line":311,"column":19}},"loc":{"start":{"line":311,"column":27},"end":{"line":315,"column":3}},"line":311},"33":{"name":"outro","decl":{"start":{"line":316,"column":14},"end":{"line":316,"column":19}},"loc":{"start":{"line":316,"column":27},"end":{"line":319,"column":3}},"line":316},"34":{"name":"destroy","decl":{"start":{"line":320,"column":14},"end":{"line":320,"column":21}},"loc":{"start":{"line":320,"column":33},"end":{"line":323,"column":3}},"line":320},"35":{"name":"instance","decl":{"start":{"line":337,"column":9},"end":{"line":337,"column":17}},"loc":{"start":{"line":337,"column":49},"end":{"line":407,"column":1}},"line":337},"36":{"name":"(anonymous_36)","decl":{"start":{"line":345,"column":12},"end":{"line":345,"column":13}},"loc":{"start":{"line":345,"column":18},"end":{"line":345,"column":49}},"line":345},"37":{"name":"typewriter","decl":{"start":{"line":347,"column":10},"end":{"line":347,"column":20}},"loc":{"start":{"line":347,"column":43},"end":{"line":359,"column":2}},"line":347},"38":{"name":"(anonymous_38)","decl":{"start":{"line":354,"column":9},"end":{"line":354,"column":10}},"loc":{"start":{"line":354,"column":14},"end":{"line":357,"column":4}},"line":354},"39":{"name":"(anonymous_39)","decl":{"start":{"line":361,"column":25},"end":{"line":361,"column":26}},"loc":{"start":{"line":361,"column":37},"end":{"line":369,"column":2}},"line":361},"40":{"name":"(anonymous_40)","decl":{"start":{"line":373,"column":30},"end":{"line":373,"column":31}},"loc":{"start":{"line":373,"column":37},"end":{"line":375,"column":2}},"line":373},"41":{"name":"(anonymous_41)","decl":{"start":{"line":377,"column":16},"end":{"line":377,"column":17}},"loc":{"start":{"line":377,"column":27},"end":{"line":383,"column":2}},"line":377},"42":{"name":"(anonymous_42)","decl":{"start":{"line":385,"column":25},"end":{"line":385,"column":26}},"loc":{"start":{"line":385,"column":32},"end":{"line":392,"column":2}},"line":385},"43":{"name":"(anonymous_43)","decl":{"start":{"line":394,"column":24},"end":{"line":394,"column":25}},"loc":{"start":{"line":394,"column":35},"end":{"line":400,"column":2}},"line":394},"44":{"name":"(anonymous_44)","decl":{"start":{"line":410,"column":1},"end":{"line":410,"column":2}},"loc":{"start":{"line":410,"column":22},"end":{"line":434,"column":2}},"line":410},"45":{"name":"(anonymous_45)","decl":{"start":{"line":436,"column":1},"end":{"line":436,"column":2}},"loc":{"start":{"line":436,"column":15},"end":{"line":438,"column":2}},"line":436},"46":{"name":"(anonymous_46)","decl":{"start":{"line":440,"column":1},"end":{"line":440,"column":2}},"loc":{"start":{"line":440,"column":22},"end":{"line":443,"column":2}},"line":440},"47":{"name":"(anonymous_47)","decl":{"start":{"line":445,"column":1},"end":{"line":445,"column":2}},"loc":{"start":{"line":445,"column":13},"end":{"line":447,"column":2}},"line":445},"48":{"name":"(anonymous_48)","decl":{"start":{"line":449,"column":1},"end":{"line":449,"column":2}},"loc":{"start":{"line":449,"column":18},"end":{"line":452,"column":2}},"line":449},"49":{"name":"(anonymous_49)","decl":{"start":{"line":454,"column":1},"end":{"line":454,"column":2}},"loc":{"start":{"line":454,"column":12},"end":{"line":456,"column":2}},"line":454},"50":{"name":"(anonymous_50)","decl":{"start":{"line":458,"column":1},"end":{"line":458,"column":2}},"loc":{"start":{"line":458,"column":16},"end":{"line":461,"column":2}},"line":458},"51":{"name":"(anonymous_51)","decl":{"start":{"line":463,"column":1},"end":{"line":463,"column":2}},"loc":{"start":{"line":463,"column":16},"end":{"line":465,"column":2}},"line":463},"52":{"name":"(anonymous_52)","decl":{"start":{"line":467,"column":1},"end":{"line":467,"column":2}},"loc":{"start":{"line":467,"column":24},"end":{"line":470,"column":2}},"line":467}},"branchMap":{"0":{"loc":{"start":{"line":22,"column":2},"end":{"line":22,"column":43}},"type":"if","locations":[{"start":{"line":22,"column":2},"end":{"line":22,"column":43}},{"start":{},"end":{}}],"line":22},"1":{"loc":{"start":{"line":23,"column":2},"end":{"line":23,"column":43}},"type":"if","locations":[{"start":{"line":23,"column":2},"end":{"line":23,"column":43}},{"start":{},"end":{}}],"line":23},"2":{"loc":{"start":{"line":27,"column":1},"end":{"line":29,"column":2}},"type":"if","locations":[{"start":{"line":27,"column":1},"end":{"line":29,"column":2}},{"start":{},"end":{}}],"line":27},"3":{"loc":{"start":{"line":33,"column":3},"end":{"line":33,"column":30}},"type":"if","locations":[{"start":{"line":33,"column":3},"end":{"line":33,"column":30}},{"start":{},"end":{}}],"line":33},"4":{"loc":{"start":{"line":37,"column":3},"end":{"line":39,"column":4}},"type":"if","locations":[{"start":{"line":37,"column":3},"end":{"line":39,"column":4}},{"start":{},"end":{}}],"line":37},"5":{"loc":{"start":{"line":48,"column":3},"end":{"line":78,"column":4}},"type":"if","locations":[{"start":{"line":48,"column":3},"end":{"line":78,"column":4}},{"start":{"line":52,"column":10},"end":{"line":78,"column":4}}],"line":48},"6":{"loc":{"start":{"line":49,"column":4},"end":{"line":51,"column":5}},"type":"if","locations":[{"start":{"line":49,"column":4},"end":{"line":51,"column":5}},{"start":{},"end":{}}],"line":49},"7":{"loc":{"start":{"line":53,"column":4},"end":{"line":61,"column":5}},"type":"if","locations":[{"start":{"line":53,"column":4},"end":{"line":61,"column":5}},{"start":{},"end":{}}],"line":53},"8":{"loc":{"start":{"line":63,"column":4},"end":{"line":77,"column":5}},"type":"if","locations":[{"start":{"line":63,"column":4},"end":{"line":77,"column":5}},{"start":{"line":75,"column":11},"end":{"line":77,"column":5}}],"line":63},"9":{"loc":{"start":{"line":66,"column":5},"end":{"line":71,"column":6}},"type":"if","locations":[{"start":{"line":66,"column":5},"end":{"line":71,"column":6}},{"start":{"line":69,"column":12},"end":{"line":71,"column":6}}],"line":66},"10":{"loc":{"start":{"line":81,"column":3},"end":{"line":81,"column":23}},"type":"if","locations":[{"start":{"line":81,"column":3},"end":{"line":81,"column":23}},{"start":{},"end":{}}],"line":81},"11":{"loc":{"start":{"line":90,"column":3},"end":{"line":92,"column":4}},"type":"if","locations":[{"start":{"line":90,"column":3},"end":{"line":92,"column":4}},{"start":{},"end":{}}],"line":90},"12":{"loc":{"start":{"line":94,"column":3},"end":{"line":94,"column":46}},"type":"if","locations":[{"start":{"line":94,"column":3},"end":{"line":94,"column":46}},{"start":{},"end":{}}],"line":94},"13":{"loc":{"start":{"line":120,"column":3},"end":{"line":120,"column":38}},"type":"if","locations":[{"start":{"line":120,"column":3},"end":{"line":120,"column":38}},{"start":{},"end":{}}],"line":120},"14":{"loc":{"start":{"line":130,"column":3},"end":{"line":132,"column":4}},"type":"if","locations":[{"start":{"line":130,"column":3},"end":{"line":132,"column":4}},{"start":{},"end":{}}],"line":130},"15":{"loc":{"start":{"line":137,"column":3},"end":{"line":150,"column":4}},"type":"if","locations":[{"start":{"line":137,"column":3},"end":{"line":150,"column":4}},{"start":{},"end":{}}],"line":137},"16":{"loc":{"start":{"line":138,"column":4},"end":{"line":149,"column":5}},"type":"if","locations":[{"start":{"line":138,"column":4},"end":{"line":149,"column":5}},{"start":{},"end":{}}],"line":138},"17":{"loc":{"start":{"line":138,"column":8},"end":{"line":138,"column":62}},"type":"binary-expr","locations":[{"start":{"line":138,"column":8},"end":{"line":138,"column":22}},{"start":{"line":138,"column":27},"end":{"line":138,"column":35}},{"start":{"line":138,"column":39},"end":{"line":138,"column":61}}],"line":138},"18":{"loc":{"start":{"line":144,"column":6},"end":{"line":146,"column":80}},"type":"cond-expr","locations":[{"start":{"line":145,"column":8},"end":{"line":145,"column":52}},{"start":{"line":146,"column":8},"end":{"line":146,"column":80}}],"line":144},"19":{"loc":{"start":{"line":152,"column":3},"end":{"line":154,"column":4}},"type":"if","locations":[{"start":{"line":152,"column":3},"end":{"line":154,"column":4}},{"start":{},"end":{}}],"line":152},"20":{"loc":{"start":{"line":152,"column":7},"end":{"line":152,"column":37}},"type":"binary-expr","locations":[{"start":{"line":152,"column":7},"end":{"line":152,"column":15}},{"start":{"line":152,"column":19},"end":{"line":152,"column":37}}],"line":152},"21":{"loc":{"start":{"line":157,"column":3},"end":{"line":157,"column":23}},"type":"if","locations":[{"start":{"line":157,"column":3},"end":{"line":157,"column":23}},{"start":{},"end":{}}],"line":157},"22":{"loc":{"start":{"line":160,"column":3},"end":{"line":165,"column":4}},"type":"if","locations":[{"start":{"line":160,"column":3},"end":{"line":165,"column":4}},{"start":{},"end":{}}],"line":160},"23":{"loc":{"start":{"line":174,"column":3},"end":{"line":174,"column":32}},"type":"if","locations":[{"start":{"line":174,"column":3},"end":{"line":174,"column":32}},{"start":{},"end":{}}],"line":174},"24":{"loc":{"start":{"line":175,"column":3},"end":{"line":175,"column":47}},"type":"if","locations":[{"start":{"line":175,"column":3},"end":{"line":175,"column":47}},{"start":{},"end":{}}],"line":175},"25":{"loc":{"start":{"line":202,"column":3},"end":{"line":202,"column":38}},"type":"if","locations":[{"start":{"line":202,"column":3},"end":{"line":202,"column":38}},{"start":{},"end":{}}],"line":202},"26":{"loc":{"start":{"line":203,"column":76},"end":{"line":203,"column":94}},"type":"binary-expr","locations":[{"start":{"line":203,"column":76},"end":{"line":203,"column":82}},{"start":{"line":203,"column":86},"end":{"line":203,"column":94}}],"line":203},"27":{"loc":{"start":{"line":209,"column":3},"end":{"line":211,"column":4}},"type":"if","locations":[{"start":{"line":209,"column":3},"end":{"line":211,"column":4}},{"start":{},"end":{}}],"line":209},"28":{"loc":{"start":{"line":216,"column":3},"end":{"line":229,"column":4}},"type":"if","locations":[{"start":{"line":216,"column":3},"end":{"line":229,"column":4}},{"start":{},"end":{}}],"line":216},"29":{"loc":{"start":{"line":217,"column":4},"end":{"line":228,"column":5}},"type":"if","locations":[{"start":{"line":217,"column":4},"end":{"line":228,"column":5}},{"start":{},"end":{}}],"line":217},"30":{"loc":{"start":{"line":217,"column":8},"end":{"line":217,"column":62}},"type":"binary-expr","locations":[{"start":{"line":217,"column":8},"end":{"line":217,"column":22}},{"start":{"line":217,"column":27},"end":{"line":217,"column":35}},{"start":{"line":217,"column":39},"end":{"line":217,"column":61}}],"line":217},"31":{"loc":{"start":{"line":223,"column":6},"end":{"line":225,"column":80}},"type":"cond-expr","locations":[{"start":{"line":224,"column":8},"end":{"line":224,"column":52}},{"start":{"line":225,"column":8},"end":{"line":225,"column":80}}],"line":223},"32":{"loc":{"start":{"line":231,"column":3},"end":{"line":233,"column":4}},"type":"if","locations":[{"start":{"line":231,"column":3},"end":{"line":233,"column":4}},{"start":{},"end":{}}],"line":231},"33":{"loc":{"start":{"line":231,"column":7},"end":{"line":231,"column":159}},"type":"binary-expr","locations":[{"start":{"line":231,"column":7},"end":{"line":231,"column":15}},{"start":{"line":231,"column":19},"end":{"line":231,"column":41}},{"start":{"line":231,"column":45},"end":{"line":231,"column":159}}],"line":231},"34":{"loc":{"start":{"line":231,"column":116},"end":{"line":231,"column":134}},"type":"binary-expr","locations":[{"start":{"line":231,"column":116},"end":{"line":231,"column":122}},{"start":{"line":231,"column":126},"end":{"line":231,"column":134}}],"line":231},"35":{"loc":{"start":{"line":236,"column":3},"end":{"line":236,"column":23}},"type":"if","locations":[{"start":{"line":236,"column":3},"end":{"line":236,"column":23}},{"start":{},"end":{}}],"line":236},"36":{"loc":{"start":{"line":239,"column":3},"end":{"line":244,"column":4}},"type":"if","locations":[{"start":{"line":239,"column":3},"end":{"line":244,"column":4}},{"start":{},"end":{}}],"line":239},"37":{"loc":{"start":{"line":253,"column":3},"end":{"line":253,"column":32}},"type":"if","locations":[{"start":{"line":253,"column":3},"end":{"line":253,"column":32}},{"start":{},"end":{}}],"line":253},"38":{"loc":{"start":{"line":254,"column":3},"end":{"line":254,"column":47}},"type":"if","locations":[{"start":{"line":254,"column":3},"end":{"line":254,"column":47}},{"start":{},"end":{}}],"line":254},"39":{"loc":{"start":{"line":272,"column":28},"end":{"line":272,"column":58}},"type":"binary-expr","locations":[{"start":{"line":272,"column":28},"end":{"line":272,"column":34}},{"start":{"line":272,"column":38},"end":{"line":272,"column":58}}],"line":272},"40":{"loc":{"start":{"line":276,"column":3},"end":{"line":276,"column":30}},"type":"if","locations":[{"start":{"line":276,"column":3},"end":{"line":276,"column":30}},{"start":{},"end":{}}],"line":276},"41":{"loc":{"start":{"line":283,"column":3},"end":{"line":283,"column":44}},"type":"if","locations":[{"start":{"line":283,"column":3},"end":{"line":283,"column":44}},{"start":{},"end":{}}],"line":283},"42":{"loc":{"start":{"line":288,"column":3},"end":{"line":309,"column":4}},"type":"if","locations":[{"start":{"line":288,"column":3},"end":{"line":309,"column":4}},{"start":{"line":301,"column":10},"end":{"line":309,"column":4}}],"line":288},"43":{"loc":{"start":{"line":289,"column":4},"end":{"line":300,"column":5}},"type":"if","locations":[{"start":{"line":289,"column":4},"end":{"line":300,"column":5}},{"start":{"line":295,"column":11},"end":{"line":300,"column":5}}],"line":289},"44":{"loc":{"start":{"line":292,"column":5},"end":{"line":294,"column":6}},"type":"if","locations":[{"start":{"line":292,"column":5},"end":{"line":294,"column":6}},{"start":{},"end":{}}],"line":292},"45":{"loc":{"start":{"line":301,"column":10},"end":{"line":309,"column":4}},"type":"if","locations":[{"start":{"line":301,"column":10},"end":{"line":309,"column":4}},{"start":{},"end":{}}],"line":301},"46":{"loc":{"start":{"line":312,"column":3},"end":{"line":312,"column":23}},"type":"if","locations":[{"start":{"line":312,"column":3},"end":{"line":312,"column":23}},{"start":{},"end":{}}],"line":312},"47":{"loc":{"start":{"line":321,"column":3},"end":{"line":321,"column":39}},"type":"if","locations":[{"start":{"line":321,"column":3},"end":{"line":321,"column":39}},{"start":{},"end":{}}],"line":321},"48":{"loc":{"start":{"line":322,"column":3},"end":{"line":322,"column":46}},"type":"if","locations":[{"start":{"line":322,"column":3},"end":{"line":322,"column":46}},{"start":{},"end":{}}],"line":322},"49":{"loc":{"start":{"line":338,"column":16},"end":{"line":338,"column":26}},"type":"default-arg","locations":[{"start":{"line":338,"column":24},"end":{"line":338,"column":26}}],"line":338},"50":{"loc":{"start":{"line":342,"column":7},"end":{"line":342,"column":16}},"type":"default-arg","locations":[{"start":{"line":342,"column":15},"end":{"line":342,"column":16}}],"line":342},"51":{"loc":{"start":{"line":343,"column":7},"end":{"line":343,"column":16}},"type":"default-arg","locations":[{"start":{"line":343,"column":14},"end":{"line":343,"column":16}}],"line":343},"52":{"loc":{"start":{"line":347,"column":29},"end":{"line":347,"column":39}},"type":"default-arg","locations":[{"start":{"line":347,"column":37},"end":{"line":347,"column":39}}],"line":347},"53":{"loc":{"start":{"line":362,"column":2},"end":{"line":364,"column":3}},"type":"if","locations":[{"start":{"line":362,"column":2},"end":{"line":364,"column":3}},{"start":{},"end":{}}],"line":362},"54":{"loc":{"start":{"line":362,"column":6},"end":{"line":362,"column":101}},"type":"binary-expr","locations":[{"start":{"line":362,"column":6},"end":{"line":362,"column":27}},{"start":{"line":362,"column":31},"end":{"line":362,"column":101}}],"line":362},"55":{"loc":{"start":{"line":362,"column":33},"end":{"line":362,"column":100}},"type":"binary-expr","locations":[{"start":{"line":362,"column":33},"end":{"line":362,"column":53}},{"start":{"line":362,"column":57},"end":{"line":362,"column":100}}],"line":362},"56":{"loc":{"start":{"line":366,"column":2},"end":{"line":368,"column":3}},"type":"if","locations":[{"start":{"line":366,"column":2},"end":{"line":368,"column":3}},{"start":{},"end":{}}],"line":366},"57":{"loc":{"start":{"line":366,"column":6},"end":{"line":366,"column":104}},"type":"binary-expr","locations":[{"start":{"line":366,"column":6},"end":{"line":366,"column":28}},{"start":{"line":366,"column":32},"end":{"line":366,"column":104}}],"line":366},"58":{"loc":{"start":{"line":366,"column":34},"end":{"line":366,"column":103}},"type":"binary-expr","locations":[{"start":{"line":366,"column":34},"end":{"line":366,"column":55}},{"start":{"line":366,"column":59},"end":{"line":366,"column":103}}],"line":366},"59":{"loc":{"start":{"line":374,"column":2},"end":{"line":374,"column":149}},"type":"if","locations":[{"start":{"line":374,"column":2},"end":{"line":374,"column":149}},{"start":{},"end":{}}],"line":374},"60":{"loc":{"start":{"line":374,"column":6},"end":{"line":374,"column":81}},"type":"binary-expr","locations":[{"start":{"line":374,"column":6},"end":{"line":374,"column":35}},{"start":{"line":374,"column":39},"end":{"line":374,"column":63}},{"start":{"line":374,"column":67},"end":{"line":374,"column":81}}],"line":374},"61":{"loc":{"start":{"line":378,"column":2},"end":{"line":378,"column":71}},"type":"if","locations":[{"start":{"line":378,"column":2},"end":{"line":378,"column":71}},{"start":{},"end":{}}],"line":378},"62":{"loc":{"start":{"line":379,"column":2},"end":{"line":379,"column":65}},"type":"if","locations":[{"start":{"line":379,"column":2},"end":{"line":379,"column":65}},{"start":{},"end":{}}],"line":379},"63":{"loc":{"start":{"line":380,"column":2},"end":{"line":380,"column":62}},"type":"if","locations":[{"start":{"line":380,"column":2},"end":{"line":380,"column":62}},{"start":{},"end":{}}],"line":380},"64":{"loc":{"start":{"line":381,"column":2},"end":{"line":381,"column":74}},"type":"if","locations":[{"start":{"line":381,"column":2},"end":{"line":381,"column":74}},{"start":{},"end":{}}],"line":381},"65":{"loc":{"start":{"line":382,"column":2},"end":{"line":382,"column":71}},"type":"if","locations":[{"start":{"line":382,"column":2},"end":{"line":382,"column":71}},{"start":{},"end":{}}],"line":382},"66":{"loc":{"start":{"line":395,"column":2},"end":{"line":395,"column":71}},"type":"if","locations":[{"start":{"line":395,"column":2},"end":{"line":395,"column":71}},{"start":{},"end":{}}],"line":395},"67":{"loc":{"start":{"line":396,"column":2},"end":{"line":396,"column":71}},"type":"if","locations":[{"start":{"line":396,"column":2},"end":{"line":396,"column":71}},{"start":{},"end":{}}],"line":396},"68":{"loc":{"start":{"line":397,"column":2},"end":{"line":397,"column":65}},"type":"if","locations":[{"start":{"line":397,"column":2},"end":{"line":397,"column":65}},{"start":{},"end":{}}],"line":397},"69":{"loc":{"start":{"line":398,"column":2},"end":{"line":398,"column":62}},"type":"if","locations":[{"start":{"line":398,"column":2},"end":{"line":398,"column":62}},{"start":{},"end":{}}],"line":398},"70":{"loc":{"start":{"line":399,"column":2},"end":{"line":399,"column":74}},"type":"if","locations":[{"start":{"line":399,"column":2},"end":{"line":399,"column":74}},{"start":{},"end":{}}],"line":399},"71":{"loc":{"start":{"line":402,"column":1},"end":{"line":404,"column":2}},"type":"if","locations":[{"start":{"line":402,"column":1},"end":{"line":404,"column":2}},{"start":{},"end":{}}],"line":402},"72":{"loc":{"start":{"line":402,"column":5},"end":{"line":402,"column":37}},"type":"binary-expr","locations":[{"start":{"line":402,"column":5},"end":{"line":402,"column":12}},{"start":{"line":402,"column":16},"end":{"line":402,"column":37}}],"line":402}},"s":{"0":1,"1":1,"2":1,"3":38,"4":0,"5":0,"6":0,"7":0,"8":0,"9":0,"10":0,"11":0,"12":0,"13":0,"14":0,"15":0,"16":0,"17":0,"18":0,"19":0,"20":0,"21":0,"22":0,"23":0,"24":0,"25":0,"26":0,"27":0,"28":0,"29":0,"30":0,"31":0,"32":0,"33":0,"34":0,"35":0,"36":0,"37":0,"38":0,"39":0,"40":0,"41":0,"42":0,"43":0,"44":0,"45":0,"46":0,"47":0,"48":0,"49":0,"50":0,"51":0,"52":0,"53":0,"54":0,"55":0,"56":0,"57":0,"58":0,"59":0,"60":0,"61":0,"62":0,"63":0,"64":0,"65":0,"66":0,"67":0,"68":0,"69":0,"70":0,"71":0,"72":0,"73":0,"74":0,"75":0,"76":0,"77":0,"78":0,"79":0,"80":0,"81":0,"82":0,"83":0,"84":0,"85":0,"86":0,"87":0,"88":0,"89":0,"90":0,"91":0,"92":0,"93":0,"94":0,"95":0,"96":0,"97":0,"98":0,"99":0,"100":0,"101":0,"102":0,"103":0,"104":0,"105":0,"106":0,"107":0,"108":0,"109":0,"110":0,"111":0,"112":0,"113":0,"114":0,"115":0,"116":0,"117":0,"118":0,"119":0,"120":0,"121":38,"122":38,"123":38,"124":0,"125":38,"126":0,"127":38,"128":0,"129":38,"130":38,"131":7,"132":0,"133":0,"134":0,"135":0,"136":0,"137":0,"138":0,"139":0,"140":7,"141":0,"142":0,"143":0,"144":0,"145":22,"146":0,"147":22,"148":22,"149":16,"150":16,"151":38,"152":0,"153":38,"154":0,"155":38,"156":38,"157":38,"158":38,"159":38,"160":38,"161":38,"162":38,"163":38,"164":38,"165":0,"166":0,"167":0,"168":0,"169":0,"170":0,"171":0,"172":38,"173":38,"174":0,"175":38,"176":0,"177":38,"178":38,"179":190,"180":0,"181":38,"182":7,"183":0,"184":7,"185":7,"186":7,"187":0,"188":7,"189":7,"190":7,"191":7,"192":38,"193":0,"194":38,"195":0,"196":0,"197":0,"198":0,"199":0,"200":0,"201":0,"202":0,"203":0,"204":0,"205":38,"206":0,"207":38,"208":38,"209":38,"210":38,"211":0,"212":0,"213":0,"214":0,"215":0,"216":0,"217":0,"218":0,"219":0,"220":0,"221":0,"222":0,"223":1,"224":1},"f":{"0":38,"1":0,"2":0,"3":0,"4":0,"5":0,"6":0,"7":0,"8":0,"9":0,"10":0,"11":0,"12":0,"13":0,"14":0,"15":0,"16":0,"17":0,"18":0,"19":0,"20":0,"21":0,"22":0,"23":0,"24":0,"25":0,"26":38,"27":38,"28":0,"29":38,"30":7,"31":0,"32":22,"33":16,"34":38,"35":38,"36":0,"37":0,"38":0,"39":38,"40":190,"41":7,"42":0,"43":0,"44":38,"45":0,"46":0,"47":0,"48":0,"49":0,"50":0,"51":0,"52":0},"b":{"0":[0,0],"1":[0,0],"2":[0,0],"3":[0,0],"4":[0,0],"5":[0,0],"6":[0,0],"7":[0,0],"8":[0,0],"9":[0,0],"10":[0,0],"11":[0,0],"12":[0,0],"13":[0,0],"14":[0,0],"15":[0,0],"16":[0,0],"17":[0,0,0],"18":[0,0],"19":[0,0],"20":[0,0],"21":[0,0],"22":[0,0],"23":[0,0],"24":[0,0],"25":[0,0],"26":[0,0],"27":[0,0],"28":[0,0],"29":[0,0],"30":[0,0,0],"31":[0,0],"32":[0,0],"33":[0,0,0],"34":[0,0],"35":[0,0],"36":[0,0],"37":[0,0],"38":[0,0],"39":[38,0],"40":[0,38],"41":[0,38],"42":[0,7],"43":[0,0],"44":[0,0],"45":[0,7],"46":[0,22],"47":[0,38],"48":[0,38],"49":[0],"50":[10],"51":[38],"52":[0],"53":[0,38],"54":[38,0],"55":[0,0],"56":[0,38],"57":[38,10],"58":[10,0],"59":[0,190],"60":[190,76,0],"61":[0,7],"62":[7,0],"63":[0,7],"64":[7,0],"65":[7,0],"66":[0,0],"67":[0,0],"68":[0,0],"69":[0,0],"70":[0,0],"71":[0,38],"72":[38,38]},"inputSourceMap":{"0":"{","1":"\"","2":"v","3":"e","4":"r","5":"s","6":"i","7":"o","8":"n","9":"\"","10":":","11":"3","12":",","13":"\"","14":"m","15":"a","16":"p","17":"p","18":"i","19":"n","20":"g","21":"s","22":"\"","23":":","24":"\"","25":";","26":";","27":";","28":";","29":";","30":";","31":";","32":";","33":";","34":";","35":";","36":";","37":";","38":";","39":";","40":";","41":";","42":";","43":";","44":";","45":";","46":"k","47":"B","48":"A","49":"0","50":"B","51":"O","52":",","53":"G","54":"A","55":"A","56":"O","57":",","58":"Q","59":"A","60":"A","61":"K","62":",","63":"G","64":"A","65":"A","66":"G","67":";","68":"k","69":"B","70":"A","71":"E","72":"V","73":",","74":"G","75":"A","76":"A","77":"O","78":",","79":"Q","80":"A","81":"A","82":"K","83":",","84":"G","85":"A","86":"A","87":"G","88":";","89":";","90":";","91":";","92":";","93":";","94":";","95":";","96":";","97":";","98":";","99":";","100":";","101":";","102":";","103":";","104":";","105":";","106":";","107":";","108":";","109":";","110":";","111":";","112":";","113":";","114":";","115":";","116":";","117":";","118":";","119":";","120":";","121":";","122":";","123":";","124":";","125":";","126":";","127":";","128":";","129":";","130":";","131":";","132":";","133":";","134":";","135":";","136":";","137":";","138":";","139":";","140":";","141":";","142":";","143":";","144":";","145":";","146":";","147":";","148":";","149":";","150":";","151":";","152":";","153":";","154":";","155":";","156":";","157":";","158":";","159":";","160":";","161":";","162":";","163":";","164":";","165":";","166":";","167":";","168":";","169":";","170":";","171":";","172":";","173":";","174":";","175":";","176":";","177":";","178":";","179":";","180":";","181":";","182":";","183":";","184":";","185":";","186":"g","187":"C","188":"A","189":"C","190":"d","191":",","192":"G","193":"A","194":"A","195":"I","196":";","197":";","198":";","199":";","200":";","201":";","202":";","203":"G","204":"A","205":"A","206":"b","207":",","208":"U","209":"A","210":"E","211":"A","212":";","213":";","214":";","215":";","216":";","217":";","218":";","219":";","220":";","221":";","222":";","223":";","224":";","225":";","226":";","227":";","228":";","229":";","230":";","231":";","232":";","233":";","234":";","235":";","236":";","237":"i","238":"C","239":"A","240":"F","241":"S","242":",","243":"G","244":"A","245":"A","246":"I","247":";","248":";","249":";","250":";","251":";","252":";","253":";","254":";","255":";","256":";","257":";","258":";","259":";","260":";","261":";","262":";","263":";","264":";","265":";","266":";","267":";","268":";","269":";","270":";","271":";","272":";","273":";","274":";","275":";","276":";","277":";","278":";","279":";","280":";","281":";","282":";","283":";","284":";","285":";","286":";","287":";","288":";","289":";","290":";","291":";","292":";","293":";","294":";","295":";","296":";","297":"4","298":"E","299":"A","300":"F","301":"c","302":",","303":"G","304":"A","305":"A","306":"Q","307":",","308":"O","309":"A","310":"A","311":"I","312":",","313":"Q","314":"A","315":"A","316":"Q","317":";","318":";","319":";","320":";","321":"G","322":"A","323":"A","324":"/","325":"C","326":",","327":"U","328":"A","329":"A","330":"8","331":"D","332":";","333":";","334":";","335":";","336":";","337":";","338":";","339":";","340":";","341":";","342":";","343":";","344":";","345":";","346":";","347":";","348":";","349":";","350":";","351":";","352":";","353":";","354":";","355":";","356":"o","357":"H","358":"A","359":"A","360":"n","361":"C","362":",","363":"G","364":"A","365":"A","366":"Q","367":",","368":"O","369":"A","370":"A","371":"I","372":",","373":"Q","374":"A","375":"A","376":"Q","377":";","378":";","379":";","380":";","381":";","382":";","383":";","384":";","385":";","386":";","387":";","388":";","389":";","390":";","391":";","392":";","393":";","394":";","395":";","396":";","397":";","398":";","399":";","400":";","401":";","402":";","403":";","404":";","405":";","406":";","407":";","408":";","409":";","410":";","411":";","412":";","413":";","414":";","415":";","416":";","417":";","418":"4","419":"B","420":"A","421":"F","422":"9","423":"C","424":",","425":"G","426":"A","427":"A","428":"O","429":";","430":";","431":";","432":";","433":";","434":";","435":";","436":";","437":";","438":";","439":";","440":";","441":";","442":";","443":";","444":";","445":"m","446":"B","447":"A","448":"A","449":"P","450":",","451":"G","452":"A","453":"A","454":"O","455":";","456":";","457":";","458":";","459":";","460":";","461":";","462":";","463":";","464":";","465":";","466":";","467":";","468":";","469":";","470":";","471":";","472":";","473":";","474":";","475":";","476":";","477":";","478":";","479":";","480":";","481":";","482":";","483":";","484":";","485":";","486":";","487":";","488":";","489":";","490":";","491":";","492":";","493":";","494":";","495":";","496":";","497":";","498":";","499":";","500":";","501":";","502":";","503":";","504":";","505":";","506":";","507":"K","508":"A","509":"x","510":"B","511":"N","512":",","513":"O","514":"A","515":"A","516":"O","517":",","518":"G","519":"A","520":"A","521":"G","522":",","523":"K","524":"A","525":"A","526":"K","527":";","528":"O","529":"A","530":"E","531":"R","532":",","533":"O","534":"A","535":"A","536":"O","537":";","538":"O","539":"A","540":"C","541":"P","542":",","543":"K","544":"A","545":"A","546":"K","547":",","548":"G","549":"A","550":"A","551":"G","552":",","553":"C","554":"A","555":"A","556":"C","557":";","558":"O","559":"A","560":"C","561":"T","562":",","563":"I","564":"A","565":"A","566":"I","567":",","568":"G","569":"A","570":"A","571":"G","572":",","573":"E","574":"A","575":"A","576":"E","577":";","578":"O","579":"A","580":"C","581":"T","582":",","583":"Q","584":"A","585":"A","586":"Q","587":";","588":"C","589":"A","590":"E","591":"n","592":"B","593":",","594":"U","595":"A","596":"A","597":"U","598":",","599":"u","600":"B","601":"A","602":"A","603":"Q","604":",","605":"O","606":"A","607":"A","608":"O","609":",","610":"G","611":"A","612":"A","613":"G","614":",","615":"I","616":"A","617":"A","618":"I","619":",","620":"G","621":"A","622":"A","623":"G","624":",","625":"K","626":"A","627":"A","628":"K","629":",","630":"G","631":"A","632":"A","633":"G","634":",","635":"G","636":"A","637":"A","638":"G","639":";","640":";","641":"U","642":"A","643":"E","644":"r","645":"C","646":",","647":"U","648":"A","649":"A","650":"U","651":",","652":"C","653":"A","654":"A","655":"C","656":",","657":"I","658":"A","659":"A","660":"I","661":",","662":"I","663":"A","664":"A","665":"I","666":",","667":"K","668":"A","669":"A","670":"K","671":",","672":"G","673":"A","674":"A","675":"G","676":",","677":"E","678":"A","679":"A","680":"E","681":";","682":"Q","683":"A","684":"C","685":"9","686":"B","687":",","688":"I","689":"A","690":"A","691":"I","692":",","693":"G","694":"A","695":"A","696":"G","697":",","698":"I","699":"A","700":"A","701":"I","702":",","703":"C","704":"A","705":"A","706":"C","707":",","708":"W","709":"A","710":"A","711":"W","712":";","713":"Q","714":"A","715":"C","716":"v","717":"B","718":",","719":"Q","720":"A","721":"A","722":"Q","723":",","724":"G","725":"A","726":"A","727":"G","728":",","729":"I","730":"A","731":"A","732":"I","733":",","734":"C","735":"A","736":"A","737":"C","738":",","739":"M","740":"A","741":"A","742":"M","743":",","744":"I","745":"A","746":"A","747":"I","748":",","749":"K","750":"A","751":"A","752":"K","753":",","754":"G","755":"A","756":"A","757":"G","758":",","759":"I","760":"A","761":"A","762":"I","763":";","764":"E","765":"A","766":"C","767":"5","768":"C","769":",","770":"O","771":"A","772":"A","773":"O","774":",","775":"C","776":"A","777":"A","778":"C","779":",","780":"G","781":"A","782":"A","783":"G","784":",","785":"C","786":"A","787":"A","788":"C","789":",","790":"O","791":"A","792":"A","793":"O","794":",","795":"E","796":"A","797":"A","798":"E","799":",","800":"Q","801":"A","802":"A","803":"Q","804":";","805":";","806":";","807":"G","808":"A","809":"G","810":"3","811":"B","812":",","813":"Q","814":"A","815":"A","816":"Q","817":";","818":"G","819":"A","820":"C","821":"R","822":",","823":"I","824":"A","825":"A","826":"I","827":",","828":"E","829":"A","830":"A","831":"G","832":",","833":"C","834":"A","835":"A","836":"C","837":";","838":"U","839":"A","840":"C","841":"A","842":",","843":"C","844":"A","845":"A","846":"C","847":",","848":"G","849":"A","850":"A","851":"G","852":",","853":"I","854":"A","855":"A","856":"I","857":",","858":"C","859":"A","860":"A","861":"C","862":",","863":"K","864":"A","865":"A","866":"K","867":",","868":"C","869":"A","870":"A","871":"C","872":",","873":"I","874":"A","875":"A","876":"I","877":",","878":"C","879":"A","880":"A","881":"C","882":",","883":"M","884":"A","885":"A","886":"M","887":",","888":"G","889":"A","890":"A","891":"G","892":",","893":"C","894":"A","895":"A","896":"C","897":";","898":"I","899":"A","900":"C","901":"p","902":"C","903":",","904":"I","905":"A","906":"A","907":"I","908":",","909":"C","910":"A","911":"A","912":"C","913":",","914":"W","915":"A","916":"A","917":"W","918":",","919":"G","920":"A","921":"A","922":"G","923":",","924":"I","925":"A","926":"A","927":"I","928":",","929":"C","930":"A","931":"A","932":"C","933":",","934":"K","935":"A","936":"A","937":"K","938":",","939":"C","940":"A","941":"A","942":"C","943":",","944":"C","945":"A","946":"A","947":"C","948":",","949":"E","950":"A","951":"A","952":"E","953":",","954":"C","955":"A","956":"A","957":"C","958":";","959":";","960":";","961":";","962":";","963":";","964":";","965":";","966":";","967":";","968":";","969":";","970":";","971":";","972":";","973":";","974":";","975":";","976":";","977":";","978":";","979":";","980":";","981":";","982":";","983":";","984":";","985":";","986":";","987":";","988":";","989":";","990":";","991":";","992":";","993":";","994":";","995":";","996":";","997":";","998":";","999":";","1000":";","1001":";","1002":";","1003":";","1004":";","1005":";","1006":";","1007":";","1008":";","1009":";","1010":";","1011":";","1012":";","1013":";","1014":";","1015":";","1016":";","1017":";","1018":";","1019":";","1020":";","1021":";","1022":";","1023":";","1024":";","1025":";","1026":";","1027":";","1028":";","1029":";","1030":";","1031":";","1032":";","1033":";","1034":";","1035":";","1036":";","1037":";","1038":";","1039":";","1040":";","1041":";","1042":";","1043":";","1044":";","1045":";","1046":";","1047":";","1048":";","1049":";","1050":";","1051":";","1052":";","1053":";","1054":";","1055":";","1056":";","1057":";","1058":";","1059":";","1060":";","1061":";","1062":";","1063":";","1064":";","1065":";","1066":";","1067":";","1068":";","1069":";","1070":";","1071":";","1072":";","1073":";","1074":";","1075":"\"","1076":",","1077":"\"","1078":"n","1079":"a","1080":"m","1081":"e","1082":"s","1083":"\"","1084":":","1085":"[","1086":"]","1087":",","1088":"\"","1089":"s","1090":"o","1091":"u","1092":"r","1093":"c","1094":"e","1095":"s","1096":"\"","1097":":","1098":"[","1099":"\"","1100":"T","1101":"y","1102":"p","1103":"i","1104":"n","1105":"g","1106":".","1107":"s","1108":"v","1109":"e","1110":"l","1111":"t","1112":"e","1113":"\"","1114":"]","1115":"}"},"_coverageSchema":"1a1c01bbd47fc00a2c39e90264f33305004495a9","hash":"7905aded397c8c2671316b2405524a7f417d9ccd"}
,"/Users/chetheaker/Documents/Coding/projects/v1/src/components/Terminal/Terminal.svelte": {"path":"/Users/chetheaker/Documents/Coding/projects/v1/src/components/Terminal/Terminal.svelte","statementMap":{"0":{"start":{"line":4,"column":265},"end":{"line":4,"column":291}},"1":{"start":{"line":5,"column":25},"end":{"line":5,"column":52}},"2":{"start":{"line":6,"column":39},"end":{"line":6,"column":76}},"3":{"start":{"line":7,"column":35},"end":{"line":7,"column":68}},"4":{"start":{"line":8,"column":28},"end":{"line":8,"column":54}},"5":{"start":{"line":9,"column":13},"end":{"line":9,"column":30}},"6":{"start":{"line":12,"column":1},"end":{"line":12,"column":1520}},"7":{"start":{"line":24,"column":1},"end":{"line":24,"column":41}},"8":{"start":{"line":25,"column":1},"end":{"line":25,"column":63}},"9":{"start":{"line":26,"column":1},"end":{"line":26,"column":55}},"10":{"start":{"line":28,"column":15},"end":{"line":75,"column":2}},"11":{"start":{"line":30,"column":3},"end":{"line":30,"column":32}},"12":{"start":{"line":31,"column":3},"end":{"line":31,"column":40}},"13":{"start":{"line":32,"column":3},"end":{"line":32,"column":16}},"14":{"start":{"line":33,"column":3},"end":{"line":33,"column":24}},"15":{"start":{"line":34,"column":3},"end":{"line":34,"column":51}},"16":{"start":{"line":35,"column":3},"end":{"line":35,"column":16}},"17":{"start":{"line":36,"column":3},"end":{"line":36,"column":47}},"18":{"start":{"line":37,"column":3},"end":{"line":37,"column":52}},"19":{"start":{"line":38,"column":3},"end":{"line":38,"column":38}},"20":{"start":{"line":39,"column":3},"end":{"line":39,"column":47}},"21":{"start":{"line":40,"column":3},"end":{"line":40,"column":42}},"22":{"start":{"line":43,"column":3},"end":{"line":43,"column":114}},"23":{"start":{"line":46,"column":3},"end":{"line":46,"column":39}},"24":{"start":{"line":47,"column":3},"end":{"line":47,"column":42}},"25":{"start":{"line":48,"column":3},"end":{"line":48,"column":27}},"26":{"start":{"line":49,"column":3},"end":{"line":49,"column":28}},"27":{"start":{"line":50,"column":3},"end":{"line":50,"column":49}},"28":{"start":{"line":51,"column":3},"end":{"line":51,"column":23}},"29":{"start":{"line":52,"column":3},"end":{"line":52,"column":45}},"30":{"start":{"line":53,"column":3},"end":{"line":53,"column":18}},"31":{"start":{"line":57,"column":3},"end":{"line":57,"column":23}},"32":{"start":{"line":57,"column":16},"end":{"line":57,"column":23}},"33":{"start":{"line":58,"column":3},"end":{"line":58,"column":44}},"34":{"start":{"line":59,"column":3},"end":{"line":59,"column":55}},"35":{"start":{"line":60,"column":3},"end":{"line":60,"column":51}},"36":{"start":{"line":61,"column":3},"end":{"line":61,"column":18}},"37":{"start":{"line":64,"column":3},"end":{"line":64,"column":45}},"38":{"start":{"line":65,"column":3},"end":{"line":65,"column":56}},"39":{"start":{"line":66,"column":3},"end":{"line":66,"column":52}},"40":{"start":{"line":67,"column":3},"end":{"line":67,"column":19}},"41":{"start":{"line":70,"column":3},"end":{"line":70,"column":38}},"42":{"start":{"line":70,"column":18},"end":{"line":70,"column":38}},"43":{"start":{"line":71,"column":3},"end":{"line":71,"column":29}},"44":{"start":{"line":72,"column":3},"end":{"line":72,"column":40}},"45":{"start":{"line":73,"column":3},"end":{"line":73,"column":36}},"46":{"start":{"line":77,"column":1},"end":{"line":83,"column":4}},"47":{"start":{"line":85,"column":1},"end":{"line":85,"column":14}},"48":{"start":{"line":89,"column":40},"end":{"line":89,"column":47}},"49":{"start":{"line":90,"column":1},"end":{"line":90,"column":39}},"50":{"start":{"line":91,"column":24},"end":{"line":91,"column":26}},"51":{"start":{"line":93,"column":1},"end":{"line":95,"column":4}},"52":{"start":{"line":94,"column":2},"end":{"line":94,"column":149}},"53":{"start":{"line":94,"column":83},"end":{"line":94,"column":149}},"54":{"start":{"line":97,"column":1},"end":{"line":102,"column":4}},"55":{"start":{"line":97,"column":32},"end":{"line":102,"column":2}},"56":{"start":{"line":104,"column":1},"end":{"line":104,"column":11}},"57":{"start":{"line":109,"column":2},"end":{"line":109,"column":17}},"58":{"start":{"line":110,"column":2},"end":{"line":110,"column":78}},"59":{"start":{"line":112,"column":2},"end":{"line":117,"column":5}},"60":{"start":{"line":121,"column":0},"end":{"line":121,"column":27}},"61":{"start":{"line":121,"column":27},"end":{"line":121,"column":89}}},"fnMap":{"0":{"name":"add_css","decl":{"start":{"line":11,"column":9},"end":{"line":11,"column":16}},"loc":{"start":{"line":11,"column":25},"end":{"line":13,"column":1}},"line":11},"1":{"name":"create_fragment","decl":{"start":{"line":15,"column":9},"end":{"line":15,"column":24}},"loc":{"start":{"line":15,"column":30},"end":{"line":86,"column":1}},"line":15},"2":{"name":"create","decl":{"start":{"line":29,"column":14},"end":{"line":29,"column":20}},"loc":{"start":{"line":29,"column":23},"end":{"line":41,"column":3}},"line":29},"3":{"name":"claim","decl":{"start":{"line":42,"column":14},"end":{"line":42,"column":19}},"loc":{"start":{"line":42,"column":27},"end":{"line":44,"column":3}},"line":42},"4":{"name":"mount","decl":{"start":{"line":45,"column":14},"end":{"line":45,"column":19}},"loc":{"start":{"line":45,"column":36},"end":{"line":54,"column":3}},"line":45},"5":{"name":"intro","decl":{"start":{"line":56,"column":14},"end":{"line":56,"column":19}},"loc":{"start":{"line":56,"column":27},"end":{"line":62,"column":3}},"line":56},"6":{"name":"outro","decl":{"start":{"line":63,"column":14},"end":{"line":63,"column":19}},"loc":{"start":{"line":63,"column":27},"end":{"line":68,"column":3}},"line":63},"7":{"name":"destroy","decl":{"start":{"line":69,"column":14},"end":{"line":69,"column":21}},"loc":{"start":{"line":69,"column":33},"end":{"line":74,"column":3}},"line":69},"8":{"name":"instance","decl":{"start":{"line":88,"column":9},"end":{"line":88,"column":17}},"loc":{"start":{"line":88,"column":49},"end":{"line":105,"column":1}},"line":88},"9":{"name":"(anonymous_9)","decl":{"start":{"line":93,"column":30},"end":{"line":93,"column":31}},"loc":{"start":{"line":93,"column":37},"end":{"line":95,"column":2}},"line":93},"10":{"name":"(anonymous_10)","decl":{"start":{"line":97,"column":25},"end":{"line":97,"column":26}},"loc":{"start":{"line":97,"column":32},"end":{"line":102,"column":2}},"line":97},"11":{"name":"(anonymous_11)","decl":{"start":{"line":108,"column":1},"end":{"line":108,"column":2}},"loc":{"start":{"line":108,"column":22},"end":{"line":118,"column":2}},"line":108}},"branchMap":{"0":
[...]
0":";","151":";","152":";","153":";","154":";","155":";","156":";","157":";","158":";","159":";","160":";","161":";","162":";","163":";","164":";","165":";","166":";","167":";","168":";","169":";","170":";","171":";","172":";","173":";","174":"K","175":"A","176":"x","177":"B","178":"v","179":"C","180":",","181":"K","182":"A","183":"A","184":"u","185":"B","186":";","187":"C","188":"A","189":"E","190":"3","191":"B","192":",","193":"O","194":"A","195":"A","196":"O","197":",","198":"O","199":"A","200":"A","201":"O","202":",","203":"K","204":"A","205":"A","206":"K","207":",","208":"C","209":"A","210":"A","211":"C","212":",","213":"K","214":"A","215":"A","216":"K","217":";","218":";","219":"O","220":"A","221":"E","222":"n","223":"B","224":",","225":"a","226":"A","227":"A","228":"a","229":";","230":"O","231":"A","232":"C","233":"Z","234":",","235":"K","236":"A","237":"A","238":"K","239":",","240":"C","241":"A","242":"A","243":"C","244":",","245":"K","246":"A","247":"A","248":"K","249":";","250":";","251":"M","252":"A","253":"C","254":"Z","255":",","256":"K","257":"A","258":"A","259":"K","260":",","261":"C","262":"A","263":"A","264":"C","265":",","266":"K","267":"A","268":"A","269":"K","270":",","271":"K","272":"A","273":"A","274":"K","275":",","276":"O","277":"A","278":"A","279":"O","280":";","281":"G","282":"A","283":"C","284":"z","285":"B","286":",","287":"W","288":"A","289":"A","290":"W","291":",","292":"C","293":"A","294":"A","295":"C","296":",","297":"G","298":"A","299":"A","300":"G","301":";","302":";","303":"S","304":"A","305":"E","306":"T","307":",","308":"Q","309":"A","310":"A","311":"Q","312":",","313":"G","314":"A","315":"A","316":"G","317":",","318":"a","319":"A","320":"A","321":"a","322":",","323":"C","324":"A","325":"A","326":"C","327":",","328":"K","329":"A","330":"A","331":"K","332":",","333":"C","334":"A","335":"A","336":"C","337":",","338":"K","339":"A","340":"A","341":"K","342":";","343":"S","344":"A","345":"C","346":"p","347":"C","348":",","349":"U","350":"A","351":"A","352":"U","353":",","354":"K","355":"A","356":"C","357":"d","358":",","359":"O","360":"A","361":"A","362":"O","363":",","364":"E","365":"A","366":"A","367":"E","368":",","369":"K","370":"A","371":"A","372":"K","373":",","374":"C","375":"A","376":"A","377":"C","378":",","379":"K","380":"A","381":"A","382":"K","383":",","384":"E","385":"A","386":"C","387":"p","388":"B","389":",","390":"O","391":"A","392":"A","393":"O","394":",","395":"E","396":"A","397":"A","398":"E","399":",","400":"I","401":"A","402":"A","403":"A","404":";","405":";","406":"O","407":"A","408":"E","409":"P","410":",","411":"K","412":"A","413":"A","414":"K","415":",","416":"C","417":"A","418":"A","419":"C","420":",","421":"O","422":"A","423":"A","424":"O","425":",","426":"C","427":"A","428":"A","429":"C","430":",","431":"Q","432":"A","433":"A","434":"Q","435":";","436":"I","437":"A","438":"C","439":"x","440":"B","441":",","442":"W","443":"A","444":"A","445":"W","446":",","447":"C","448":"A","449":"A","450":"C","451":",","452":"M","453":"A","454":"A","455":"M","456":",","457":"C","458":"A","459":"A","460":"E","461":",","462":"I","463":"A","464":"A","465":"I","466":",","467":"Q","468":"A","469":"A","470":"S","471":",","472":"I","473":"A","474":"A","475":"I","476":",","477":"E","478":"A","479":"A","480":"E","481":",","482":"U","483":"A","484":"A","485":"U","486":",","487":"K","488":"A","489":"A","490":"K","491":",","492":"Q","493":"A","494":"A","495":"Q","496":";","497":";","498":"I","499":"A","500":"E","501":"9","502":"D","503":",","504":"W","505":"A","506":"A","507":"W","508":",","509":"C","510":"A","511":"A","512":"C","513":",","514":"M","515":"A","516":"A","517":"M","518":",","519":"C","520":"A","521":"A","522":"E","523":",","524":"I","525":"A","526":"A","527":"I","528":",","529":"Q","530":"A","531":"A","532":"S","533":",","534":"I","535":"A","536":"A","537":"I","538":",","539":"E","540":"A","541":"A","542":"E","543":",","544":"U","545":"A","546":"A","547":"U","548":",","549":"E","550":"A","551":"A","552":"E","553":",","554":"Q","555":"A","556":"A","557":"Q","558":";","559":";","560":";","561":";","562":"k","563":"B","564":"A","565":"G","566":"/","567":"D","568":",","569":"K","570":"A","571":"A","572":"K","573":",","574":"C","575":"A","576":"A","577":"C","578":",","579":"K","580":"A","581":"A","582":"K","583":",","584":"G","585":"A","586":"A","587":"G","588":",","589":"E","590":"A","591":"A","592":"E","593":";","594":";","595":";","596":";","597":";","598":";","599":";","600":";","601":";","602":";","603":";","604":"G","605":"A","606":"O","607":"L","608":",","609":"K","610":"A","611":"A","612":"K","613":";","614":";","615":";","616":";","617":";","618":"4","619":"B","620":"A","621":"C","622":"D","623":",","624":"K","625":"A","626":"A","627":"K","628":",","629":"C","630":"A","631":"A","632":"C","633":",","634":"K","635":"A","636":"A","637":"K","638":";","639":";","640":";","641":";","642":";","643":";","644":";","645":";","646":";","647":";","648":";","649":";","650":";","651":";","652":";","653":";","654":";","655":";","656":";","657":";","658":";","659":";","660":";","661":";","662":";","663":";","664":";","665":";","666":";","667":";","668":";","669":";","670":";","671":";","672":";","673":"\"","674":",","675":"\"","676":"n","677":"a","678":"m","679":"e","680":"s","681":"\"","682":":","683":"[","684":"]","685":",","686":"\"","687":"s","688":"o","689":"u","690":"r","691":"c","692":"e","693":"s","694":"\"","695":":","696":"[","697":"\"","698":"T","699":"e","700":"r","701":"m","702":"i","703":"n","704":"a","705":"l","706":"I","707":"n","708":"p","709":"u","710":"t","711":".","712":"s","713":"v","714":"e","715":"l","716":"t","717":"e","718":"\"","719":"]","720":"}"},"_coverageSchema":"1a1c01bbd47fc00a2c39e90264f33305004495a9","hash":"7803b33f8c4ead1efcdcfb97ae080511fcb18e30"}
,"/Users/chetheaker/Documents/Coding/projects/v1/src/components/Terminal/TopBar.svelte": {"path":"/Users/chetheaker/Documents/Coding/projects/v1/src/components/Terminal/TopBar.svelte","statementMap":{"0":{"start":{"line":4,"column":180},"end":{"line":4,"column":206}},"1":{"start":{"line":5,"column":13},"end":{"line":5,"column":28}},"2":{"start":{"line":8,"column":1},"end":{"line":8,"column":2024}},"3":{"start":{"line":27,"column":15},"end":{"line":87,"column":2}},"4":{"start":{"line":29,"column":3},"end":{"line":29,"column":24}},"5":{"start":{"line":30,"column":3},"end":{"line":30,"column":25}},"6":{"start":{"line":31,"column":3},"end":{"line":31,"column":25}},"7":{"start":{"line":32,"column":3},"end":{"line":32,"column":16}},"8":{"start":{"line":33,"column":3},"end":{"line":33,"column":25}},"9":{"start":{"line":34,"column":3},"end":{"line":34,"column":16}},"10":{"start":{"line":35,"column":3},"end":{"line":35,"column":25}},"11":{"start":{"line":36,"column":3},"end":{"line":36,"column":16}},"12":{"start":{"line":37,"column":3},"end":{"line":37,"column":25}},"13":{"start":{"line":38,"column":3},"end":{"line":38,"column":20}},"14":{"start":{"line":39,"column":3},"end":{"line":39,"column":16}},"15":{"start":{"line":40,"column":3},"end":{"line":40,"column":22}},"16":{"start":{"line":41,"column":3},"end":{"line":41,"column":31}},"17":{"start":{"line":42,"column":3},"end":{"line":42,"column":16}},"18":{"start":{"line":43,"column":3},"end":{"line":43,"column":25}},"19":{"start":{"line":44,"column":3},"end":{"line":44,"column":50}},"20":{"start":{"line":45,"column":3},"end":{"line":45,"column":38}},"21":{"start":{"line":46,"column":3},"end":{"line":46,"column":48}},"22":{"start":{"line":47,"column":3},"end":{"line":47,"column":38}},"23":{"start":{"line":48,"column":3},"end":{"line":48,"column":48}},"24":{"start":{"line":49,"column":3},"end":{"line":49,"column":38}},"25":{"start":{"line":50,"column":3},"end":{"line":50,"column":49}},"26":{"start":{"line":51,"column":3},"end":{"line":51,"column":37}},"27":{"start":{"line":52,"column":3},"end":{"line":52,"column":48}},"28":{"start":{"line":53,"column":3},"end":{"line":53,"column":36}},"29":{"start":{"line":54,"column":3},"end":{"line":54,"column":37}},"30":{"start":{"line":55,"column":3},"end":{"line":55,"column":51}},"31":{"start":{"line":56,"column":3},"end":{"line":56,"column":39}},"32":{"start":{"line":57,"column":3},"end":{"line":57,"column":50}},"33":{"start":{"line":58,"column":3},"end":{"line":58,"column":40}},"34":{"start":{"line":59,"column":3},"end":{"line":59,"column":43}},"35":{"start":{"line":60,"column":3},"end":{"line":60,"column":36}},"36":{"start":{"line":63,"column":3},"end":{"line":63,"column":114}},"37":{"start":{"line":66,"column":3},"end":{"line":66,"column":35}},"38":{"start":{"line":67,"column":3},"end":{"line":67,"column":25}},"39":{"start":{"line":68,"column":3},"end":{"line":68,"column":26}},"40":{"start":{"line":69,"column":3},"end":{"line":69,"column":24}},"41":{"start":{"line":70,"column":3},"end":{"line":70,"column":26}},"42":{"start":{"line":71,"column":3},"end":{"line":71,"column":24}},"43":{"start":{"line":72,"column":3},"end":{"line":72,"column":26}},"44":{"start":{"line":73,"column":3},"end":{"line":73,"column":23}},"45":{"start":{"line":74,"column":3},"end":{"line":74,"column":25}},"46":{"start":{"line":75,"column":3},"end":{"line":75,"column":23}},"47":{"start":{"line":76,"column":3},"end":{"line":76,"column":24}},"48":{"start":{"line":77,"column":3},"end":{"line":77,"column":24}},"49":{"start":{"line":78,"column":3},"end":{"line":78,"column":23}},"50":{"start":{"line":79,"column":3},"end":{"line":79,"column":25}},"51":{"start":{"line":85,"column":3},"end":{"line":85,"column":34}},"52":{"start":{"line":85,"column":18},"end":{"line":85,"column":34}},"53":{"start":{"line":89,"column":1},"end":{"line":95,"column":4}},"54":{"start":{"line":97,"column":1},"end":{"line":97,"column":14}},"55":{"start":{"line":101,"column":40},"end":{"line":101,"column":47}},"56":{"start":{"line":102,"column":1},"end":{"line":102,"column":37}},"57":{"start":{"line":103,"column":24},"end":{"line":103,"column":26}},"58":{"start":{"line":105,"column":1},"end":{"line":107,"column":4}},"59":{"start":{"line":106,"column":2},"end":{"line":106,"column":147}},"60":{"start":{"line":106,"column":83},"end":{"line":106,"column":147}},"61":{"start":{"line":109,"column":1},"end":{"line":109,"column":11}},"62":{"start":{"line":114,"column":2},"end":{"line":114,"column":17}},"63":{"start":{"line":115,"column":2},"end":{"line":115,"column":78}},"64":{"start":{"line":117,"column":2},"end":{"line":122,"column":5}},"65":{"start":{"line":126,"column":0},"end":{"line":126,"column":25}},"66":{"start":{"line":126,"column":25},"end":{"line":126,"column":87}}},"fnMap":{"0":{"name":"add_css","decl":{"start":{"line":7,"column":9},"end":{"line":7,"column":16}},"loc":{"start":{"line":7,"column":25},"end":{"line":9,"column":1}},"line":7},"1":{"name":"create_fragment","decl":{"start":{"line":11,"column":9},"end":{"line":11,"column":24}},"loc":{"start":{"line":11,"column":30},"end":{"line":98,"column":1}},"line":11},"2":{"name":"create","decl":{"start":{"line":28,"column":14},"end":{"line":28,"column":20}},"loc":{"start":{"line":28,"column":23},"end":{"line":61,"column":3}},"line":28},"3":{"name":"claim","decl":{"start":{"line":62,"column":14},"end":{"line":62,"column":19}},"loc":{"start":{"line":62,"column":27},"end":{"line":64,"column":3}},"line":62},"4":{"name":"mount","decl":{"start":{"line":65,"column":14},"end":{"line":65,"column":19}},"loc":{"start":{"line":65,"column":36},"end":{"line":80,"column":3}},"line":65},"5":{"name":"destroy","decl":{"start":{"line":84,"column":14},"end":{"line":84,"column":21}},"loc":{"start":{"line":84,"column":33},"end":{"line":86,"column":3}},"line":84},"6":{"name":"instance","decl":{"start":{"line":100,"column":9},"end":{"line":100,"column":17}},"loc":{"start":{"line":100,"column":35},"end":{"line":110,"column":1}},"line":100},"7":{"name":"(anonymous_7)","decl":{"start":{"line":105,"column":30},"end":{"line":105,"column":31}},"loc":{"start":{"line":105,"column":37},"end":{"line":107,"column":2}},"line":105},"8":{"name":"(anonymous_8)","decl":{"start":{"line":113,"column":1},"end":{"line":113,"column":2}},"loc":{"start":{"line":113,"column":22},"end":{"line":123,"column":2}},"line":113}},"branchMap":{"0":{"loc":{"start":{"line":85,"column":3},"end":{"line":85,"column":34}},"type":"if","locations":[{"start":{"line":85,"column":3},"end":{"line":85,"column":34}},{"start":{},"end":{}}],"line":85},"1":{"loc":{"start":{"line":101,"column":16},"end":{"line":101,"column":26}},"type":"default-arg","locations":[{"start":{"line":101,"column":24},"end":{"line":101,"column":26}}],"line":101},"2":{"loc":{"start":{"line":106,"column":2},"end":{"line":106,"column":147}},"type":"if","locations":[{"start":{"line":106,"column":2},"end":{"line":106,"column":147}},{"start":{},"end":{}}],"line":106},"3":{"loc":{"start":{"line":106,"column":6},"end":{"line":106,"column":81}},"type":"binary-expr","locations":[{"start":{"line":106,"column":6},"end":{"line":106,"column":35}},{"start":{"line":106,"column":39},"end":{"line":106,"column":63}},{"start":{"line":106,"column":67},"end":{"line":106,"column":81}}],"line":106}},"s":{"0":1,"1":1,"2":11,"3":11,"4":11,"5":11,"6":11,"7":11,"8":11,"9":11,"10":11,"11":11,"12":11,"13":11,"14":11,"15":11,"16":11,"17":11,"18":11,"19":11,"20":11,"21":11,"22":11,"23":11,"24":11,"25":11,"26":11,"27":11,"28":11,"29":11,"30":11,"31":11,"32":11,"33":11,"34":11,"35":11,"36":0,"37":11,"38":11,"39":11,"40":11,"41":11,"42":11,"43":11,"44":11,"45":11,"46":11,"47":11,"48":11,"49":11,"50":11,"51":11,"52":0,"53":11,"54":11,"55":11,"56":11,"57":11,"58":11,"59":0,"60":0,"61":11,"62":11,"63":11,"64":11,"65":1,"66":1},"f":{"0":11,"1":11,"2":11,"3":0,"4":11,"5":11,"6":11,"7":0,"8":11},"b":{"0":[0,11],"1":[11],"2":[0,0],"3":[0,0,0]},"inputSourceMap":{"0":"{","1":"\"","2":"v","3":"e","4":"r","5":"s","6":"i","7":"o","8":"n","9":"\"","10":":","11":"3","12":",","13":"\"","14":"m","15":"a","16":"p","17":"p","18":"i","19":"n","20":"g","21":"s","22":"\"","23":":","24":"\"","25":";","26":";","27":";","28":";","29":";","30":";","31":";","32":";","33":";","34":";","35":";","36":";","37":";","38":";","39":";","40":";","41":";","42":";","43":";","44":";","45":";","46":";","47":";","48":";","49":";","50":";","51":";","52":";","53":";","54":";","55":";","56":";","57":";","58":";","59":";","60":";","61":";","62":";","63":";","64":";","65":";","66":";","67":";","68":";","69":";","70":";","71":";","72":";","73":";","74":";","75":";","76":";","77":";","78":";","79":";","80":";","81":";","82":";","83":";","84":";","85":";","86":";","87":";","88":";","89":";","90":"G","91":"A","92":"A","93":"A","94":",","95":"U","96":"A","97":"W","98":"K","99":";","100":"G","101":"A","102":"V","103":"H","104":",","105":"U","106":"A","107":"I","108":"K","109":";","110":"G","111":"A","112":"H","113":"H","114":",","115":"U","116":"A","117":"A","118":"o","119":"B","120":";","121":";","122":"G","123":"A","124":"C","125":"p","126":"B","127":",","128":"U","129":"A","130":"A","131":"k","132":"B","133":";","134":";","135":"G","136":"A","137":"C","138":"l","139":"B","140":",","141":"U","142":"A","143":"A","144":"k","145":"B","146":";","147":";","148":"G","149":"A","150":"E","151":"p","152":"B","153":",","154":"U","155":"A","156":"G","157":"K","158":";","159":"G","160":"A","161":"F","162":"H","163":",","164":"U","165":"A","166":"A","167":"i","168":"C","169":";","170":";","171":"G","172":"A","173":"C","174":"j","175":"C","176":",","177":"U","178":"A","179":"A","180":"g","181":"B","182":";","183":";","184":"G","185":"A","186":"E","187":"l","188":"B","189":",","190":"U","191":"A","192":"A","193":"o","194":"B","195":";","196":";","197":";","198":";","199":";","200":";","201":";","202":";","203":";","204":";","205":";","206":";","207":";","208":";","209":";","210":";","211":";","212":";","213":";","214":";","215":";","216":";","217":";","218":";","219":";","220":";","221":";","222":";","223":";","224":";","225":";","226":";","227":";","228":";","229":";","230":";","231":";","232":";","233":";","234":";","235":";","236":";","237":";","238":";","239":";","240":";","241":";","242":"\"","243":",","244":"\"","245":"n","246":"a","247":"m","248":"e","249":"s","250":"\"","251":":","252":"[","253":"]","254":",","255":"\"","256":"s","257":"o","258":"u","259":"r","260":"c","261":"e","262":"s","263":"\"","264":":","265":"[","266":"\"","267":"T","268":"o","269":"p","270":"B","271":"a","272":"r","273":".","274":"s","275":"v","276":"e","277":"l","278":"t","279":"e","280":"\"","281":"]","282":"}"},"_coverageSchema":"1a1c01bbd47fc00a2c39e90264f33305004495a9","hash":"357d6acd0294b5d3f7a387008d071cfaf79df425"}
,"/Users/chetheaker/Documents/Coding/projects/v1/src/stores/commandList.ts": {"path":"/Users/chetheaker/Documents/Coding/projects/v1/src/stores/commandList.ts","statementMap":{"0":{"start":{"line":1,"column":0},"end":{"line":1,"column":40}},"1":{"start":{"line":3,"column":0},"end":{"line":3,"column":51}},"2":{"start":{"line":5,"column":16},"end":{"line":5,"column":32}},"3":{"start":{"line":7,"column":13},"end":{"line":7,"column":56}}},"fnMap":{},"branchMap":{},"s":{"0":1,"1":1,"2":1,"3":1},"f":{},"b":{}}
,"/Users/chetheaker/Documents/Coding/projects/v1/src/utils/terminal.ts": {"path":"/Users/chetheaker/Documents/Coding/projects/v1/src/utils/terminal.ts","statementMap":{"0":{"start":{"line":1,"column":13},"end":{"line":6,"column":2}},"1":{"start":{"line":9,"column":12},"end":{"line":9,"column":16}},"2":{"start":{"line":10,"column":12},"end":{"line":10,"column":17}},"3":{"start":{"line":16,"column":4},"end":{"line":16,"column":27}},"4":{"start":{"line":17,"column":4},"end":{"line":17,"column":23}},"5":{"start":{"line":18,"column":4},"end":{"line":18,"column":29}},"6":{"start":{"line":22,"column":21},"end":{"line":34,"column":2}},"7":{"start":{"line":36,"column":29},"end":{"line":65,"column":1}},"8":{"start":{"line":38,"column":2},"end":{"line":54,"column":null}},"9":{"start":{"line":40,"column":6},"end":{"line":40,"column":45}},"10":{"start":{"line":41,"column":6},"end":{"line":41,"column":12}},"11":{"start":{"line":43,"column":6},"end":{"line":43,"column":50}},"12":{"start":{"line":44,"column":6},"end":{"line":44,"column":12}},"13":{"start":{"line":46,"column":6},"end":{"line":46,"column":47}},"14":{"start":{"line":47,"column":6},"end":{"line":47,"column":12}},"15":{"start":{"line":49,"column":6},"end":{"line":49,"column":26}},"16":{"start":{"line":51,"column":6},"end":{"line":51,"column":28}},"17":{"start":{"line":53,"column":6},"end":{"line":53,"column":66}},"18":{"start":{"line":56,"column":2},"end":{"line":64,"column":null}},"19":{"start":{"line":57,"column":4},"end":{"line":57,"column":32}},"20":{"start":{"line":58,"column":4},"end":{"line":63,"column":6}},"21":{"start":{"line":36,"column":13},"end":{"line":36,"column":29}}},"fnMap":{"0":{"name":"(anonymous_0)","decl":{"start":{"line":15,"column":2},"end":{"line":15,"column":14}},"loc":{"start":{"line":15,"column":63},"end":{"line":19,"column":3}}},"1":{"name":"(anonymous_1)","decl":{"start":{"line":36,"column":29},"end":{"line":36,"column":30}},"loc":{"start":{"line":36,"column":49},"end":{"line":65,"column":1}}}},"branchMap":{"0":{"loc":{"start":{"line":38,"column":2},"end":{"line":54,"column":null}},"type":"switch","locations":[{"start":{"line":39,"column":4},"end":{"line":41,"column":12}},{"start":{"line":42,"column":4},"end":{"line":44,"column":12}},{"start":{"line":45,"column":4},"end":{"line":47,"column":12}},{"start":{"line":48,"column":4},"end":{"line":49,"column":26}},{"start":{"line":50,"column":4},"end":{"line":51,"column":28}},{"start":{"line":52,"column":4},"end":{"line":53,"column":66}}]},"1":{"loc":{"start":{"line":56,"column":2},"end":{"line":64,"column":null}},"type":"if","locations":[{"start":{"line":56,"column":2},"end":{"line":64,"column":null}}]}},"s":{"0":1,"1":7,"2":7,"3":7,"4":7,"5":7,"6":1,"7":1,"8":9,"9":0,"10":0,"11":0,"12":0,"13":0,"14":0,"15":3,"16":1,"17":5,"18":0,"19":0,"20":0,"21":1},"f":{"0":7,"1":9},"b":{"0":[0,0,0,3,1,5],"1":[0]}}
}
