TN:
SF:src/App.svelte
FN:9,create_fragment
FN:21,create
FN:31,claim
FN:34,mount
FN:43,intro
FN:49,outro
FN:54,destroy
FN:74,instance
FN:79,(anonymous_8)
FN:83,(anonymous_9)
FN:88,(anonymous_10)
FNF:11
FNH:0
FNDA:0,create_fragment
FNDA:0,create
FNDA:0,claim
FNDA:0,mount
FNDA:0,intro
FNDA:0,outro
FNDA:0,destroy
FNDA:0,instance
FNDA:0,(anonymous_8)
FNDA:0,(anonymous_9)
FNDA:0,(anonymous_10)
DA:4,1
DA:5,1
DA:6,1
DA:7,1
DA:17,0
DA:18,0
DA:20,0
DA:22,0
DA:23,0
DA:24,0
DA:25,0
DA:26,0
DA:27,0
DA:28,0
DA:29,0
DA:32,0
DA:35,0
DA:36,0
DA:37,0
DA:38,0
DA:39,0
DA:40,0
DA:44,0
DA:45,0
DA:46,0
DA:47,0
DA:50,0
DA:51,0
DA:52,0
DA:55,0
DA:56,0
DA:57,0
DA:58,0
DA:59,0
DA:63,0
DA:71,0
DA:75,0
DA:76,0
DA:77,0
DA:79,0
DA:80,0
DA:83,0
DA:84,0
DA:89,0
DA:90,0
DA:92,0
DA:101,1
LF:47
LH:5
BRDA:27,0,0,0
BRDA:27,0,1,0
BRDA:44,1,0,0
BRDA:44,1,1,0
BRDA:56,2,0,0
BRDA:56,2,1,0
BRDA:58,3,0,0
BRDA:58,3,1,0
BRDA:75,4,0,0
BRDA:80,5,0,0
BRDA:80,5,1,0
BRDA:80,6,0,0
BRDA:80,6,1,0
BRDA:80,6,2,0
BRF:14
BRH:0
end_of_record
TN:
SF:src/components/Nav.svelte
FN:7,add_css
FN:11,create_fragment
FN:20,create
FN:38,claim
FN:41,mount
FN:52,destroy
FN:68,instance
FN:73,(anonymous_7)
FN:81,(anonymous_8)
FNF:9
FNH:0
FNDA:0,add_css
FNDA:0,create_fragment
FNDA:0,create
FNDA:0,claim
FNDA:0,mount
FNDA:0,destroy
FNDA:0,instance
FNDA:0,(anonymous_7)
FNDA:0,(anonymous_8)
DA:4,1
DA:5,1
DA:8,0
DA:19,0
DA:21,0
DA:22,0
DA:23,0
DA:24,0
DA:25,0
DA:26,0
DA:27,0
DA:28,0
DA:29,0
DA:30,0
DA:31,0
DA:32,0
DA:33,0
DA:34,0
DA:35,0
DA:36,0
DA:39,0
DA:42,0
DA:43,0
DA:44,0
DA:45,0
DA:46,0
DA:47,0
DA:53,0
DA:57,0
DA:65,0
DA:69,0
DA:70,0
DA:71,0
DA:73,0
DA:74,0
DA:77,0
DA:82,0
DA:83,0
DA:85,0
DA:94,1
LF:40
LH:3
BRDA:53,0,0,0
BRDA:53,0,1,0
BRDA:69,1,0,0
BRDA:74,2,0,0
BRDA:74,2,1,0
BRDA:74,3,0,0
BRDA:74,3,1,0
BRDA:74,3,2,0
BRF:8
BRH:0
end_of_record
TN:
SF:src/components/Animations/Typing.svelte
FN:8,add_css
FN:13,create_if_block
FN:21,select_block_type
FN:32,create
FN:36,mount
FN:44,update
FN:56,(anonymous_6)
FN:80,intro
FN:85,outro
FN:89,destroy
FN:110,create_if_block_2
FN:118,create
FN:127,mount
FN:136,update
FN:156,intro
FN:161,(anonymous_15)
FN:169,outro
FN:173,destroy
FN:191,create_if_block_1
FN:200,create
FN:206,mount
FN:215,update
FN:235,intro
FN:240,(anonymous_23)
FN:248,outro
FN:252,destroy
FN:269,create_fragment
FN:275,create
FN:279,claim
FN:282,mount
FN:287,update
FN:304,(anonymous_31)
FN:311,intro
FN:316,outro
FN:320,destroy
FN:337,instance
FN:345,(anonymous_36)
FN:347,typewriter
FN:354,(anonymous_38)
FN:361,(anonymous_39)
FN:373,(anonymous_40)
FN:377,(anonymous_41)
FN:385,(anonymous_42)
FN:394,(anonymous_43)
FN:410,(anonymous_44)
FN:436,(anonymous_45)
FN:440,(anonymous_46)
FN:445,(anonymous_47)
FN:449,(anonymous_48)
FN:454,(anonymous_49)
FN:458,(anonymous_50)
FN:463,(anonymous_51)
FN:467,(anonymous_52)
FNF:53
FNH:13
FNDA:38,add_css
FNDA:0,create_if_block
FNDA:0,select_block_type
FNDA:0,create
FNDA:0,mount
FNDA:0,update
FNDA:0,(anonymous_6)
FNDA:0,intro
FNDA:0,outro
FNDA:0,destroy
FNDA:0,create_if_block_2
FNDA:0,create
FNDA:0,mount
FNDA:0,update
FNDA:0,intro
FNDA:0,(anonymous_15)
FNDA:0,outro
FNDA:0,destroy
FNDA:0,create_if_block_1
FNDA:0,create
FNDA:0,mount
FNDA:0,update
FNDA:0,intro
FNDA:0,(anonymous_23)
FNDA:0,outro
FNDA:0,destroy
FNDA:38,create_fragment
FNDA:38,create
FNDA:0,claim
FNDA:38,mount
FNDA:7,update
FNDA:0,(anonymous_31)
FNDA:22,intro
FNDA:16,outro
FNDA:38,destroy
FNDA:38,instance
FNDA:0,(anonymous_36)
FNDA:0,typewriter
FNDA:0,(anonymous_38)
FNDA:38,(anonymous_39)
FNDA:190,(anonymous_40)
FNDA:7,(anonymous_41)
FNDA:0,(anonymous_42)
FNDA:0,(anonymous_43)
FNDA:38,(anonymous_44)
FNDA:0,(anonymous_45)
FNDA:0,(anonymous_46)
FNDA:0,(anonymous_47)
FNDA:0,(anonymous_48)
FNDA:0,(anonymous_49)
FNDA:0,(anonymous_50)
FNDA:0,(anonymous_51)
FNDA:0,(anonymous_52)
DA:4,1
DA:5,1
DA:6,1
DA:9,38
DA:18,0
DA:19,0
DA:22,0
DA:23,0
DA:24,0
DA:27,0
DA:28,0
DA:31,0
DA:33,0
DA:34,0
DA:37,0
DA:38,0
DA:41,0
DA:42,0
DA:45,0
DA:46,0
DA:48,0
DA:49,0
DA:50,0
DA:53,0
DA:54,0
DA:56,0
DA:57,0
DA:60,0
DA:63,0
DA:64,0
DA:66,0
DA:67,0
DA:68,0
DA:70,0
DA:73,0
DA:74,0
DA:76,0
DA:81,0
DA:82,0
DA:83,0
DA:86,0
DA:87,0
DA:90,0
DA:91,0
DA:94,0
DA:98,0
DA:106,0
DA:114,0
DA:115,0
DA:117,0
DA:119,0
DA:120,0
DA:121,0
DA:122,0
DA:123,0
DA:124,0
DA:125,0
DA:128,0
DA:130,0
DA:131,0
DA:134,0
DA:137,0
DA:138,0
DA:139,0
DA:152,0
DA:153,0
DA:157,0
DA:158,0
DA:160,0
DA:161,0
DA:162,0
DA:163,0
DA:167,0
DA:170,0
DA:171,0
DA:174,0
DA:175,0
DA:179,0
DA:187,0
DA:196,0
DA:197,0
DA:199,0
DA:201,0
DA:202,0
DA:203,0
DA:204,0
DA:207,0
DA:209,0
DA:210,0
DA:213,0
DA:216,0
DA:217,0
DA:218,0
DA:231,0
DA:232,0
DA:236,0
DA:237,0
DA:239,0
DA:240,0
DA:241,0
DA:242,0
DA:246,0
DA:249,0
DA:250,0
DA:253,0
DA:254,0
DA:258,0
DA:266,0
DA:272,38
DA:274,38
DA:276,38
DA:277,38
DA:280,0
DA:283,38
DA:284,38
DA:285,38
DA:288,7
DA:289,0
DA:290,0
DA:292,0
DA:293,0
DA:296,0
DA:297,0
DA:298,0
DA:299,0
DA:301,7
DA:302,0
DA:304,0
DA:305,0
DA:308,0
DA:312,22
DA:313,22
DA:314,22
DA:317,16
DA:318,16
DA:321,38
DA:322,38
DA:326,38
DA:334,38
DA:338,38
DA:339,38
DA:340,38
DA:341,38
DA:342,38
DA:343,38
DA:344,38
DA:345,38
DA:348,0
DA:349,0
DA:350,0
DA:352,0
DA:355,0
DA:356,0
DA:361,38
DA:362,38
DA:363,0
DA:366,38
DA:367,0
DA:371,38
DA:373,38
DA:374,190
DA:377,38
DA:378,7
DA:379,7
DA:380,7
DA:381,7
DA:382,7
DA:385,38
DA:394,38
DA:395,0
DA:396,0
DA:397,0
DA:398,0
DA:399,0
DA:402,38
DA:403,0
DA:406,38
DA:411,38
DA:413,38
DA:428,38
DA:437,0
DA:441,0
DA:442,0
DA:446,0
DA:450,0
DA:451,0
DA:455,0
DA:459,0
DA:460,0
DA:464,0
DA:468,0
DA:469,0
DA:473,1
LF:193
LH:50
BRDA:22,0,0,0
BRDA:22,0,1,0
BRDA:23,1,0,0
BRDA:23,1,1,0
BRDA:27,2,0,0
BRDA:27,2,1,0
BRDA:33,3,0,0
BRDA:33,3,1,0
BRDA:37,4,0,0
BRDA:37,4,1,0
BRDA:48,5,0,0
BRDA:48,5,1,0
BRDA:49,6,0,0
BRDA:49,6,1,0
BRDA:53,7,0,0
BRDA:53,7,1,0
BRDA:63,8,0,0
BRDA:63,8,1,0
BRDA:66,9,0,0
BRDA:66,9,1,0
BRDA:81,10,0,0
BRDA:81,10,1,0
BRDA:90,11,0,0
BRDA:90,11,1,0
BRDA:94,12,0,0
BRDA:94,12,1,0
BRDA:120,13,0,0
BRDA:120,13,1,0
BRDA:130,14,0,0
BRDA:130,14,1,0
BRDA:137,15,0,0
BRDA:137,15,1,0
BRDA:138,16,0,0
BRDA:138,16,1,0
BRDA:138,17,0,0
BRDA:138,17,1,0
BRDA:138,17,2,0
BRDA:144,18,0,0
BRDA:144,18,1,0
BRDA:152,19,0,0
BRDA:152,19,1,0
BRDA:152,20,0,0
BRDA:152,20,1,0
BRDA:157,21,0,0
BRDA:157,21,1,0
BRDA:160,22,0,0
BRDA:160,22,1,0
BRDA:174,23,0,0
BRDA:174,23,1,0
BRDA:175,24,0,0
BRDA:175,24,1,0
BRDA:202,25,0,0
BRDA:202,25,1,0
BRDA:203,26,0,0
BRDA:203,26,1,0
BRDA:209,27,0,0
BRDA:209,27,1,0
BRDA:216,28,0,0
BRDA:216,28,1,0
BRDA:217,29,0,0
BRDA:217,29,1,0
BRDA:217,30,0,0
BRDA:217,30,1,0
BRDA:217,30,2,0
BRDA:223,31,0,0
BRDA:223,31,1,0
BRDA:231,32,0,0
BRDA:231,32,1,0
BRDA:231,33,0,0
BRDA:231,33,1,0
BRDA:231,33,2,0
BRDA:231,34,0,0
BRDA:231,34,1,0
BRDA:236,35,0,0
BRDA:236,35,1,0
BRDA:239,36,0,0
BRDA:239,36,1,0
BRDA:253,37,0,0
BRDA:253,37,1,0
BRDA:254,38,0,0
BRDA:254,38,1,0
BRDA:272,39,0,38
BRDA:272,39,1,0
BRDA:276,40,0,0
BRDA:276,40,1,38
BRDA:283,41,0,0
BRDA:283,41,1,38
BRDA:288,42,0,0
BRDA:288,42,1,7
BRDA:289,43,0,0
BRDA:289,43,1,0
BRDA:292,44,0,0
BRDA:292,44,1,0
BRDA:301,45,0,0
BRDA:301,45,1,7
BRDA:312,46,0,0
BRDA:312,46,1,22
BRDA:321,47,0,0
BRDA:321,47,1,38
BRDA:322,48,0,0
BRDA:322,48,1,38
BRDA:338,49,0,0
BRDA:342,50,0,10
BRDA:343,51,0,38
BRDA:347,52,0,0
BRDA:362,53,0,0
BRDA:362,53,1,38
BRDA:362,54,0,38
BRDA:362,54,1,0
BRDA:362,55,0,0
BRDA:362,55,1,0
BRDA:366,56,0,0
BRDA:366,56,1,38
BRDA:366,57,0,38
BRDA:366,57,1,10
BRDA:366,58,0,10
BRDA:366,58,1,0
BRDA:374,59,0,0
BRDA:374,59,1,190
BRDA:374,60,0,190
BRDA:374,60,1,76
BRDA:374,60,2,0
BRDA:378,61,0,0
BRDA:378,61,1,7
BRDA:379,62,0,7
BRDA:379,62,1,0
BRDA:380,63,0,0
BRDA:380,63,1,7
BRDA:381,64,0,7
BRDA:381,64,1,0
BRDA:382,65,0,7
BRDA:382,65,1,0
BRDA:395,66,0,0
BRDA:395,66,1,0
BRDA:396,67,0,0
BRDA:396,67,1,0
BRDA:397,68,0,0
BRDA:397,68,1,0
BRDA:398,69,0,0
BRDA:398,69,1,0
BRDA:399,70,0,0
BRDA:399,70,1,0
BRDA:402,71,0,0
BRDA:402,71,1,38
BRDA:402,72,0,38
BRDA:402,72,1,38
BRF:146
BRH:27
end_of_record
TN:
SF:src/components/Terminal/Terminal.svelte
FN:11,add_css
FN:15,create_fragment
FN:29,create
FN:42,claim
FN:45,mount
FN:56,intro
FN:63,outro
FN:69,destroy
FN:88,instance
FN:93,(anonymous_9)
FN:97,(anonymous_10)
FN:108,(anonymous_11)
FNF:12
FNH:7
FNDA:11,add_css
FNDA:11,create_fragment
FNDA:11,create
FNDA:0,claim
FNDA:11,mount
FNDA:0,intro
FNDA:0,outro
FNDA:11,destroy
FNDA:11,instance
FNDA:0,(anonymous_9)
FNDA:0,(anonymous_10)
FNDA:11,(anonymous_11)
DA:4,1
DA:5,1
DA:6,1
DA:7,1
DA:8,1
DA:9,1
DA:12,11
DA:24,11
DA:25,11
DA:26,11
DA:28,11
DA:30,11
DA:31,11
DA:32,11
DA:33,11
DA:34,11
DA:35,11
DA:36,11
DA:37,11
DA:38,11
DA:39,11
DA:40,11
DA:43,0
DA:46,11
DA:47,11
DA:48,11
DA:49,11
DA:50,11
DA:51,11
DA:52,11
DA:53,11
DA:57,0
DA:58,0
DA:59,0
DA:60,0
DA:61,0
DA:64,0
DA:65,0
DA:66,0
DA:67,0
DA:70,11
DA:71,11
DA:72,11
DA:73,11
DA:77,11
DA:85,11
DA:89,11
DA:90,11
DA:91,11
DA:93,11
DA:94,0
DA:97,11
DA:104,11
DA:109,11
DA:110,11
DA:112,11
DA:121,1
LF:57
LH:46
BRDA:57,0,0,0
BRDA:57,0,1,0
BRDA:70,1,0,11
BRDA:70,1,1,0
BRDA:89,2,0,11
BRDA:94,3,0,0
BRDA:94,3,1,0
BRDA:94,4,0,0
BRDA:94,4,1,0
BRDA:94,4,2,0
BRF:10
BRH:2
end_of_record
TN:
SF:src/components/Terminal/TerminalContainer.svelte
FN:9,add_css
FN:13,get_each_context
FN:20,create_if_block_3
FN:26,create
FN:35,mount
FN:40,destroy
FN:57,create_if_block_2
FN:61,create
FN:66,mount
FN:69,destroy
FN:86,create_else_block
FN:92,create
FN:97,mount
FN:101,update
FN:106,destroy
FN:123,create_if_block_1
FN:139,create
FN:142,mount
FN:146,update
FN:157,intro
FN:162,outro
FN:166,destroy
FN:183,create_default_slot_1
FN:188,create
FN:191,mount
FN:194,update
FN:197,destroy
FN:214,create_if_block
FN:231,create
FN:234,mount
FN:238,update
FN:249,intro
FN:254,outro
FN:258,destroy
FN:275,create_default_slot
FN:280,create
FN:283,mount
FN:286,update
FN:289,destroy
FN:306,create_each_block
FN:315,select_block_type
FN:325,select_block_type_1
FN:335,create
FN:346,mount
FN:356,update
FN:375,(anonymous_45)
FN:409,(anonymous_46)
FN:416,intro
FN:422,outro
FN:427,destroy
FN:450,create_fragment
FN:461,(anonymous_51)
FN:461,(anonymous_52)
FN:466,create
FN:476,claim
FN:479,mount
FN:488,update
FN:517,intro
FN:526,outro
FN:535,destroy
FN:552,instance
FN:555,(anonymous_61)
FN:560,(anonymous_62)
FN:564,(anonymous_63)
FN:569,(anonymous_64)
FNF:65
FNH:41
FNDA:11,add_css
FNDA:138,get_each_context
FNDA:28,create_if_block_3
FNDA:28,create
FNDA:28,mount
FNDA:28,destroy
FNDA:34,create_if_block_2
FNDA:34,create
FNDA:34,mount
FNDA:34,destroy
FNDA:62,create_else_block
FNDA:62,create
FNDA:62,mount
FNDA:31,update
FNDA:62,destroy
FNDA:38,create_if_block_1
FNDA:38,create
FNDA:38,mount
FNDA:7,update
FNDA:22,intro
FNDA:16,outro
FNDA:38,destroy
FNDA:0,create_default_slot_1
FNDA:0,create
FNDA:0,mount
FNDA:0,update
FNDA:0,destroy
FNDA:0,create_if_block
FNDA:0,create
FNDA:0,mount
FNDA:0,update
FNDA:0,intro
FNDA:0,outro
FNDA:0,destroy
FNDA:0,create_default_slot
FNDA:0,create
FNDA:0,mount
FNDA:0,update
FNDA:0,destroy
FNDA:100,create_each_block
FNDA:138,select_block_type
FNDA:138,select_block_type_1
FNDA:100,create
FNDA:100,mount
FNDA:38,update
FNDA:0,(anonymous_45)
FNDA:0,(anonymous_46)
FNDA:74,intro
FNDA:29,outro
FNDA:100,destroy
FNDA:11,create_fragment
FNDA:29,(anonymous_51)
FNDA:29,(anonymous_52)
FNDA:11,create
FNDA:0,claim
FNDA:11,mount
FNDA:11,update
FNDA:0,intro
FNDA:0,outro
FNDA:11,destroy
FNDA:11,instance
FNDA:22,(anonymous_61)
FNDA:0,(anonymous_62)
FNDA:0,(anonymous_63)
FNDA:11,(anonymous_64)
DA:4,1
DA:5,1
DA:6,1
DA:7,1
DA:10,11
DA:14,138
DA:15,138
DA:16,138
DA:25,28
DA:27,28
DA:28,28
DA:29,28
DA:30,28
DA:31,28
DA:32,28
DA:33,28
DA:36,28
DA:37,28
DA:38,28
DA:41,28
DA:45,28
DA:53,28
DA:60,34
DA:62,34
DA:63,34
DA:64,34
DA:67,34
DA:70,34
DA:74,34
DA:82,34
DA:88,62
DA:91,62
DA:93,62
DA:94,62
DA:95,62
DA:98,62
DA:99,62
DA:102,31
DA:107,62
DA:111,62
DA:119,62
DA:127,38
DA:138,38
DA:140,38
DA:143,38
DA:144,38
DA:147,7
DA:148,7
DA:149,7
DA:151,7
DA:152,7
DA:155,7
DA:158,22
DA:159,22
DA:160,22
DA:163,16
DA:164,16
DA:167,38
DA:171,38
DA:179,38
DA:184,0
DA:187,0
DA:189,0
DA:192,0
DA:195,0
DA:198,0
DA:202,0
DA:210,0
DA:218,0
DA:230,0
DA:232,0
DA:235,0
DA:236,0
DA:239,0
DA:240,0
DA:241,0
DA:243,0
DA:244,0
DA:247,0
DA:250,0
DA:251,0
DA:252,0
DA:255,0
DA:256,0
DA:259,0
DA:263,0
DA:271,0
DA:276,0
DA:279,0
DA:281,0
DA:284,0
DA:287,0
DA:290,0
DA:294,0
DA:302,0
DA:316,138
DA:317,88
DA:320,100
DA:321,100
DA:322,100
DA:323,100
DA:326,138
DA:327,93
DA:330,100
DA:331,100
DA:332,100
DA:334,100
DA:336,100
DA:337,100
DA:338,100
DA:339,100
DA:340,100
DA:341,100
DA:342,100
DA:343,100
DA:344,100
DA:347,100
DA:348,100
DA:349,100
DA:350,100
DA:351,100
DA:352,100
DA:353,100
DA:354,100
DA:357,38
DA:358,0
DA:359,0
DA:361,0
DA:362,0
DA:363,0
DA:367,38
DA:368,38
DA:370,38
DA:371,38
DA:373,0
DA:375,0
DA:376,0
DA:379,0
DA:380,0
DA:382,0
DA:383,0
DA:384,0
DA:386,0
DA:389,0
DA:390,0
DA:393,38
DA:394,0
DA:395,0
DA:397,0
DA:398,0
DA:401,0
DA:402,0
DA:403,0
DA:404,0
DA:406,38
DA:407,0
DA:409,0
DA:410,0
DA:413,0
DA:417,74
DA:418,36
DA:419,36
DA:420,36
DA:423,29
DA:424,29
DA:425,29
DA:428,100
DA:430,100
DA:431,62
DA:434,100
DA:435,100
DA:439,100
DA:447,100
DA:453,11
DA:454,11
DA:455,11
DA:457,11
DA:458,64
DA:461,29
DA:462,29
DA:465,11
DA:467,11
DA:469,11
DA:470,64
DA:473,11
DA:474,11
DA:477,0
DA:480,11
DA:482,11
DA:483,64
DA:486,11
DA:489,11
DA:490,11
DA:491,11
DA:494,11
DA:495,74
DA:497,74
DA:498,38
DA:499,38
DA:501,36
DA:502,36
DA:503,36
DA:504,36
DA:508,11
DA:510,11
DA:511,29
DA:514,11
DA:518,0
DA:520,0
DA:521,0
DA:524,0
DA:527,0
DA:529,0
DA:530,0
DA:533,0
DA:536,11
DA:537,11
DA:541,11
DA:549,11
DA:554,11
DA:555,22
DA:556,11
DA:557,11
DA:558,11
DA:560,11
DA:561,0
DA:564,11
DA:565,11
DA:570,11
DA:571,11
DA:573,11
DA:582,1
LF:232
LH:159
BRDA:41,0,0,0
BRDA:41,0,1,28
BRDA:70,1,0,0
BRDA:70,1,1,34
BRDA:102,2,0,0
BRDA:102,2,1,31
BRDA:102,3,0,31
BRDA:102,3,1,31
BRDA:107,4,0,0
BRDA:107,4,1,62
BRDA:148,5,0,7
BRDA:148,5,1,0
BRDA:149,6,0,7
BRDA:149,6,1,0
BRDA:151,7,0,7
BRDA:151,7,1,0
BRDA:158,8,0,0
BRDA:158,8,1,22
BRDA:195,9,0,0
BRDA:195,9,1,0
BRDA:195,10,0,0
BRDA:195,10,1,0
BRDA:198,11,0,0
BRDA:198,11,1,0
BRDA:240,12,0,0
BRDA:240,12,1,0
BRDA:241,13,0,0
BRDA:241,13,1,0
BRDA:243,14,0,0
BRDA:243,14,1,0
BRDA:250,15,0,0
BRDA:250,15,1,0
BRDA:287,16,0,0
BRDA:287,16,1,0
BRDA:287,17,0,0
BRDA:287,17,1,0
BRDA:290,18,0,0
BRDA:290,18,1,0
BRDA:316,19,0,50
BRDA:316,19,1,88
BRDA:317,20,0,43
BRDA:317,20,1,45
BRDA:321,21,0,100
BRDA:321,21,1,62
BRDA:326,22,0,45
BRDA:326,22,1,93
BRDA:326,23,0,138
BRDA:326,23,1,88
BRDA:332,24,0,100
BRDA:332,24,1,0
BRDA:337,25,0,62
BRDA:337,25,1,38
BRDA:341,26,0,0
BRDA:341,26,1,100
BRDA:348,27,0,62
BRDA:348,27,1,38
BRDA:352,28,0,0
BRDA:352,28,1,100
BRDA:357,29,0,0
BRDA:357,29,1,38
BRDA:358,30,0,0
BRDA:358,30,1,0
BRDA:359,31,0,0
BRDA:359,31,1,0
BRDA:361,32,0,0
BRDA:361,32,1,0
BRDA:370,33,0,38
BRDA:370,33,1,0
BRDA:382,34,0,0
BRDA:382,34,1,0
BRDA:393,35,0,0
BRDA:393,35,1,38
BRDA:394,36,0,0
BRDA:394,36,1,0
BRDA:397,37,0,0
BRDA:397,37,1,0
BRDA:406,38,0,0
BRDA:406,38,1,38
BRDA:417,39,0,38
BRDA:417,39,1,36
BRDA:428,40,0,29
BRDA:428,40,1,71
BRDA:430,41,0,62
BRDA:430,41,1,38
BRDA:435,42,0,0
BRDA:435,42,1,100
BRDA:489,43,0,11
BRDA:489,43,1,0
BRDA:497,44,0,38
BRDA:497,44,1,36
BRDA:518,45,0,0
BRDA:518,45,1,0
BRDA:536,46,0,0
BRDA:536,46,1,11
BRDA:556,47,0,11
BRDA:561,48,0,0
BRDA:561,48,1,0
BRDA:561,49,0,0
BRDA:561,49,1,0
BRDA:561,49,2,0
BRF:100
BRH:43
end_of_record
TN:
SF:src/components/Terminal/TerminalInput.svelte
FN:10,add_css
FN:14,create_fragment
FN:23,create
FN:37,claim
FN:40,mount
FN:59,destroy
FN:78,instance
FN:82,(anonymous_7)
FN:84,(anonymous_8)
FN:94,(anonymous_9)
FN:96,(anonymous_10)
FN:105,(anonymous_11)
FN:109,input_1_binding
FN:110,(anonymous_13)
FN:116,(anonymous_14)
FN:118,(anonymous_15)
FN:126,(anonymous_16)
FN:138,(anonymous_17)
FNF:18
FNH:13
FNDA:11,add_css
FNDA:11,create_fragment
FNDA:11,create
FNDA:0,claim
FNDA:11,mount
FNDA:11,destroy
FNDA:11,instance
FNDA:11,(anonymous_7)
FNDA:12,(anonymous_8)
FNDA:3,(anonymous_9)
FNDA:6,(anonymous_10)
FNDA:0,(anonymous_11)
FNDA:22,input_1_binding
FNDA:21,(anonymous_13)
FNDA:0,(anonymous_14)
FNDA:0,(anonymous_15)
FNDA:0,(anonymous_16)
FNDA:11,(anonymous_17)
DA:4,1
DA:5,1
DA:6,1
DA:7,1
DA:8,1
DA:11,11
DA:22,11
DA:24,11
DA:25,11
DA:26,11
DA:27,11
DA:28,11
DA:29,11
DA:30,11
DA:31,11
DA:32,11
DA:33,11
DA:34,11
DA:35,11
DA:38,0
DA:41,11
DA:42,11
DA:43,11
DA:44,11
DA:45,11
DA:47,11
DA:48,11
DA:53,11
DA:60,11
DA:61,11
DA:62,11
DA:63,11
DA:67,11
DA:75,11
DA:79,11
DA:80,11
DA:82,11
DA:84,11
DA:85,12
DA:87,11
DA:88,2
DA:90,9
DA:91,9
DA:93,9
DA:94,3
DA:96,6
DA:100,11
DA:103,11
DA:105,11
DA:106,0
DA:110,22
DA:111,21
DA:112,21
DA:116,11
DA:118,11
DA:126,11
DA:127,0
DA:130,11
DA:131,0
DA:134,11
DA:139,11
DA:140,11
DA:142,11
DA:151,1
LF:64
LH:60
BRDA:47,0,0,11
BRDA:47,0,1,0
BRDA:60,1,0,0
BRDA:60,1,1,11
BRDA:79,2,0,11
BRDA:85,3,0,1
BRDA:85,3,1,11
BRDA:87,4,0,2
BRDA:87,4,1,9
BRDA:93,5,0,3
BRDA:93,5,1,6
BRDA:106,6,0,0
BRDA:106,6,1,0
BRDA:106,7,0,0
BRDA:106,7,1,0
BRDA:106,7,2,0
BRDA:110,8,0,11
BRDA:110,8,1,11
BRDA:127,9,0,0
BRDA:127,9,1,0
BRDA:130,10,0,0
BRDA:130,10,1,11
BRDA:130,11,0,11
BRDA:130,11,1,11
BRF:24
BRH:14
end_of_record
TN:
SF:src/components/Terminal/TopBar.svelte
FN:7,add_css
FN:11,create_fragment
FN:28,create
FN:62,claim
FN:65,mount
FN:84,destroy
FN:100,instance
FN:105,(anonymous_7)
FN:113,(anonymous_8)
FNF:9
FNH:7
FNDA:11,add_css
FNDA:11,create_fragment
FNDA:11,create
FNDA:0,claim
FNDA:11,mount
FNDA:11,destroy
FNDA:11,instance
FNDA:0,(anonymous_7)
FNDA:11,(anonymous_8)
DA:4,1
DA:5,1
DA:8,11
DA:27,11
DA:29,11
DA:30,11
DA:31,11
DA:32,11
DA:33,11
DA:34,11
DA:35,11
DA:36,11
DA:37,11
DA:38,11
DA:39,11
DA:40,11
DA:41,11
DA:42,11
DA:43,11
DA:44,11
DA:45,11
DA:46,11
DA:47,11
DA:48,11
DA:49,11
DA:50,11
DA:51,11
DA:52,11
DA:53,11
DA:54,11
DA:55,11
DA:56,11
DA:57,11
DA:58,11
DA:59,11
DA:60,11
DA:63,0
DA:66,11
DA:67,11
DA:68,11
DA:69,11
DA:70,11
DA:71,11
DA:72,11
DA:73,11
DA:74,11
DA:75,11
DA:76,11
DA:77,11
DA:78,11
DA:79,11
DA:85,11
DA:89,11
DA:97,11
DA:101,11
DA:102,11
DA:103,11
DA:105,11
DA:106,0
DA:109,11
DA:114,11
DA:115,11
DA:117,11
DA:126,1
LF:64
LH:62
BRDA:85,0,0,0
BRDA:85,0,1,11
BRDA:101,1,0,11
BRDA:106,2,0,0
BRDA:106,2,1,0
BRDA:106,3,0,0
BRDA:106,3,1,0
BRDA:106,3,2,0
BRF:8
BRH:2
end_of_record
TN:
SF:src/stores/commandList.ts
FNF:0
FNH:0
DA:1,1
DA:3,1
DA:5,1
DA:7,1
LF:4
LH:4
BRF:0
BRH:0
end_of_record
TN:
SF:src/utils/terminal.ts
FN:15,(anonymous_0)
FN:36,(anonymous_1)
FNF:2
FNH:2
FNDA:7,(anonymous_0)
FNDA:9,(anonymous_1)
DA:1,1
DA:9,7
DA:10,7
DA:16,7
DA:17,7
DA:18,7
DA:22,1
DA:36,1
DA:38,9
DA:40,0
DA:41,0
DA:43,0
DA:44,0
DA:46,0
DA:47,0
DA:49,3
DA:51,1
DA:53,5
DA:56,0
DA:57,0
DA:58,0
LF:21
LH:12
BRDA:38,0,0,0
BRDA:38,0,1,0
BRDA:38,0,2,0
BRDA:38,0,3,3
BRDA:38,0,4,1
BRDA:38,0,5,5
BRDA:56,1,0,0
BRF:7
BRH:3
end_of_record
