TN:
SF:src/App.svelte
FN:9,create_fragment
FN:21,create
FN:31,claim
FN:34,mount
FN:43,intro
FN:49,outro
FN:54,destroy
FN:74,instance
FN:79,(anonymous_8)
FN:83,(anonymous_9)
FN:88,(anonymous_10)
FNF:11
FNH:0
FNDA:0,create_fragment
FNDA:0,create
FNDA:0,claim
FNDA:0,mount
FNDA:0,intro
FNDA:0,outro
FNDA:0,destroy
FNDA:0,instance
FNDA:0,(anonymous_8)
FNDA:0,(anonymous_9)
FNDA:0,(anonymous_10)
DA:4,1
DA:5,1
DA:6,1
DA:7,1
DA:17,0
DA:18,0
DA:20,0
DA:22,0
DA:23,0
DA:24,0
DA:25,0
DA:26,0
DA:27,0
DA:28,0
DA:29,0
DA:32,0
DA:35,0
DA:36,0
DA:37,0
DA:38,0
DA:39,0
DA:40,0
DA:44,0
DA:45,0
DA:46,0
DA:47,0
DA:50,0
DA:51,0
DA:52,0
DA:55,0
DA:56,0
DA:57,0
DA:58,0
DA:59,0
DA:63,0
DA:71,0
DA:75,0
DA:76,0
DA:77,0
DA:79,0
DA:80,0
DA:83,0
DA:84,0
DA:89,0
DA:90,0
DA:92,0
DA:101,1
LF:47
LH:5
BRDA:27,0,0,0
BRDA:27,0,1,0
BRDA:44,1,0,0
BRDA:44,1,1,0
BRDA:56,2,0,0
BRDA:56,2,1,0
BRDA:58,3,0,0
BRDA:58,3,1,0
BRDA:75,4,0,0
BRDA:80,5,0,0
BRDA:80,5,1,0
BRDA:80,6,0,0
BRDA:80,6,1,0
BRDA:80,6,2,0
BRF:14
BRH:0
end_of_record
TN:
SF:src/components/Nav.svelte
FN:7,add_css
FN:11,create_fragment
FN:20,create
FN:38,claim
FN:41,mount
FN:52,destroy
FN:68,instance
FN:73,(anonymous_7)
FN:81,(anonymous_8)
FNF:9
FNH:0
FNDA:0,add_css
FNDA:0,create_fragment
FNDA:0,create
FNDA:0,claim
FNDA:0,mount
FNDA:0,destroy
FNDA:0,instance
FNDA:0,(anonymous_7)
FNDA:0,(anonymous_8)
DA:4,1
DA:5,1
DA:8,0
DA:19,0
DA:21,0
DA:22,0
DA:23,0
DA:24,0
DA:25,0
DA:26,0
DA:27,0
DA:28,0
DA:29,0
DA:30,0
DA:31,0
DA:32,0
DA:33,0
DA:34,0
DA:35,0
DA:36,0
DA:39,0
DA:42,0
DA:43,0
DA:44,0
DA:45,0
DA:46,0
DA:47,0
DA:53,0
DA:57,0
DA:65,0
DA:69,0
DA:70,0
DA:71,0
DA:73,0
DA:74,0
DA:77,0
DA:82,0
DA:83,0
DA:85,0
DA:94,1
LF:40
LH:3
BRDA:53,0,0,0
BRDA:53,0,1,0
BRDA:69,1,0,0
BRDA:74,2,0,0
BRDA:74,2,1,0
BRDA:74,3,0,0
BRDA:74,3,1,0
BRDA:74,3,2,0
BRF:8
BRH:0
end_of_record
TN:
SF:src/components/Terminal/Terminal.svelte
FN:11,add_css
FN:15,create_fragment
FN:29,create
FN:42,claim
FN:45,mount
FN:56,intro
FN:63,outro
FN:69,destroy
FN:88,instance
FN:93,(anonymous_9)
FN:97,(anonymous_10)
FN:108,(anonymous_11)
FNF:12
FNH:7
FNDA:4,add_css
FNDA:4,create_fragment
FNDA:4,create
FNDA:0,claim
FNDA:4,mount
FNDA:0,intro
FNDA:0,outro
FNDA:4,destroy
FNDA:4,instance
FNDA:0,(anonymous_9)
FNDA:0,(anonymous_10)
FNDA:4,(anonymous_11)
DA:4,1
DA:5,1
DA:6,1
DA:7,1
DA:8,1
DA:9,1
DA:12,4
DA:24,4
DA:25,4
DA:26,4
DA:28,4
DA:30,4
DA:31,4
DA:32,4
DA:33,4
DA:34,4
DA:35,4
DA:36,4
DA:37,4
DA:38,4
DA:39,4
DA:40,4
DA:43,0
DA:46,4
DA:47,4
DA:48,4
DA:49,4
DA:50,4
DA:51,4
DA:52,4
DA:53,4
DA:57,0
DA:58,0
DA:59,0
DA:60,0
DA:61,0
DA:64,0
DA:65,0
DA:66,0
DA:67,0
DA:70,4
DA:71,4
DA:72,4
DA:73,4
DA:77,4
DA:85,4
DA:89,4
DA:90,4
DA:91,4
DA:93,4
DA:94,0
DA:97,4
DA:104,4
DA:109,4
DA:110,4
DA:112,4
DA:121,1
LF:57
LH:46
BRDA:57,0,0,0
BRDA:57,0,1,0
BRDA:70,1,0,4
BRDA:70,1,1,0
BRDA:89,2,0,4
BRDA:94,3,0,0
BRDA:94,3,1,0
BRDA:94,4,0,0
BRDA:94,4,1,0
BRDA:94,4,2,0
BRF:10
BRH:2
end_of_record
TN:
SF:src/components/Terminal/TerminalContainer.svelte
FN:8,add_css
FN:12,get_each_context
FN:19,create_if_block
FN:23,create
FN:28,mount
FN:31,destroy
FN:48,create_each_block
FN:58,create
FN:69,mount
FN:77,update
FN:93,destroy
FN:110,create_fragment
FN:121,create
FN:131,claim
FN:134,mount
FN:141,update
FN:168,destroy
FN:185,instance
FN:188,(anonymous_18)
FN:193,(anonymous_19)
FN:197,(anonymous_20)
FN:202,(anonymous_21)
FNF:22
FNH:19
FNDA:4,add_css
FNDA:24,get_each_context
FNDA:9,create_if_block
FNDA:9,create
FNDA:9,mount
FNDA:9,destroy
FNDA:18,create_each_block
FNDA:18,create
FNDA:18,mount
FNDA:6,update
FNDA:18,destroy
FNDA:4,create_fragment
FNDA:4,create
FNDA:0,claim
FNDA:4,mount
FNDA:3,update
FNDA:4,destroy
FNDA:4,instance
FNDA:7,(anonymous_18)
FNDA:0,(anonymous_19)
FNDA:0,(anonymous_20)
FNDA:4,(anonymous_21)
DA:4,1
DA:5,1
DA:6,1
DA:9,4
DA:13,24
DA:14,24
DA:15,24
DA:22,9
DA:24,9
DA:25,9
DA:26,9
DA:29,9
DA:32,9
DA:36,9
DA:44,9
DA:52,18
DA:55,18
DA:57,18
DA:59,18
DA:60,18
DA:61,18
DA:62,18
DA:63,18
DA:64,18
DA:65,18
DA:66,18
DA:67,18
DA:70,18
DA:71,18
DA:72,18
DA:73,18
DA:74,18
DA:75,18
DA:78,6
DA:79,3
DA:82,0
DA:83,0
DA:84,0
DA:86,3
DA:87,0
DA:88,0
DA:91,6
DA:94,18
DA:95,18
DA:99,18
DA:107,18
DA:112,4
DA:113,4
DA:114,4
DA:116,4
DA:117,12
DA:120,4
DA:122,4
DA:124,4
DA:125,12
DA:128,4
DA:129,4
DA:132,0
DA:135,4
DA:137,4
DA:138,12
DA:142,3
DA:143,3
DA:144,3
DA:147,3
DA:148,12
DA:150,12
DA:151,6
DA:153,6
DA:154,6
DA:155,6
DA:159,3
DA:160,0
DA:163,3
DA:169,4
DA:170,4
DA:174,4
DA:182,4
DA:187,4
DA:188,7
DA:189,4
DA:190,4
DA:191,4
DA:193,4
DA:194,0
DA:197,4
DA:198,4
DA:203,4
DA:204,4
DA:206,4
DA:215,1
LF:91
LH:83
BRDA:32,0,0,0
BRDA:32,0,1,9
BRDA:55,1,0,18
BRDA:55,1,1,9
BRDA:60,2,0,9
BRDA:60,2,1,9
BRDA:71,3,0,9
BRDA:71,3,1,9
BRDA:78,4,0,3
BRDA:78,4,1,3
BRDA:79,5,0,3
BRDA:79,5,1,0
BRDA:86,6,0,0
BRDA:86,6,1,3
BRDA:91,7,0,0
BRDA:91,7,1,6
BRDA:91,8,0,6
BRDA:91,8,1,6
BRDA:94,9,0,0
BRDA:94,9,1,18
BRDA:95,10,0,9
BRDA:95,10,1,9
BRDA:142,11,0,3
BRDA:142,11,1,0
BRDA:150,12,0,6
BRDA:150,12,1,6
BRDA:169,13,0,0
BRDA:169,13,1,4
BRDA:189,14,0,4
BRDA:194,15,0,0
BRDA:194,15,1,0
BRDA:194,16,0,0
BRDA:194,16,1,0
BRDA:194,16,2,0
BRF:34
BRH:22
end_of_record
TN:
SF:src/components/Terminal/TerminalInput.svelte
FN:9,add_css
FN:13,create_fragment
FN:22,create
FN:36,claim
FN:39,mount
FN:58,destroy
FN:77,instance
FN:81,(anonymous_7)
FN:83,(anonymous_8)
FN:86,(anonymous_9)
FN:92,(anonymous_10)
FN:96,input_1_binding
FN:97,(anonymous_12)
FN:103,(anonymous_13)
FN:105,(anonymous_14)
FN:112,(anonymous_15)
FN:124,(anonymous_16)
FNF:17
FNH:12
FNDA:4,add_css
FNDA:4,create_fragment
FNDA:4,create
FNDA:0,claim
FNDA:4,mount
FNDA:4,destroy
FNDA:4,instance
FNDA:4,(anonymous_7)
FNDA:4,(anonymous_8)
FNDA:3,(anonymous_9)
FNDA:0,(anonymous_10)
FNDA:8,input_1_binding
FNDA:7,(anonymous_12)
FNDA:0,(anonymous_13)
FNDA:0,(anonymous_14)
FNDA:0,(anonymous_15)
FNDA:4,(anonymous_16)
DA:4,1
DA:5,1
DA:6,1
DA:7,1
DA:10,4
DA:21,4
DA:23,4
DA:24,4
DA:25,4
DA:26,4
DA:27,4
DA:28,4
DA:29,4
DA:30,4
DA:31,4
DA:32,4
DA:33,4
DA:34,4
DA:37,0
DA:40,4
DA:41,4
DA:42,4
DA:43,4
DA:44,4
DA:46,4
DA:47,4
DA:52,4
DA:59,4
DA:60,4
DA:61,4
DA:62,4
DA:66,4
DA:74,4
DA:78,4
DA:79,4
DA:81,4
DA:83,4
DA:84,4
DA:85,3
DA:86,3
DA:87,3
DA:90,4
DA:92,4
DA:93,0
DA:97,8
DA:98,7
DA:99,7
DA:103,4
DA:105,4
DA:112,4
DA:113,0
DA:116,4
DA:117,0
DA:120,4
DA:125,4
DA:126,4
DA:128,4
DA:137,1
LF:58
LH:54
BRDA:46,0,0,4
BRDA:46,0,1,0
BRDA:59,1,0,0
BRDA:59,1,1,4
BRDA:78,2,0,4
BRDA:84,3,0,1
BRDA:84,3,1,3
BRDA:93,4,0,0
BRDA:93,4,1,0
BRDA:93,5,0,0
BRDA:93,5,1,0
BRDA:93,5,2,0
BRDA:97,6,0,4
BRDA:97,6,1,4
BRDA:113,7,0,0
BRDA:113,7,1,0
BRDA:116,8,0,0
BRDA:116,8,1,4
BRDA:116,9,0,4
BRDA:116,9,1,4
BRF:20
BRH:10
end_of_record
TN:
SF:src/components/Terminal/TopBar.svelte
FN:7,add_css
FN:11,create_fragment
FN:28,create
FN:62,claim
FN:65,mount
FN:84,destroy
FN:100,instance
FN:105,(anonymous_7)
FN:113,(anonymous_8)
FNF:9
FNH:7
FNDA:4,add_css
FNDA:4,create_fragment
FNDA:4,create
FNDA:0,claim
FNDA:4,mount
FNDA:4,destroy
FNDA:4,instance
FNDA:0,(anonymous_7)
FNDA:4,(anonymous_8)
DA:4,1
DA:5,1
DA:8,4
DA:27,4
DA:29,4
DA:30,4
DA:31,4
DA:32,4
DA:33,4
DA:34,4
DA:35,4
DA:36,4
DA:37,4
DA:38,4
DA:39,4
DA:40,4
DA:41,4
DA:42,4
DA:43,4
DA:44,4
DA:45,4
DA:46,4
DA:47,4
DA:48,4
DA:49,4
DA:50,4
DA:51,4
DA:52,4
DA:53,4
DA:54,4
DA:55,4
DA:56,4
DA:57,4
DA:58,4
DA:59,4
DA:60,4
DA:63,0
DA:66,4
DA:67,4
DA:68,4
DA:69,4
DA:70,4
DA:71,4
DA:72,4
DA:73,4
DA:74,4
DA:75,4
DA:76,4
DA:77,4
DA:78,4
DA:79,4
DA:85,4
DA:89,4
DA:97,4
DA:101,4
DA:102,4
DA:103,4
DA:105,4
DA:106,0
DA:109,4
DA:114,4
DA:115,4
DA:117,4
DA:126,1
LF:64
LH:62
BRDA:85,0,0,0
BRDA:85,0,1,4
BRDA:101,1,0,4
BRDA:106,2,0,0
BRDA:106,2,1,0
BRDA:106,3,0,0
BRDA:106,3,1,0
BRDA:106,3,2,0
BRF:8
BRH:2
end_of_record
TN:
SF:src/stores/commandList.ts
FNF:0
FNH:0
DA:1,1
DA:4,1
LF:2
LH:2
BRF:0
BRH:0
end_of_record
